mode: set
feedshit/internal/middleware/middleware.go:33.42,37.2 3 1
feedshit/internal/middleware/middleware.go:39.64,51.2 6 1
feedshit/internal/middleware/middleware.go:53.83,57.47 4 1
feedshit/internal/middleware/middleware.go:57.47,58.13 1 1
feedshit/internal/middleware/middleware.go:58.13,62.4 3 0
feedshit/internal/middleware/middleware.go:63.3,63.23 1 1
feedshit/internal/middleware/middleware.go:65.2,65.41 1 1
feedshit/internal/middleware/middleware.go:68.48,72.2 3 1
feedshit/internal/middleware/middleware.go:75.61,78.41 3 0
feedshit/internal/middleware/middleware.go:78.41,80.3 1 0
feedshit/internal/middleware/middleware.go:81.2,81.11 1 0
feedshit/internal/middleware/middleware.go:84.41,86.21 2 1
feedshit/internal/middleware/middleware.go:86.21,89.41 3 0
feedshit/internal/middleware/middleware.go:89.41,90.31 1 0
feedshit/internal/middleware/middleware.go:90.31,92.5 1 0
feedshit/internal/middleware/middleware.go:94.3,94.17 1 0
feedshit/internal/middleware/middleware.go:98.39,102.2 3 1
feedshit/internal/middleware/middleware.go:105.57,106.30 1 0
feedshit/internal/middleware/middleware.go:106.30,108.32 2 0
feedshit/internal/middleware/middleware.go:108.32,109.38 1 0
feedshit/internal/middleware/middleware.go:109.38,112.5 2 0
feedshit/internal/middleware/middleware.go:112.10,114.5 1 0
feedshit/internal/middleware/middleware.go:115.4,115.10 1 0
feedshit/internal/middleware/middleware.go:117.3,117.51 1 0
feedshit/internal/middleware/middleware.go:117.51,122.4 4 0
feedshit/internal/middleware/middleware.go:122.9,123.38 1 0
feedshit/internal/middleware/middleware.go:123.38,126.5 2 0
feedshit/internal/middleware/middleware.go:126.10,128.5 1 0
feedshit/internal/middleware/middleware.go:133.35,135.2 1 1
feedshit/internal/middleware/middleware.go:143.50,146.30 3 1
feedshit/internal/middleware/middleware.go:146.30,149.30 3 1
feedshit/internal/middleware/middleware.go:149.30,153.4 3 1
feedshit/internal/middleware/middleware.go:154.3,154.11 1 1
feedshit/internal/middleware/middleware.go:162.57,163.30 1 0
feedshit/internal/middleware/middleware.go:163.30,165.95 1 0
feedshit/internal/middleware/middleware.go:165.95,168.4 2 0
feedshit/internal/middleware/middleware.go:170.3,171.39 2 0
feedshit/internal/middleware/middleware.go:171.39,174.4 2 0
feedshit/internal/middleware/middleware.go:177.3,177.49 1 0
feedshit/internal/middleware/middleware.go:177.49,180.4 2 0
feedshit/internal/middleware/middleware.go:183.3,186.89 3 0
feedshit/internal/middleware/middleware.go:186.89,190.4 3 0
feedshit/internal/middleware/middleware.go:191.3,191.11 1 0
feedshit/internal/middleware/middleware.go:196.67,199.2 2 0
feedshit/internal/middleware/middleware.go:208.34,212.2 3 0
feedshit/internal/middleware/middleware.go:215.54,218.42 3 0
feedshit/internal/middleware/middleware.go:218.42,220.3 1 0
feedshit/internal/middleware/middleware.go:221.2,222.13 2 0
feedshit/internal/middleware/middleware.go:225.37,227.21 2 0
feedshit/internal/middleware/middleware.go:227.21,230.32 3 0
feedshit/internal/middleware/middleware.go:230.32,231.24 1 0
feedshit/internal/middleware/middleware.go:231.24,233.5 1 0
feedshit/internal/middleware/middleware.go:235.3,235.17 1 0
feedshit/internal/middleware/middleware.go:248.67,256.2 3 0
feedshit/internal/middleware/middleware.go:259.56,265.30 6 0
feedshit/internal/middleware/middleware.go:265.30,266.23 1 0
feedshit/internal/middleware/middleware.go:266.23,268.4 1 0
feedshit/internal/middleware/middleware.go:270.2,271.28 2 0
feedshit/internal/middleware/middleware.go:275.56,279.2 3 0
feedshit/internal/middleware/middleware.go:282.56,286.2 3 0
feedshit/internal/middleware/middleware.go:289.59,294.36 5 0
feedshit/internal/middleware/middleware.go:294.36,295.23 1 0
feedshit/internal/middleware/middleware.go:295.23,297.4 1 0
feedshit/internal/middleware/middleware.go:299.2,299.14 1 0
feedshit/internal/middleware/middleware.go:302.45,304.21 2 0
feedshit/internal/middleware/middleware.go:304.21,307.40 3 0
feedshit/internal/middleware/middleware.go:307.40,309.32 2 0
feedshit/internal/middleware/middleware.go:309.32,310.25 1 0
feedshit/internal/middleware/middleware.go:310.25,312.6 1 0
feedshit/internal/middleware/middleware.go:314.4,314.23 1 0
feedshit/internal/middleware/middleware.go:314.23,316.5 1 0
feedshit/internal/middleware/middleware.go:316.10,318.5 1 0
feedshit/internal/middleware/middleware.go:320.3,320.16 1 0
feedshit/internal/middleware/middleware.go:332.50,339.2 3 0
feedshit/internal/middleware/middleware.go:341.46,350.26 7 0
feedshit/internal/middleware/middleware.go:350.26,351.22 1 0
feedshit/internal/middleware/middleware.go:351.22,353.4 1 0
feedshit/internal/middleware/middleware.go:356.2,356.31 1 0
feedshit/internal/middleware/middleware.go:356.31,359.3 2 0
feedshit/internal/middleware/middleware.go:361.2,362.13 2 0
feedshit/internal/middleware/middleware.go:365.45,371.35 5 0
feedshit/internal/middleware/middleware.go:371.35,372.22 1 0
feedshit/internal/middleware/middleware.go:372.22,374.4 1 0
feedshit/internal/middleware/middleware.go:376.2,376.14 1 0
feedshit/internal/middleware/middleware.go:379.38,381.21 2 0
feedshit/internal/middleware/middleware.go:381.21,384.37 3 0
feedshit/internal/middleware/middleware.go:384.37,386.28 2 0
feedshit/internal/middleware/middleware.go:386.28,387.24 1 0
feedshit/internal/middleware/middleware.go:387.24,389.6 1 0
feedshit/internal/middleware/middleware.go:391.4,391.23 1 0
feedshit/internal/middleware/middleware.go:391.23,393.5 1 0
feedshit/internal/middleware/middleware.go:393.10,395.5 1 0
feedshit/internal/middleware/middleware.go:397.3,397.17 1 0
feedshit/internal/middleware/middleware.go:401.59,402.30 1 0
feedshit/internal/middleware/middleware.go:402.30,404.20 2 0
feedshit/internal/middleware/middleware.go:404.20,412.4 4 0
feedshit/internal/middleware/middleware.go:413.3,413.11 1 0
feedshit/internal/middleware/middleware.go:419.73,422.16 2 1
feedshit/internal/middleware/middleware.go:422.16,424.3 1 1
feedshit/internal/middleware/middleware.go:425.2,427.14 3 1
feedshit/internal/middleware/middleware.go:427.14,429.3 1 1
feedshit/internal/middleware/middleware.go:430.2,430.16 1 1
feedshit/internal/middleware/middleware.go:430.16,432.3 1 1
feedshit/internal/middleware/middleware.go:435.2,440.41 5 1
feedshit/internal/middleware/middleware.go:440.41,442.3 1 1
feedshit/internal/middleware/middleware.go:444.2,444.13 1 1
feedshit/internal/middleware/middleware.go:449.38,451.2 1 1
feedshit/internal/middleware/middleware.go:455.41,457.20 2 0
feedshit/internal/middleware/middleware.go:457.20,459.3 1 0
feedshit/internal/middleware/middleware.go:466.2,466.32 1 0
feedshit/internal/middleware/middleware.go:466.32,468.3 1 0
feedshit/internal/middleware/middleware.go:472.2,472.35 1 0
feedshit/internal/middleware/middleware.go:472.35,474.3 1 0
feedshit/internal/middleware/middleware.go:476.2,477.41 2 0
feedshit/internal/middleware/middleware.go:477.41,478.34 1 0
feedshit/internal/middleware/middleware.go:478.34,480.9 2 0
feedshit/internal/middleware/middleware.go:483.2,483.14 1 0
feedshit/internal/middleware/middleware.go:483.14,485.3 1 0
feedshit/internal/middleware/middleware.go:487.2,487.26 1 0
feedshit/internal/middleware/middleware.go:488.20,490.54 1 0
feedshit/internal/middleware/middleware.go:490.54,492.4 1 0
feedshit/internal/middleware/middleware.go:493.17,495.55 1 0
feedshit/internal/middleware/middleware.go:495.55,497.51 2 0
feedshit/internal/middleware/middleware.go:497.51,499.5 1 0
feedshit/internal/middleware/middleware.go:501.3,501.49 1 0
feedshit/internal/middleware/middleware.go:501.49,503.4 1 0
feedshit/internal/middleware/middleware.go:504.10,506.54 1 0
feedshit/internal/middleware/middleware.go:506.54,508.4 1 0
feedshit/internal/middleware/middleware.go:510.3,510.55 1 0
feedshit/internal/middleware/middleware.go:510.55,512.51 2 0
feedshit/internal/middleware/middleware.go:512.51,514.5 1 0
feedshit/internal/middleware/middleware.go:517.3,517.49 1 0
feedshit/internal/middleware/middleware.go:517.49,519.4 1 0
feedshit/internal/middleware/middleware.go:521.3,521.49 1 0
feedshit/internal/middleware/middleware.go:521.49,522.50 1 0
feedshit/internal/middleware/middleware.go:522.50,524.58 2 0
feedshit/internal/middleware/middleware.go:524.58,527.57 3 0
feedshit/internal/middleware/middleware.go:527.57,529.7 1 0
feedshit/internal/middleware/middleware.go:530.6,531.22 2 0
feedshit/internal/middleware/middleware.go:531.22,533.7 1 0
feedshit/internal/middleware/middleware.go:538.2,538.17 1 0
feedshit/internal/middleware/middleware.go:552.42,556.2 3 0
feedshit/internal/middleware/middleware.go:558.35,562.2 3 0
feedshit/internal/middleware/middleware.go:565.38,568.18 3 0
feedshit/internal/middleware/middleware.go:569.47,570.25 1 0
feedshit/internal/middleware/middleware.go:571.10,572.23 1 0
feedshit/internal/middleware/middleware.go:576.30,580.2 3 0
feedshit/internal/middleware/middleware.go:583.30,585.2 1 0
feedshit/internal/middleware/middleware.go:588.37,590.18 2 1
feedshit/internal/middleware/middleware.go:590.18,592.3 1 1
feedshit/internal/middleware/middleware.go:593.2,595.26 3 1
feedshit/internal/middleware/middleware.go:595.26,597.47 2 1
feedshit/internal/middleware/middleware.go:597.47,599.4 1 1
feedshit/internal/middleware/middleware.go:601.2,601.57 1 0
feedshit/cmd/feedshit/main.go:25.13,30.58 3 0
feedshit/cmd/feedshit/main.go:30.58,32.3 1 0
feedshit/cmd/feedshit/main.go:33.2,33.57 1 0
feedshit/cmd/feedshit/main.go:33.57,35.3 1 0
feedshit/cmd/feedshit/main.go:39.2,40.40 2 0
feedshit/cmd/feedshit/main.go:40.40,42.36 2 0
feedshit/cmd/feedshit/main.go:42.36,44.50 2 0
feedshit/cmd/feedshit/main.go:44.50,46.5 1 0
feedshit/cmd/feedshit/main.go:47.4,47.61 1 0
feedshit/cmd/feedshit/main.go:47.61,49.5 1 0
feedshit/cmd/feedshit/main.go:50.4,50.52 1 0
feedshit/cmd/feedshit/main.go:50.52,52.5 1 0
feedshit/cmd/feedshit/main.go:53.4,54.94 2 0
feedshit/cmd/feedshit/main.go:55.9,56.52 1 0
feedshit/cmd/feedshit/main.go:56.52,58.5 1 0
feedshit/cmd/feedshit/main.go:59.4,59.62 1 0
feedshit/cmd/feedshit/main.go:61.8,63.3 1 0
feedshit/cmd/feedshit/main.go:66.2,67.16 2 0
feedshit/cmd/feedshit/main.go:67.16,69.3 1 0
feedshit/cmd/feedshit/main.go:70.2,76.46 3 0
feedshit/cmd/feedshit/main.go:76.46,78.3 1 0
feedshit/cmd/feedshit/main.go:81.2,88.57 6 0
feedshit/cmd/feedshit/main.go:88.57,90.3 1 0
feedshit/cmd/feedshit/main.go:90.8,93.3 2 0
feedshit/cmd/feedshit/main.go:96.2,96.12 1 0
feedshit/cmd/feedshit/main.go:96.12,97.7 1 0
feedshit/cmd/feedshit/main.go:97.7,101.59 4 0
feedshit/cmd/feedshit/main.go:101.59,103.5 1 0
feedshit/cmd/feedshit/main.go:103.10,106.5 2 0
feedshit/cmd/feedshit/main.go:111.2,111.12 1 0
feedshit/cmd/feedshit/main.go:111.12,114.22 3 0
feedshit/cmd/feedshit/main.go:114.22,115.84 1 0
feedshit/cmd/feedshit/main.go:115.84,118.5 2 0
feedshit/cmd/feedshit/main.go:123.2,123.12 1 0
feedshit/cmd/feedshit/main.go:123.12,124.7 1 0
feedshit/cmd/feedshit/main.go:124.7,128.30 4 0
feedshit/cmd/feedshit/main.go:128.30,131.5 2 0
feedshit/cmd/feedshit/main.go:132.4,132.43 1 0
feedshit/cmd/feedshit/main.go:132.43,134.5 1 0
feedshit/cmd/feedshit/main.go:135.4,138.80 4 0
feedshit/cmd/feedshit/main.go:138.80,139.67 1 0
feedshit/cmd/feedshit/main.go:139.67,141.6 1 0
feedshit/cmd/feedshit/main.go:142.5,142.54 1 0
feedshit/cmd/feedshit/main.go:143.10,145.5 1 0
feedshit/cmd/feedshit/main.go:150.2,158.33 7 0
feedshit/cmd/feedshit/main.go:158.33,160.3 1 0
feedshit/cmd/feedshit/main.go:160.8,162.3 1 0
feedshit/cmd/feedshit/main.go:165.2,177.12 8 0
feedshit/cmd/feedshit/main.go:177.12,184.43 7 0
feedshit/cmd/feedshit/main.go:184.43,186.4 1 0
feedshit/cmd/feedshit/main.go:189.2,189.76 1 0
feedshit/cmd/feedshit/main.go:189.76,191.3 1 0
feedshit/cmd/feedshit/main.go:192.2,192.32 1 0
feedshit/cmd/feedshit/main.go:196.73,197.18 1 1
feedshit/cmd/feedshit/main.go:197.18,199.3 1 1
feedshit/cmd/feedshit/main.go:200.2,201.16 2 1
feedshit/cmd/feedshit/main.go:201.16,204.3 2 0
feedshit/cmd/feedshit/main.go:205.2,205.16 1 1
feedshit/cmd/feedshit/main.go:205.16,207.3 1 1
feedshit/internal/email/email.go:24.63,26.2 1 0
feedshit/internal/email/email.go:29.66,33.23 3 0
feedshit/internal/email/email.go:33.23,35.3 1 0
feedshit/internal/email/email.go:37.2,44.28 7 0
feedshit/internal/email/email.go:44.28,47.3 2 0
feedshit/internal/email/email.go:49.2,49.16 1 0
feedshit/internal/email/email.go:49.16,51.3 1 0
feedshit/internal/email/email.go:52.2,52.16 1 0
feedshit/internal/email/email.go:52.16,54.3 1 0
feedshit/internal/email/email.go:56.2,57.16 2 0
feedshit/internal/email/email.go:57.16,59.3 1 0
feedshit/internal/email/email.go:61.2,113.28 15 0
feedshit/internal/email/email.go:113.28,115.3 1 0
feedshit/internal/email/email.go:117.2,118.76 2 0
feedshit/internal/email/email.go:118.76,120.3 1 0
feedshit/internal/email/email.go:120.8,122.3 1 0
feedshit/internal/email/email.go:125.62,127.16 2 0
feedshit/internal/email/email.go:127.16,129.3 1 0
feedshit/internal/email/email.go:130.2,131.28 2 0
feedshit/internal/email/email.go:131.28,133.3 1 0
feedshit/internal/email/email.go:134.2,134.10 1 0
feedshit/internal/email/email.go:139.64,142.25 2 1
feedshit/internal/email/email.go:142.25,143.18 1 1
feedshit/internal/email/email.go:143.18,146.49 2 1
feedshit/internal/email/email.go:146.49,148.5 1 1
feedshit/internal/email/email.go:150.3,150.48 1 1
feedshit/internal/email/email.go:152.2,152.12 1 1
feedshit/internal/email/email.go:156.85,158.15 2 1
feedshit/internal/email/email.go:158.15,160.3 1 1
feedshit/internal/email/email.go:161.2,161.85 1 1
feedshit/internal/email/email.go:165.82,167.15 2 1
feedshit/internal/email/email.go:167.15,169.3 1 0
feedshit/internal/email/email.go:171.2,193.73 8 1
feedshit/internal/email/email.go:197.85,199.15 2 0
feedshit/internal/email/email.go:199.15,201.3 1 0
feedshit/internal/email/email.go:202.2,202.70 1 0
feedshit/internal/email/email.go:206.82,208.15 2 0
feedshit/internal/email/email.go:208.15,210.3 1 0
feedshit/internal/email/email.go:211.2,219.52 3 0
feedshit/internal/email/email.go:223.78,225.15 2 0
feedshit/internal/email/email.go:225.15,227.3 1 0
feedshit/internal/email/email.go:228.2,228.70 1 0
feedshit/internal/email/email.go:232.75,234.15 2 0
feedshit/internal/email/email.go:234.15,236.3 1 0
feedshit/internal/email/email.go:237.2,247.53 4 0
feedshit/internal/email/email.go:251.96,252.27 1 0
feedshit/internal/email/email.go:252.27,254.3 1 0
feedshit/internal/email/email.go:256.2,263.16 7 0
feedshit/internal/email/email.go:263.16,266.3 2 0
feedshit/internal/email/email.go:268.2,268.16 1 0
feedshit/internal/email/email.go:268.16,270.3 1 0
feedshit/internal/email/email.go:271.2,271.16 1 0
feedshit/internal/email/email.go:271.16,273.3 1 0
feedshit/internal/email/email.go:275.2,276.16 2 0
feedshit/internal/email/email.go:276.16,278.3 1 0
feedshit/internal/email/email.go:280.2,285.91 4 0
feedshit/internal/email/email.go:285.91,287.3 1 0
feedshit/internal/email/email.go:287.8,289.3 1 0
feedshit/internal/email/email.go:295.77,297.15 2 0
feedshit/internal/email/email.go:297.15,299.3 1 0
feedshit/internal/email/email.go:300.2,300.79 1 0
feedshit/internal/email/email.go:304.74,306.15 2 0
feedshit/internal/email/email.go:306.15,308.3 1 0
feedshit/internal/email/email.go:309.2,319.46 4 0
feedshit/internal/email/email.go:323.73,324.27 1 0
feedshit/internal/email/email.go:324.27,326.3 1 0
feedshit/internal/email/email.go:328.2,335.16 7 0
feedshit/internal/email/email.go:335.16,338.3 2 0
feedshit/internal/email/email.go:339.2,339.16 1 0
feedshit/internal/email/email.go:339.16,341.3 1 0
feedshit/internal/email/email.go:342.2,342.16 1 0
feedshit/internal/email/email.go:342.16,344.3 1 0
feedshit/internal/email/email.go:345.2,346.16 2 0
feedshit/internal/email/email.go:346.16,348.3 1 0
feedshit/internal/email/email.go:350.2,363.91 7 0
feedshit/internal/email/email.go:363.91,365.3 1 0
feedshit/internal/email/email.go:365.8,367.3 1 0
feedshit/internal/email/email.go:372.53,380.28 7 0
feedshit/internal/email/email.go:380.28,383.3 2 0
feedshit/internal/email/email.go:385.2,385.16 1 0
feedshit/internal/email/email.go:385.16,387.3 1 0
feedshit/internal/email/email.go:388.2,388.16 1 0
feedshit/internal/email/email.go:388.16,390.3 1 0
feedshit/internal/email/email.go:392.2,393.16 2 0
feedshit/internal/email/email.go:393.16,395.3 1 0
feedshit/internal/email/email.go:397.2,402.28 4 0
feedshit/internal/email/email.go:402.28,404.3 1 0
feedshit/internal/email/email.go:406.2,408.76 2 0
feedshit/internal/email/email.go:408.76,410.3 1 0
feedshit/internal/email/email.go:410.8,412.3 1 0
feedshit/internal/email/email.go:417.88,419.16 2 0
feedshit/internal/email/email.go:419.16,421.3 1 0
feedshit/internal/email/email.go:422.2,423.20 2 0
feedshit/internal/email/email.go:423.20,432.17 4 0
feedshit/internal/email/email.go:432.17,434.4 1 0
feedshit/internal/email/email.go:435.3,436.17 2 0
feedshit/internal/email/email.go:436.17,439.4 2 0
feedshit/internal/email/email.go:440.3,441.37 2 0
feedshit/internal/email/email.go:441.37,443.4 1 0
feedshit/internal/email/email.go:444.3,444.37 1 0
feedshit/internal/email/email.go:444.37,446.4 1 0
feedshit/internal/email/email.go:447.3,447.24 1 0
feedshit/internal/email/email.go:447.24,448.35 1 0
feedshit/internal/email/email.go:448.35,450.5 1 0
feedshit/internal/email/email.go:452.3,453.17 2 0
feedshit/internal/email/email.go:453.17,455.4 1 0
feedshit/internal/email/email.go:456.3,456.40 1 0
feedshit/internal/email/email.go:456.40,458.4 1 0
feedshit/internal/email/email.go:459.3,459.19 1 0
feedshit/internal/email/email.go:466.2,466.49 1 0
feedshit/internal/security/security.go:36.19,38.15 2 1
feedshit/internal/security/security.go:38.15,40.3 1 1
feedshit/internal/security/security.go:43.2,43.20 1 1
feedshit/internal/security/security.go:43.20,44.78 1 0
feedshit/internal/security/security.go:44.78,46.4 1 0
feedshit/internal/security/security.go:50.2,50.20 1 1
feedshit/internal/security/security.go:50.20,52.3 1 1
feedshit/internal/security/security.go:53.2,53.34 1 0
feedshit/internal/security/security.go:59.36,61.2 1 1
feedshit/internal/security/security.go:64.37,65.20 1 1
feedshit/internal/security/security.go:65.20,67.3 1 1
feedshit/internal/security/security.go:68.2,71.12 4 1
feedshit/internal/security/security.go:76.60,77.20 1 1
feedshit/internal/security/security.go:77.20,79.3 1 0
feedshit/internal/security/security.go:80.2,81.16 2 1
feedshit/internal/security/security.go:81.16,83.3 1 0
feedshit/internal/security/security.go:84.2,85.16 2 1
feedshit/internal/security/security.go:85.16,87.3 1 0
feedshit/internal/security/security.go:88.2,89.59 2 1
feedshit/internal/security/security.go:89.59,91.3 1 0
feedshit/internal/security/security.go:93.2,94.64 2 1
feedshit/internal/security/security.go:99.56,100.39 1 1
feedshit/internal/security/security.go:100.39,102.3 1 0
feedshit/internal/security/security.go:103.2,104.16 2 1
feedshit/internal/security/security.go:104.16,106.3 1 1
feedshit/internal/security/security.go:107.2,108.26 2 1
feedshit/internal/security/security.go:108.26,110.3 1 0
feedshit/internal/security/security.go:111.2,113.16 3 1
feedshit/internal/security/security.go:113.16,115.3 1 0
feedshit/internal/security/security.go:116.2,117.16 2 1
feedshit/internal/security/security.go:117.16,119.3 1 0
feedshit/internal/security/security.go:120.2,121.16 2 1
feedshit/internal/security/security.go:121.16,123.3 1 1
feedshit/internal/security/security.go:124.2,124.23 1 1
feedshit/internal/security/security.go:128.58,129.26 1 1
feedshit/internal/security/security.go:129.26,131.3 1 1
feedshit/internal/security/security.go:132.2,132.46 1 1
feedshit/internal/security/security.go:136.54,137.26 1 1
feedshit/internal/security/security.go:137.26,139.3 1 0
feedshit/internal/security/security.go:140.2,141.16 2 1
feedshit/internal/security/security.go:141.16,143.3 1 0
feedshit/internal/security/security.go:144.2,144.23 1 1
feedshit/internal/security/security.go:148.33,150.2 1 1
feedshit/internal/security/security.go:155.41,156.26 1 0
feedshit/internal/security/security.go:156.26,158.3 1 0
feedshit/internal/security/security.go:159.2,160.16 2 0
feedshit/internal/security/security.go:160.16,162.3 1 0
feedshit/internal/security/security.go:163.2,164.16 2 0
feedshit/internal/security/security.go:164.16,166.3 1 0
feedshit/internal/security/security.go:167.2,168.16 2 0
feedshit/internal/security/security.go:168.16,170.3 1 0
feedshit/internal/security/security.go:171.2,172.59 2 0
feedshit/internal/security/security.go:172.59,174.3 1 0
feedshit/internal/security/security.go:176.2,177.53 2 0
feedshit/internal/security/security.go:177.53,179.3 1 0
feedshit/internal/security/security.go:180.2,180.12 1 0
feedshit/internal/security/security.go:187.41,188.26 1 0
feedshit/internal/security/security.go:188.26,190.3 1 0
feedshit/internal/security/security.go:191.2,192.16 2 0
feedshit/internal/security/security.go:192.16,194.3 1 0
feedshit/internal/security/security.go:195.2,196.32 2 0
feedshit/internal/security/security.go:196.32,198.3 1 0
feedshit/internal/security/security.go:199.2,201.16 3 0
feedshit/internal/security/security.go:201.16,203.3 1 0
feedshit/internal/security/security.go:204.2,205.16 2 0
feedshit/internal/security/security.go:205.16,207.3 1 0
feedshit/internal/security/security.go:208.2,209.16 2 0
feedshit/internal/security/security.go:209.16,211.3 1 0
feedshit/internal/security/security.go:212.2,212.59 1 0
feedshit/internal/security/security.go:212.59,214.3 1 0
feedshit/internal/security/security.go:215.2,215.12 1 0
feedshit/internal/database/database.go:153.52,155.47 2 0
feedshit/internal/database/database.go:155.47,157.3 1 0
feedshit/internal/database/database.go:159.2,160.16 2 0
feedshit/internal/database/database.go:160.16,162.3 1 0
feedshit/internal/database/database.go:166.2,170.35 4 0
feedshit/internal/database/database.go:170.35,173.3 2 0
feedshit/internal/database/database.go:174.2,174.15 1 0
feedshit/internal/database/database.go:178.43,180.16 2 1
feedshit/internal/database/database.go:180.16,182.3 1 0
feedshit/internal/database/database.go:185.2,188.35 4 1
feedshit/internal/database/database.go:188.35,191.3 2 0
feedshit/internal/database/database.go:192.2,192.15 1 1
feedshit/internal/database/database.go:195.35,203.28 2 1
feedshit/internal/database/database.go:203.28,204.41 1 1
feedshit/internal/database/database.go:204.41,206.4 1 0
feedshit/internal/database/database.go:208.2,208.20 1 1
feedshit/internal/database/database.go:211.36,257.45 2 1
feedshit/internal/database/database.go:257.45,259.3 1 0
feedshit/internal/database/database.go:263.2,263.108 1 1
feedshit/internal/database/database.go:263.108,265.3 1 0
feedshit/internal/database/database.go:266.2,266.112 1 1
feedshit/internal/database/database.go:266.112,268.3 1 0
feedshit/internal/database/database.go:269.2,269.113 1 1
feedshit/internal/database/database.go:269.113,271.3 1 0
feedshit/internal/database/database.go:272.2,272.114 1 1
feedshit/internal/database/database.go:272.114,274.3 1 0
feedshit/internal/database/database.go:275.2,275.108 1 1
feedshit/internal/database/database.go:275.108,277.3 1 0
feedshit/internal/database/database.go:278.2,278.114 1 1
feedshit/internal/database/database.go:278.114,280.3 1 0
feedshit/internal/database/database.go:281.2,281.114 1 1
feedshit/internal/database/database.go:281.114,283.3 1 0
feedshit/internal/database/database.go:285.2,285.112 1 1
feedshit/internal/database/database.go:285.112,287.3 1 0
feedshit/internal/database/database.go:288.2,288.126 1 1
feedshit/internal/database/database.go:288.126,290.3 1 0
feedshit/internal/database/database.go:291.2,291.112 1 1
feedshit/internal/database/database.go:291.112,293.3 1 0
feedshit/internal/database/database.go:294.2,294.108 1 1
feedshit/internal/database/database.go:294.108,296.3 1 0
feedshit/internal/database/database.go:297.2,297.126 1 1
feedshit/internal/database/database.go:297.126,299.3 1 0
feedshit/internal/database/database.go:302.2,302.117 1 1
feedshit/internal/database/database.go:302.117,304.3 1 0
feedshit/internal/database/database.go:305.2,305.114 1 1
feedshit/internal/database/database.go:305.114,307.3 1 0
feedshit/internal/database/database.go:308.2,308.114 1 1
feedshit/internal/database/database.go:308.114,310.3 1 0
feedshit/internal/database/database.go:313.2,323.17 1 1
feedshit/internal/database/database.go:323.17,325.3 1 0
feedshit/internal/database/database.go:328.2,337.17 1 1
feedshit/internal/database/database.go:337.17,339.3 1 0
feedshit/internal/database/database.go:342.2,352.17 1 1
feedshit/internal/database/database.go:352.17,354.3 1 0
feedshit/internal/database/database.go:357.2,357.112 1 1
feedshit/internal/database/database.go:357.112,359.3 1 0
feedshit/internal/database/database.go:362.2,372.17 1 1
feedshit/internal/database/database.go:372.17,374.3 1 0
feedshit/internal/database/database.go:377.2,377.78 1 1
feedshit/internal/database/database.go:377.78,379.3 1 0
feedshit/internal/database/database.go:382.2,388.17 1 1
feedshit/internal/database/database.go:388.17,390.3 1 0
feedshit/internal/database/database.go:393.2,405.17 1 1
feedshit/internal/database/database.go:405.17,407.3 1 0
feedshit/internal/database/database.go:410.2,425.17 1 1
feedshit/internal/database/database.go:425.17,427.3 1 0
feedshit/internal/database/database.go:432.2,432.119 1 1
feedshit/internal/database/database.go:432.119,434.3 1 0
feedshit/internal/database/database.go:435.2,435.114 1 1
feedshit/internal/database/database.go:435.114,437.3 1 0
feedshit/internal/database/database.go:440.2,440.113 1 1
feedshit/internal/database/database.go:440.113,442.3 1 0
feedshit/internal/database/database.go:443.2,443.116 1 1
feedshit/internal/database/database.go:443.116,445.3 1 0
feedshit/internal/database/database.go:447.2,447.114 1 1
feedshit/internal/database/database.go:447.114,449.3 1 0
feedshit/internal/database/database.go:450.2,450.111 1 1
feedshit/internal/database/database.go:450.111,452.3 1 0
feedshit/internal/database/database.go:455.2,462.17 1 1
feedshit/internal/database/database.go:462.17,464.3 1 0
feedshit/internal/database/database.go:467.2,475.17 1 1
feedshit/internal/database/database.go:475.17,477.3 1 0
feedshit/internal/database/database.go:480.2,502.17 1 1
feedshit/internal/database/database.go:502.17,504.3 1 0
feedshit/internal/database/database.go:507.2,507.50 1 1
feedshit/internal/database/database.go:507.50,509.3 1 0
feedshit/internal/database/database.go:512.2,518.17 1 1
feedshit/internal/database/database.go:518.17,520.3 1 0
feedshit/internal/database/database.go:522.2,522.12 1 1
feedshit/internal/database/database.go:528.51,529.43 1 1
feedshit/internal/database/database.go:529.43,530.35 1 1
feedshit/internal/database/database.go:530.35,532.4 1 1
feedshit/internal/database/database.go:533.3,533.59 1 1
feedshit/internal/database/database.go:535.2,535.12 1 1
feedshit/internal/database/database.go:542.46,543.16 1 1
feedshit/internal/database/database.go:543.16,545.3 1 1
feedshit/internal/database/database.go:546.2,548.42 2 1
feedshit/internal/database/database.go:552.63,557.18 4 1
feedshit/internal/database/database.go:557.18,559.3 1 0
feedshit/internal/database/database.go:560.2,565.16 2 1
feedshit/internal/database/database.go:565.16,567.3 1 0
feedshit/internal/database/database.go:568.2,569.16 2 1
feedshit/internal/database/database.go:569.16,571.3 1 0
feedshit/internal/database/database.go:572.2,574.16 3 1
feedshit/internal/database/database.go:581.73,582.20 1 1
feedshit/internal/database/database.go:582.20,584.3 1 1
feedshit/internal/database/database.go:586.2,590.26 4 1
feedshit/internal/database/database.go:590.26,591.34 1 1
feedshit/internal/database/database.go:591.34,593.4 1 1
feedshit/internal/database/database.go:593.9,593.43 1 1
feedshit/internal/database/database.go:593.43,595.45 2 1
feedshit/internal/database/database.go:595.45,598.5 2 1
feedshit/internal/database/database.go:599.4,600.32 2 1
feedshit/internal/database/database.go:605.2,605.33 1 1
feedshit/internal/database/database.go:605.33,608.3 2 1
feedshit/internal/database/database.go:608.8,608.39 1 1
feedshit/internal/database/database.go:608.39,611.39 3 0
feedshit/internal/database/database.go:611.39,614.4 2 0
feedshit/internal/database/database.go:615.3,616.35 2 0
feedshit/internal/database/database.go:619.2,619.28 1 1
feedshit/internal/database/database.go:619.28,621.3 1 0
feedshit/internal/database/database.go:622.2,622.28 1 1
feedshit/internal/database/database.go:622.28,624.3 1 1
feedshit/internal/database/database.go:625.2,625.68 1 1
feedshit/internal/database/database.go:630.127,635.31 3 0
feedshit/internal/database/database.go:635.31,637.3 1 0
feedshit/internal/database/database.go:638.2,638.16 1 0
feedshit/internal/database/database.go:638.16,640.3 1 0
feedshit/internal/database/database.go:642.2,651.23 7 0
feedshit/internal/database/database.go:651.23,653.3 1 0
feedshit/internal/database/database.go:653.8,653.33 1 0
feedshit/internal/database/database.go:653.33,656.3 2 0
feedshit/internal/database/database.go:656.8,656.32 1 0
feedshit/internal/database/database.go:656.32,658.34 2 0
feedshit/internal/database/database.go:658.34,661.4 2 0
feedshit/internal/database/database.go:662.3,662.75 1 0
feedshit/internal/database/database.go:665.2,666.16 2 0
feedshit/internal/database/database.go:666.16,668.3 1 0
feedshit/internal/database/database.go:670.2,675.16 3 0
feedshit/internal/database/database.go:675.16,677.3 1 0
feedshit/internal/database/database.go:678.2,681.18 3 0
feedshit/internal/database/database.go:681.18,686.335 5 0
feedshit/internal/database/database.go:686.335,688.4 1 0
feedshit/internal/database/database.go:689.3,692.25 4 0
feedshit/internal/database/database.go:694.2,694.19 1 0
feedshit/internal/database/database.go:694.19,698.26 4 0
feedshit/internal/database/database.go:698.26,702.4 3 0
feedshit/internal/database/database.go:703.3,704.18 2 0
feedshit/internal/database/database.go:704.18,707.21 3 0
feedshit/internal/database/database.go:707.21,710.36 3 0
feedshit/internal/database/database.go:710.36,712.6 1 0
feedshit/internal/database/database.go:714.4,714.24 1 0
feedshit/internal/database/database.go:714.24,716.5 1 0
feedshit/internal/database/database.go:719.2,719.25 1 0
feedshit/internal/database/database.go:724.183,729.31 3 0
feedshit/internal/database/database.go:729.31,731.3 1 0
feedshit/internal/database/database.go:732.2,732.16 1 0
feedshit/internal/database/database.go:732.16,734.3 1 0
feedshit/internal/database/database.go:736.2,739.23 3 0
feedshit/internal/database/database.go:739.23,742.22 2 0
feedshit/internal/database/database.go:742.22,746.4 2 0
feedshit/internal/database/database.go:747.8,747.33 1 0
feedshit/internal/database/database.go:747.33,750.3 2 0
feedshit/internal/database/database.go:750.8,750.32 1 0
feedshit/internal/database/database.go:750.32,752.34 2 0
feedshit/internal/database/database.go:752.34,755.4 2 0
feedshit/internal/database/database.go:756.3,756.74 1 0
feedshit/internal/database/database.go:758.2,758.18 1 0
feedshit/internal/database/database.go:758.18,761.3 2 0
feedshit/internal/database/database.go:762.2,762.20 1 0
feedshit/internal/database/database.go:762.20,765.3 2 0
feedshit/internal/database/database.go:766.2,766.20 1 0
feedshit/internal/database/database.go:766.20,769.3 2 0
feedshit/internal/database/database.go:770.2,770.20 1 0
feedshit/internal/database/database.go:770.20,773.3 2 0
feedshit/internal/database/database.go:774.2,774.19 1 0
feedshit/internal/database/database.go:774.19,778.3 3 0
feedshit/internal/database/database.go:780.2,784.16 4 0
feedshit/internal/database/database.go:784.16,786.3 1 0
feedshit/internal/database/database.go:788.2,793.16 3 0
feedshit/internal/database/database.go:793.16,795.3 1 0
feedshit/internal/database/database.go:796.2,799.18 3 0
feedshit/internal/database/database.go:799.18,804.335 5 0
feedshit/internal/database/database.go:804.335,806.4 1 0
feedshit/internal/database/database.go:807.3,810.25 4 0
feedshit/internal/database/database.go:812.2,812.19 1 0
feedshit/internal/database/database.go:812.19,816.26 4 0
feedshit/internal/database/database.go:816.26,820.4 3 0
feedshit/internal/database/database.go:821.3,822.18 2 0
feedshit/internal/database/database.go:822.18,825.21 3 0
feedshit/internal/database/database.go:825.21,828.36 3 0
feedshit/internal/database/database.go:828.36,830.6 1 0
feedshit/internal/database/database.go:832.4,832.24 1 0
feedshit/internal/database/database.go:832.24,834.5 1 0
feedshit/internal/database/database.go:837.2,837.25 1 0
feedshit/internal/database/database.go:841.61,853.16 8 1
feedshit/internal/database/database.go:853.16,855.3 1 0
feedshit/internal/database/database.go:856.2,859.16 4 1
feedshit/internal/database/database.go:863.78,869.2 4 0
feedshit/internal/database/database.go:872.52,877.16 4 0
feedshit/internal/database/database.go:877.16,879.3 1 0
feedshit/internal/database/database.go:880.2,883.18 3 0
feedshit/internal/database/database.go:883.18,885.39 2 0
feedshit/internal/database/database.go:885.39,887.4 1 0
feedshit/internal/database/database.go:888.3,888.33 1 0
feedshit/internal/database/database.go:890.2,890.22 1 0
feedshit/internal/database/database.go:894.79,899.16 4 0
feedshit/internal/database/database.go:899.16,901.3 1 0
feedshit/internal/database/database.go:902.2,903.16 2 0
feedshit/internal/database/database.go:903.16,905.3 1 0
feedshit/internal/database/database.go:906.2,907.8 2 0
feedshit/internal/database/database.go:912.109,916.26 3 0
feedshit/internal/database/database.go:916.26,918.3 1 0
feedshit/internal/database/database.go:920.2,922.33 3 0
feedshit/internal/database/database.go:922.33,925.3 2 0
feedshit/internal/database/database.go:926.2,929.16 3 0
feedshit/internal/database/database.go:929.16,931.3 1 0
feedshit/internal/database/database.go:932.2,933.16 2 0
feedshit/internal/database/database.go:933.16,935.3 1 0
feedshit/internal/database/database.go:936.2,937.8 2 0
feedshit/internal/database/database.go:942.49,945.16 3 1
feedshit/internal/database/database.go:945.16,947.3 1 1
feedshit/internal/database/database.go:948.2,948.61 1 1
feedshit/internal/database/database.go:948.61,950.18 2 1
feedshit/internal/database/database.go:950.18,952.4 1 1
feedshit/internal/database/database.go:953.3,953.93 1 0
feedshit/internal/database/database.go:955.2,955.14 1 1
feedshit/internal/database/database.go:960.68,965.79 4 1
feedshit/internal/database/database.go:965.79,967.17 2 1
feedshit/internal/database/database.go:967.17,969.4 1 0
feedshit/internal/database/database.go:970.3,970.15 1 1
feedshit/internal/database/database.go:972.2,977.12 2 1
feedshit/internal/database/database.go:983.55,988.16 4 0
feedshit/internal/database/database.go:988.16,990.3 1 0
feedshit/internal/database/database.go:991.2,994.18 3 0
feedshit/internal/database/database.go:994.18,996.69 2 0
feedshit/internal/database/database.go:996.69,998.4 1 0
feedshit/internal/database/database.go:999.3,999.66 1 0
feedshit/internal/database/database.go:999.66,1000.71 1 0
feedshit/internal/database/database.go:1000.71,1002.5 1 0
feedshit/internal/database/database.go:1004.3,1004.31 1 0
feedshit/internal/database/database.go:1006.2,1006.21 1 0
feedshit/internal/database/database.go:1010.58,1021.32 2 1
feedshit/internal/database/database.go:1021.32,1024.17 3 1
feedshit/internal/database/database.go:1024.17,1025.78 1 1
feedshit/internal/database/database.go:1025.78,1027.5 1 0
feedshit/internal/database/database.go:1033.51,1041.2 5 0
feedshit/internal/database/database.go:1046.61,1051.16 4 1
feedshit/internal/database/database.go:1051.16,1053.3 1 1
feedshit/internal/database/database.go:1054.2,1055.18 2 1
feedshit/internal/database/database.go:1055.18,1057.3 1 0
feedshit/internal/database/database.go:1058.2,1062.16 2 1
feedshit/internal/database/database.go:1062.16,1064.3 1 0
feedshit/internal/database/database.go:1065.2,1066.16 2 1
feedshit/internal/database/database.go:1066.16,1068.3 1 0
feedshit/internal/database/database.go:1069.2,1071.16 3 1
feedshit/internal/database/database.go:1075.52,1080.16 4 0
feedshit/internal/database/database.go:1080.16,1082.3 1 0
feedshit/internal/database/database.go:1083.2,1084.18 2 0
feedshit/internal/database/database.go:1084.18,1086.3 1 0
feedshit/internal/database/database.go:1087.2,1091.12 2 0
feedshit/internal/database/database.go:1095.50,1102.16 5 0
feedshit/internal/database/database.go:1102.16,1104.3 1 0
feedshit/internal/database/database.go:1107.2,1107.89 1 0
feedshit/internal/database/database.go:1107.89,1109.3 1 0
feedshit/internal/database/database.go:1112.2,1113.12 2 0
feedshit/internal/database/database.go:1117.59,1127.16 7 0
feedshit/internal/database/database.go:1127.16,1129.3 1 0
feedshit/internal/database/database.go:1130.2,1133.16 4 0
feedshit/internal/database/database.go:1137.68,1147.16 7 0
feedshit/internal/database/database.go:1147.16,1149.3 1 0
feedshit/internal/database/database.go:1150.2,1153.16 4 0
feedshit/internal/database/database.go:1157.54,1162.16 4 0
feedshit/internal/database/database.go:1162.16,1164.3 1 0
feedshit/internal/database/database.go:1165.2,1168.18 3 0
feedshit/internal/database/database.go:1168.18,1172.127 4 0
feedshit/internal/database/database.go:1172.127,1174.4 1 0
feedshit/internal/database/database.go:1175.3,1178.33 4 0
feedshit/internal/database/database.go:1182.2,1182.23 1 0
feedshit/internal/database/database.go:1182.23,1184.17 2 0
feedshit/internal/database/database.go:1184.17,1187.25 3 0
feedshit/internal/database/database.go:1187.25,1190.54 3 0
feedshit/internal/database/database.go:1190.54,1192.6 1 0
feedshit/internal/database/database.go:1194.4,1194.28 1 0
feedshit/internal/database/database.go:1194.28,1196.5 1 0
feedshit/internal/database/database.go:1200.2,1200.22 1 0
feedshit/internal/database/database.go:1205.54,1211.16 5 0
feedshit/internal/database/database.go:1211.16,1214.3 1 0
feedshit/internal/database/database.go:1215.2,1215.22 1 0
feedshit/internal/database/database.go:1221.72,1234.16 4 0
feedshit/internal/database/database.go:1234.16,1236.3 1 0
feedshit/internal/database/database.go:1237.2,1240.18 3 0
feedshit/internal/database/database.go:1240.18,1245.80 5 0
feedshit/internal/database/database.go:1245.80,1247.4 1 0
feedshit/internal/database/database.go:1248.3,1249.24 2 0
feedshit/internal/database/database.go:1249.24,1251.4 1 0
feedshit/internal/database/database.go:1252.3,1253.19 2 0
feedshit/internal/database/database.go:1253.19,1255.4 1 0
feedshit/internal/database/database.go:1256.3,1261.5 1 0
feedshit/internal/database/database.go:1263.2,1263.20 1 0
feedshit/internal/database/database.go:1267.102,1271.26 3 0
feedshit/internal/database/database.go:1271.26,1273.3 1 0
feedshit/internal/database/database.go:1275.2,1277.33 3 0
feedshit/internal/database/database.go:1277.33,1280.3 2 0
feedshit/internal/database/database.go:1281.2,1293.16 3 0
feedshit/internal/database/database.go:1293.16,1295.3 1 0
feedshit/internal/database/database.go:1296.2,1299.18 3 0
feedshit/internal/database/database.go:1299.18,1304.80 5 0
feedshit/internal/database/database.go:1304.80,1306.4 1 0
feedshit/internal/database/database.go:1307.3,1308.24 2 0
feedshit/internal/database/database.go:1308.24,1310.4 1 0
feedshit/internal/database/database.go:1311.3,1312.19 2 0
feedshit/internal/database/database.go:1312.19,1314.4 1 0
feedshit/internal/database/database.go:1315.3,1320.5 1 0
feedshit/internal/database/database.go:1322.2,1322.19 1 0
feedshit/internal/database/database.go:1322.19,1324.3 1 0
feedshit/internal/database/database.go:1325.2,1325.20 1 0
feedshit/internal/database/database.go:1329.74,1337.21 6 0
feedshit/internal/database/database.go:1337.21,1340.3 1 0
feedshit/internal/database/database.go:1340.8,1343.3 1 0
feedshit/internal/database/database.go:1344.2,1344.16 1 0
feedshit/internal/database/database.go:1344.16,1346.3 1 0
feedshit/internal/database/database.go:1347.2,1350.18 3 0
feedshit/internal/database/database.go:1350.18,1354.306 4 0
feedshit/internal/database/database.go:1354.306,1356.4 1 0
feedshit/internal/database/database.go:1357.3,1359.25 3 0
feedshit/internal/database/database.go:1361.2,1361.18 1 0
feedshit/internal/database/database.go:1367.74,1376.2 4 1
feedshit/internal/database/database.go:1379.78,1385.16 5 0
feedshit/internal/database/database.go:1385.16,1387.3 1 0
feedshit/internal/database/database.go:1389.2,1393.16 2 0
feedshit/internal/database/database.go:1393.16,1395.3 1 0
feedshit/internal/database/database.go:1396.2,1399.18 3 0
feedshit/internal/database/database.go:1399.18,1402.92 3 0
feedshit/internal/database/database.go:1402.92,1404.4 1 0
feedshit/internal/database/database.go:1405.3,1406.25 2 0
feedshit/internal/database/database.go:1408.2,1408.25 1 0
feedshit/internal/database/database.go:1414.33,1416.2 1 0
feedshit/internal/database/database.go:1421.73,1428.16 4 0
feedshit/internal/database/database.go:1428.16,1430.3 1 0
feedshit/internal/database/database.go:1431.2,1434.18 3 0
feedshit/internal/database/database.go:1434.18,1436.69 2 0
feedshit/internal/database/database.go:1436.69,1438.4 1 0
feedshit/internal/database/database.go:1439.3,1439.31 1 0
feedshit/internal/database/database.go:1441.2,1441.21 1 0
feedshit/internal/database/database.go:1445.43,1447.2 1 0
feedshit/internal/database/database.go:1450.34,1452.2 1 0
feedshit/internal/database/database.go:1456.81,1460.2 3 1
feedshit/internal/database/database.go:1464.81,1468.2 3 1
feedshit/internal/database/database.go:1473.111,1478.14 4 0
feedshit/internal/database/database.go:1478.14,1480.3 1 0
feedshit/internal/database/database.go:1481.2,1485.16 2 0
feedshit/internal/database/database.go:1485.16,1487.3 1 0
feedshit/internal/database/database.go:1488.2,1488.27 1 0
feedshit/internal/database/database.go:1492.80,1500.16 4 0
feedshit/internal/database/database.go:1500.16,1502.3 1 0
feedshit/internal/database/database.go:1503.2,1506.18 3 0
feedshit/internal/database/database.go:1506.18,1510.103 4 0
feedshit/internal/database/database.go:1510.103,1512.4 1 0
feedshit/internal/database/database.go:1513.3,1515.27 3 0
feedshit/internal/database/database.go:1517.2,1517.19 1 0
feedshit/internal/database/database.go:1521.69,1532.101 7 0
feedshit/internal/database/database.go:1532.101,1533.27 1 0
feedshit/internal/database/database.go:1533.27,1535.4 1 0
feedshit/internal/database/database.go:1536.3,1536.18 1 0
feedshit/internal/database/database.go:1538.2,1540.16 3 0
feedshit/internal/database/database.go:1544.55,1550.2 4 0
feedshit/internal/database/database.go:1555.76,1561.2 4 0
feedshit/internal/database/database.go:1566.68,1570.19 3 0
feedshit/internal/database/database.go:1570.19,1572.3 1 0
feedshit/internal/database/database.go:1573.2,1575.25 3 0
feedshit/internal/database/database.go:1575.25,1578.3 2 0
feedshit/internal/database/database.go:1580.2,1584.16 5 0
feedshit/internal/database/database.go:1584.16,1586.3 1 0
feedshit/internal/database/database.go:1587.2,1587.27 1 0
feedshit/internal/database/database.go:1591.88,1595.19 3 0
feedshit/internal/database/database.go:1595.19,1597.3 1 0
feedshit/internal/database/database.go:1598.2,1601.25 4 0
feedshit/internal/database/database.go:1601.25,1604.3 2 0
feedshit/internal/database/database.go:1605.2,1607.16 3 0
feedshit/internal/database/database.go:1607.16,1609.3 1 0
feedshit/internal/database/database.go:1610.2,1610.27 1 0
feedshit/internal/database/database.go:1616.78,1626.16 4 0
feedshit/internal/database/database.go:1626.16,1628.3 1 0
feedshit/internal/database/database.go:1629.2,1632.18 3 0
feedshit/internal/database/database.go:1632.18,1635.49 3 0
feedshit/internal/database/database.go:1635.49,1637.4 1 0
feedshit/internal/database/database.go:1638.3,1641.5 1 0
feedshit/internal/database/database.go:1643.2,1643.20 1 0
feedshit/internal/database/database.go:1647.78,1654.16 4 0
feedshit/internal/database/database.go:1654.16,1656.3 1 0
feedshit/internal/database/database.go:1657.2,1660.18 3 0
feedshit/internal/database/database.go:1660.18,1663.52 3 0
feedshit/internal/database/database.go:1663.52,1665.4 1 0
feedshit/internal/database/database.go:1666.3,1669.5 1 0
feedshit/internal/database/database.go:1671.2,1671.20 1 0
feedshit/internal/database/database.go:1677.98,1682.16 4 1
feedshit/internal/database/database.go:1682.16,1684.3 1 0
feedshit/internal/database/database.go:1685.2,1686.8 2 1
feedshit/internal/database/database.go:1690.94,1700.16 4 1
feedshit/internal/database/database.go:1700.16,1702.3 1 0
feedshit/internal/database/database.go:1703.2,1706.18 3 1
feedshit/internal/database/database.go:1706.18,1709.49 3 1
feedshit/internal/database/database.go:1709.49,1711.4 1 0
feedshit/internal/database/database.go:1712.3,1712.22 1 1
feedshit/internal/database/database.go:1714.2,1714.20 1 1
feedshit/internal/database/database.go:1718.98,1728.16 4 1
feedshit/internal/database/database.go:1728.16,1730.3 1 0
feedshit/internal/database/database.go:1731.2,1734.18 3 1
feedshit/internal/database/database.go:1734.18,1737.52 3 1
feedshit/internal/database/database.go:1737.52,1739.4 1 0
feedshit/internal/database/database.go:1740.3,1740.25 1 1
feedshit/internal/database/database.go:1742.2,1742.20 1 1
feedshit/internal/database/database.go:1746.101,1756.16 4 1
feedshit/internal/database/database.go:1756.16,1758.3 1 0
feedshit/internal/database/database.go:1759.2,1762.18 3 1
feedshit/internal/database/database.go:1762.18,1765.49 3 1
feedshit/internal/database/database.go:1765.49,1767.4 1 0
feedshit/internal/database/database.go:1768.3,1771.5 1 1
feedshit/internal/database/database.go:1773.2,1773.20 1 1
feedshit/internal/database/database.go:1777.102,1791.16 4 1
feedshit/internal/database/database.go:1791.16,1793.3 1 0
feedshit/internal/database/database.go:1794.2,1797.18 3 1
feedshit/internal/database/database.go:1797.18,1802.80 5 1
feedshit/internal/database/database.go:1802.80,1804.4 1 0
feedshit/internal/database/database.go:1805.3,1806.24 2 1
feedshit/internal/database/database.go:1806.24,1808.4 1 1
feedshit/internal/database/database.go:1809.3,1810.19 2 1
feedshit/internal/database/database.go:1810.19,1812.4 1 1
feedshit/internal/database/database.go:1813.3,1818.5 1 1
feedshit/internal/database/database.go:1820.2,1820.20 1 1
feedshit/internal/database/database.go:1824.69,1826.53 1 0
feedshit/internal/database/database.go:1826.53,1828.3 1 0
feedshit/internal/database/database.go:1830.2,1839.16 7 0
feedshit/internal/database/database.go:1839.16,1841.3 1 0
feedshit/internal/database/database.go:1843.2,1843.24 1 0
feedshit/internal/database/database.go:1850.80,1851.17 1 0
feedshit/internal/database/database.go:1851.17,1853.3 1 0
feedshit/internal/database/database.go:1854.2,1864.26 7 0
feedshit/internal/database/database.go:1864.26,1866.3 1 0
feedshit/internal/database/database.go:1867.2,1867.16 1 0
feedshit/internal/database/database.go:1867.16,1869.3 1 0
feedshit/internal/database/database.go:1870.2,1872.16 3 0
feedshit/internal/database/database.go:1876.90,1884.16 4 0
feedshit/internal/database/database.go:1884.16,1886.3 1 0
feedshit/internal/database/database.go:1887.2,1887.27 1 0
feedshit/internal/database/database.go:1893.84,1901.16 4 1
feedshit/internal/database/database.go:1901.16,1903.3 1 0
feedshit/internal/database/database.go:1904.2,1904.27 1 1
feedshit/internal/database/database.go:1908.72,1918.26 7 1
feedshit/internal/database/database.go:1918.26,1920.3 1 1
feedshit/internal/database/database.go:1921.2,1921.16 1 1
feedshit/internal/database/database.go:1921.16,1923.3 1 0
feedshit/internal/database/database.go:1924.2,1926.16 3 1
feedshit/internal/database/database.go:1930.59,1940.26 7 1
feedshit/internal/database/database.go:1940.26,1942.3 1 1
feedshit/internal/database/database.go:1943.2,1943.16 1 1
feedshit/internal/database/database.go:1943.16,1945.3 1 0
feedshit/internal/database/database.go:1946.2,1948.16 3 1
feedshit/internal/database/database.go:1952.50,1957.16 4 1
feedshit/internal/database/database.go:1957.16,1959.3 1 0
feedshit/internal/database/database.go:1960.2,1963.18 3 1
feedshit/internal/database/database.go:1963.18,1967.104 4 1
feedshit/internal/database/database.go:1967.104,1969.4 1 0
feedshit/internal/database/database.go:1970.3,1972.25 3 1
feedshit/internal/database/database.go:1974.2,1974.18 1 1
feedshit/internal/database/database.go:1978.97,1983.14 4 1
feedshit/internal/database/database.go:1983.14,1985.3 1 1
feedshit/internal/database/database.go:1986.2,1986.24 1 1
feedshit/internal/database/database.go:1986.24,1989.3 2 0
feedshit/internal/database/database.go:1990.2,1991.12 2 1
feedshit/internal/database/database.go:1995.48,2001.2 4 1
feedshit/internal/database/database.go:2004.47,2011.2 5 1
feedshit/internal/database/database.go:2016.76,2022.2 4 0
feedshit/internal/database/database.go:2025.71,2031.2 4 1
feedshit/internal/database/database.go:2034.52,2040.2 4 1
feedshit/internal/database/database.go:2044.50,2049.16 4 1
feedshit/internal/database/database.go:2049.16,2051.3 1 0
feedshit/internal/database/database.go:2052.2,2058.18 3 1
feedshit/internal/database/database.go:2058.18,2060.61 2 0
feedshit/internal/database/database.go:2060.61,2063.4 2 0
feedshit/internal/database/database.go:2064.3,2064.31 1 0
feedshit/internal/database/database.go:2066.2,2068.28 2 1
feedshit/internal/database/database.go:2068.28,2070.104 2 0
feedshit/internal/database/database.go:2070.104,2072.4 1 0
feedshit/internal/database/database.go:2074.2,2074.12 1 1
feedshit/internal/database/database.go:2079.112,2093.16 4 1
feedshit/internal/database/database.go:2093.16,2095.3 1 0
feedshit/internal/database/database.go:2096.2,2099.18 3 1
feedshit/internal/database/database.go:2099.18,2102.157 3 1
feedshit/internal/database/database.go:2102.157,2104.4 1 0
feedshit/internal/database/database.go:2105.3,2106.25 2 1
feedshit/internal/database/database.go:2108.2,2108.18 1 1
feedshit/internal/database/database.go:2112.53,2117.16 4 0
feedshit/internal/database/database.go:2117.16,2119.3 1 0
feedshit/internal/database/database.go:2120.2,2123.18 3 0
feedshit/internal/database/database.go:2123.18,2125.39 2 0
feedshit/internal/database/database.go:2125.39,2127.4 1 0
feedshit/internal/database/database.go:2128.3,2128.25 1 0
feedshit/internal/database/database.go:2130.2,2130.18 1 0
feedshit/internal/database/database.go:2136.75,2140.16 4 0
feedshit/internal/database/database.go:2140.16,2142.3 1 0
feedshit/internal/database/database.go:2143.2,2145.18 3 0
feedshit/internal/database/database.go:2145.18,2147.95 2 0
feedshit/internal/database/database.go:2147.95,2149.4 1 0
feedshit/internal/database/database.go:2150.3,2150.25 1 0
feedshit/internal/database/database.go:2152.2,2152.18 1 0
feedshit/internal/database/database.go:2156.79,2160.16 4 0
feedshit/internal/database/database.go:2160.16,2162.3 1 0
feedshit/internal/database/database.go:2163.2,2164.92 2 0
feedshit/internal/database/database.go:2164.92,2166.3 1 0
feedshit/internal/database/database.go:2167.2,2167.27 1 0
feedshit/internal/database/database.go:2167.27,2169.63 1 0
feedshit/internal/database/database.go:2169.63,2171.4 1 0
feedshit/internal/database/database.go:2173.2,2173.20 1 0
feedshit/internal/database/database.go:2177.54,2182.2 4 0
feedshit/internal/database/database.go:2186.67,2190.16 4 0
feedshit/internal/database/database.go:2190.16,2192.3 1 0
feedshit/internal/database/database.go:2193.2,2195.18 3 0
feedshit/internal/database/database.go:2195.18,2197.39 2 0
feedshit/internal/database/database.go:2197.39,2199.4 1 0
feedshit/internal/database/database.go:2200.3,2200.27 1 0
feedshit/internal/database/database.go:2202.2,2202.21 1 0
feedshit/internal/database/database.go:2202.21,2204.3 1 0
feedshit/internal/database/database.go:2205.2,2205.14 1 0
feedshit/internal/database/database.go:2210.92,2217.16 7 1
feedshit/internal/database/database.go:2217.16,2219.3 1 0
feedshit/internal/database/database.go:2220.2,2221.18 2 1
feedshit/internal/database/database.go:2221.18,2223.48 2 1
feedshit/internal/database/database.go:2223.48,2224.12 1 0
feedshit/internal/database/database.go:2226.3,2227.44 2 1
feedshit/internal/database/database.go:2227.44,2230.4 2 1
feedshit/internal/database/database.go:2230.9,2230.43 1 1
feedshit/internal/database/database.go:2230.43,2233.4 2 1
feedshit/internal/database/database.go:2235.2,2235.17 1 1
feedshit/internal/database/database.go:2240.85,2244.16 4 0
feedshit/internal/database/database.go:2244.16,2246.3 1 0
feedshit/internal/database/database.go:2247.2,2250.18 4 0
feedshit/internal/database/database.go:2250.18,2252.39 2 0
feedshit/internal/database/database.go:2252.39,2253.12 1 0
feedshit/internal/database/database.go:2255.3,2255.15 1 0
feedshit/internal/database/database.go:2255.15,2257.4 1 0
feedshit/internal/database/database.go:2258.3,2258.25 1 0
feedshit/internal/database/database.go:2260.2,2260.17 1 0
feedshit/internal/database/database.go:2260.17,2262.3 1 0
feedshit/internal/database/database.go:2263.2,2263.13 1 0
feedshit/internal/database/database.go:2268.75,2272.16 4 0
feedshit/internal/database/database.go:2272.16,2274.3 1 0
feedshit/internal/database/database.go:2275.2,2277.18 3 0
feedshit/internal/database/database.go:2277.18,2280.110 3 0
feedshit/internal/database/database.go:2280.110,2282.4 1 0
feedshit/internal/database/database.go:2283.3,2284.25 2 0
feedshit/internal/database/database.go:2286.2,2286.18 1 0
feedshit/internal/database/database.go:2289.103,2293.16 4 0
feedshit/internal/database/database.go:2293.16,2295.3 1 0
feedshit/internal/database/database.go:2296.2,2296.27 1 0
feedshit/internal/database/database.go:2299.101,2303.14 4 0
feedshit/internal/database/database.go:2303.14,2305.3 1 0
feedshit/internal/database/database.go:2306.2,2307.12 2 0
feedshit/internal/database/database.go:2310.51,2317.16 5 0
feedshit/internal/database/database.go:2317.16,2319.3 1 0
feedshit/internal/database/database.go:2322.2,2326.12 3 0
feedshit/internal/database/database.go:2329.81,2335.16 6 0
feedshit/internal/database/database.go:2335.16,2337.3 1 0
feedshit/internal/database/database.go:2338.2,2339.16 2 0
feedshit/internal/database/database.go:2343.82,2348.23 5 0
feedshit/internal/database/database.go:2348.23,2351.3 2 0
feedshit/internal/database/database.go:2352.2,2353.16 2 0
feedshit/internal/database/database.go:2353.16,2355.3 1 0
feedshit/internal/database/database.go:2356.2,2358.18 3 0
feedshit/internal/database/database.go:2358.18,2361.47 3 0
feedshit/internal/database/database.go:2361.47,2363.4 1 0
feedshit/internal/database/database.go:2364.3,2364.20 1 0
feedshit/internal/database/database.go:2366.2,2366.20 1 0
feedshit/internal/database/database.go:2369.76,2374.2 4 0
feedshit/internal/database/database.go:2376.84,2379.19 3 0
feedshit/internal/database/database.go:2379.19,2381.3 1 0
feedshit/internal/database/database.go:2382.2,2385.25 4 0
feedshit/internal/database/database.go:2385.25,2388.3 2 0
feedshit/internal/database/database.go:2389.2,2390.16 2 0
feedshit/internal/database/database.go:2390.16,2392.3 1 0
feedshit/internal/database/database.go:2393.2,2393.27 1 0
feedshit/internal/database/database.go:2411.109,2415.16 4 0
feedshit/internal/database/database.go:2415.16,2417.3 1 0
feedshit/internal/database/database.go:2418.2,2418.27 1 0
feedshit/internal/database/database.go:2421.56,2425.16 4 0
feedshit/internal/database/database.go:2425.16,2427.3 1 0
feedshit/internal/database/database.go:2428.2,2430.18 3 0
feedshit/internal/database/database.go:2430.18,2434.143 4 0
feedshit/internal/database/database.go:2434.143,2436.4 1 0
feedshit/internal/database/database.go:2437.3,2439.25 3 0
feedshit/internal/database/database.go:2441.2,2441.18 1 0
feedshit/internal/database/database.go:2444.72,2452.26 7 0
feedshit/internal/database/database.go:2452.26,2454.3 1 0
feedshit/internal/database/database.go:2455.2,2455.16 1 0
feedshit/internal/database/database.go:2455.16,2457.3 1 0
feedshit/internal/database/database.go:2458.2,2460.17 3 0
feedshit/internal/database/database.go:2460.17,2462.3 1 0
feedshit/internal/database/database.go:2463.2,2463.16 1 0
feedshit/internal/database/database.go:2466.120,2473.16 5 0
feedshit/internal/database/database.go:2473.16,2476.3 2 0
feedshit/internal/database/database.go:2477.2,2477.21 1 0
feedshit/internal/database/database.go:2477.21,2480.3 2 0
feedshit/internal/database/database.go:2481.2,2481.21 1 0
feedshit/internal/database/database.go:2481.21,2483.16 2 0
feedshit/internal/database/database.go:2483.16,2485.4 1 0
feedshit/internal/database/database.go:2486.3,2487.30 2 0
feedshit/internal/database/database.go:2489.2,2489.22 1 0
feedshit/internal/database/database.go:2489.22,2492.3 2 0
feedshit/internal/database/database.go:2493.2,2493.24 1 0
feedshit/internal/database/database.go:2493.24,2496.3 2 0
feedshit/internal/database/database.go:2498.2,2498.26 1 0
feedshit/internal/database/database.go:2498.26,2500.3 1 0
feedshit/internal/database/database.go:2502.2,2504.12 3 0
feedshit/internal/database/database.go:2507.51,2512.2 4 0
feedshit/internal/database/database.go:2514.48,2518.2 3 0
feedshit/internal/database/database.go:2523.82,2529.130 6 0
feedshit/internal/database/database.go:2529.130,2531.3 1 0
feedshit/internal/database/database.go:2532.2,2532.19 1 0
feedshit/internal/database/database.go:2532.19,2534.3 1 0
feedshit/internal/database/database.go:2535.2,2535.44 1 0
feedshit/internal/database/database.go:2535.44,2537.3 1 0
feedshit/internal/database/database.go:2538.2,2538.19 1 0
feedshit/internal/database/database.go:2538.19,2541.3 2 0
feedshit/internal/database/database.go:2542.2,2543.24 2 0
feedshit/internal/database/database.go:2548.84,2551.19 3 0
feedshit/internal/database/database.go:2551.19,2553.3 1 0
feedshit/internal/database/database.go:2554.2,2557.25 4 0
feedshit/internal/database/database.go:2557.25,2560.3 2 0
feedshit/internal/database/database.go:2561.2,2562.16 2 0
feedshit/internal/database/database.go:2562.16,2564.3 1 0
feedshit/internal/database/database.go:2565.2,2565.27 1 0
feedshit/internal/database/database.go:2568.92,2571.19 3 0
feedshit/internal/database/database.go:2571.19,2573.3 1 0
feedshit/internal/database/database.go:2574.2,2577.25 4 0
feedshit/internal/database/database.go:2577.25,2580.3 2 0
feedshit/internal/database/database.go:2581.2,2582.16 2 0
feedshit/internal/database/database.go:2582.16,2584.3 1 0
feedshit/internal/database/database.go:2585.2,2585.27 1 0
feedshit/internal/database/database.go:2588.92,2591.19 3 0
feedshit/internal/database/database.go:2591.19,2593.3 1 0
feedshit/internal/database/database.go:2594.2,2597.25 4 0
feedshit/internal/database/database.go:2597.25,2600.3 2 0
feedshit/internal/database/database.go:2601.2,2602.16 2 0
feedshit/internal/database/database.go:2602.16,2604.3 1 0
feedshit/internal/database/database.go:2605.2,2605.27 1 0
feedshit/internal/database/database.go:2610.84,2614.18 4 0
feedshit/internal/database/database.go:2614.18,2616.3 1 0
feedshit/internal/database/database.go:2617.2,2618.13 2 0
feedshit/internal/database/database.go:2618.13,2620.3 1 0
feedshit/internal/database/database.go:2621.2,2626.16 2 0
feedshit/internal/database/database.go:2626.16,2628.3 1 0
feedshit/internal/database/database.go:2629.2,2630.16 2 0
feedshit/internal/database/database.go:2630.16,2632.3 1 0
feedshit/internal/database/database.go:2633.2,2634.16 2 0
feedshit/internal/database/database.go:2639.68,2644.16 5 0
feedshit/internal/database/database.go:2644.16,2646.3 1 0
feedshit/internal/database/database.go:2647.2,2647.27 1 0
feedshit/internal/database/database.go:2650.80,2652.16 2 1
feedshit/internal/database/database.go:2652.16,2654.3 1 0
feedshit/internal/database/database.go:2655.2,2657.32 3 1
feedshit/internal/database/database.go:2657.32,2658.20 1 1
feedshit/internal/database/database.go:2658.20,2659.12 1 0
feedshit/internal/database/database.go:2661.3,2662.17 2 1
feedshit/internal/database/database.go:2662.17,2663.12 1 0
feedshit/internal/database/database.go:2665.3,2665.36 1 1
feedshit/internal/database/database.go:2665.36,2668.4 2 1
feedshit/internal/database/database.go:2670.2,2670.20 1 1
feedshit/internal/database/database.go:2679.87,2680.21 1 1
feedshit/internal/database/database.go:2680.21,2682.3 1 1
feedshit/internal/database/database.go:2683.2,2686.16 4 1
feedshit/internal/database/database.go:2686.16,2688.3 1 0
feedshit/internal/database/database.go:2689.2,2691.18 3 1
feedshit/internal/database/database.go:2691.18,2693.39 2 1
feedshit/internal/database/database.go:2693.39,2695.4 1 0
feedshit/internal/database/database.go:2696.3,2696.27 1 1
feedshit/internal/database/database.go:2698.2,2698.18 1 1
feedshit/internal/database/database.go:2698.18,2700.3 1 1
feedshit/internal/database/database.go:2701.2,2701.19 1 1
feedshit/internal/database/database.go:2712.79,2716.16 4 0
feedshit/internal/database/database.go:2716.16,2718.3 1 0
feedshit/internal/database/database.go:2719.2,2722.18 4 0
feedshit/internal/database/database.go:2722.18,2724.48 2 0
feedshit/internal/database/database.go:2724.48,2726.4 1 0
feedshit/internal/database/database.go:2727.3,2727.46 1 0
feedshit/internal/database/database.go:2727.46,2729.4 1 0
feedshit/internal/database/database.go:2730.3,2730.53 1 0
feedshit/internal/database/database.go:2732.2,2732.21 1 0
feedshit/internal/database/database.go:2732.21,2734.3 1 0
feedshit/internal/database/database.go:2735.2,2736.29 2 0
feedshit/internal/database/database.go:2736.29,2739.26 3 0
feedshit/internal/database/database.go:2739.26,2740.16 1 0
feedshit/internal/database/database.go:2740.16,2742.10 2 0
feedshit/internal/database/database.go:2745.3,2745.18 1 0
feedshit/internal/database/database.go:2745.18,2747.4 1 0
feedshit/internal/database/database.go:2747.9,2749.4 1 0
feedshit/internal/database/database.go:2751.2,2751.18 1 0
feedshit/internal/database/database.go:2758.69,2768.2 4 0
feedshit/internal/database/database.go:2772.52,2778.16 5 0
feedshit/internal/database/database.go:2778.16,2780.3 1 0
feedshit/internal/database/database.go:2781.2,2781.20 1 0
feedshit/internal/database/database.go:2787.66,2792.14 4 0
feedshit/internal/database/database.go:2792.14,2794.3 1 0
feedshit/internal/database/database.go:2795.2,2796.12 2 0
feedshit/internal/database/database.go:2800.76,2805.14 4 0
feedshit/internal/database/database.go:2805.14,2807.3 1 0
feedshit/internal/database/database.go:2808.2,2809.16 2 0
feedshit/internal/database/database.go:2809.16,2811.3 1 0
feedshit/internal/database/database.go:2812.2,2815.18 3 0
feedshit/internal/database/database.go:2815.18,2819.127 4 0
feedshit/internal/database/database.go:2819.127,2821.4 1 0
feedshit/internal/database/database.go:2822.3,2825.33 4 0
feedshit/internal/database/database.go:2827.2,2827.22 1 0
feedshit/internal/database/database.go:2841.84,2849.2 4 0
feedshit/internal/database/database.go:2852.73,2859.26 6 0
feedshit/internal/database/database.go:2859.26,2861.3 1 0
feedshit/internal/database/database.go:2862.2,2862.16 1 0
feedshit/internal/database/database.go:2862.16,2864.3 1 0
feedshit/internal/database/database.go:2865.2,2866.16 2 0
feedshit/internal/database/database.go:2870.102,2876.43 5 0
feedshit/internal/database/database.go:2876.43,2878.3 1 0
feedshit/internal/database/database.go:2880.2,2885.14 2 0
feedshit/internal/database/database.go:2885.14,2887.3 1 0
feedshit/internal/database/database.go:2888.2,2889.18 2 0
feedshit/internal/database/database.go:2889.18,2893.49 4 0
feedshit/internal/database/database.go:2893.49,2894.12 1 0
feedshit/internal/database/database.go:2896.3,2896.22 1 0
feedshit/internal/database/database.go:2898.2,2898.36 1 0
feedshit/internal/database/database.go:2905.80,2909.16 4 0
feedshit/internal/database/database.go:2909.16,2911.3 1 0
feedshit/internal/database/database.go:2912.2,2913.27 2 0
feedshit/internal/database/database.go:2917.62,2923.2 5 0
feedshit/internal/database/database.go:2926.69,2930.19 4 0
feedshit/internal/database/database.go:2930.19,2932.3 1 0
feedshit/internal/database/database.go:2933.2,2935.25 3 0
feedshit/internal/database/database.go:2935.25,2938.3 2 0
feedshit/internal/database/database.go:2939.2,2940.16 2 0
feedshit/internal/database/database.go:2940.16,2942.3 1 0
feedshit/internal/database/database.go:2943.2,2944.18 2 0
feedshit/internal/database/database.go:2944.18,2947.44 3 0
feedshit/internal/database/database.go:2947.44,2948.12 1 0
feedshit/internal/database/database.go:2950.3,2950.14 1 0
feedshit/internal/database/database.go:2952.2,2952.17 1 0
feedshit/internal/database/database.go:2970.97,2975.23 5 0
feedshit/internal/database/database.go:2975.23,2978.3 2 0
feedshit/internal/database/database.go:2979.2,2979.20 1 0
feedshit/internal/database/database.go:2979.20,2982.3 2 0
feedshit/internal/database/database.go:2983.2,2989.16 2 0
feedshit/internal/database/database.go:2989.16,2991.3 1 0
feedshit/internal/database/database.go:2992.2,2994.18 3 0
feedshit/internal/database/database.go:2994.18,2997.127 3 0
feedshit/internal/database/database.go:2997.127,2999.4 1 0
feedshit/internal/database/database.go:3000.3,3001.28 2 0
feedshit/internal/database/database.go:3003.2,3003.19 1 0
feedshit/internal/database/database.go:3007.83,3011.12 4 0
feedshit/internal/database/database.go:3011.12,3013.3 1 0
feedshit/internal/database/database.go:3014.2,3014.18 1 0
feedshit/internal/database/database.go:3014.18,3017.3 2 0
feedshit/internal/database/database.go:3018.2,3019.12 2 0
feedshit/internal/database/database.go:3048.117,3052.14 4 1
feedshit/internal/database/database.go:3052.14,3054.3 1 1
feedshit/internal/database/database.go:3057.2,3058.18 2 1
feedshit/internal/database/database.go:3058.18,3060.17 2 1
feedshit/internal/database/database.go:3060.17,3062.4 1 0
feedshit/internal/database/database.go:3063.3,3063.21 1 1
feedshit/internal/database/database.go:3065.2,3067.16 2 1
feedshit/internal/database/database.go:3067.16,3069.3 1 0
feedshit/internal/database/database.go:3070.2,3070.27 1 1
feedshit/internal/database/database.go:3073.78,3077.16 4 1
feedshit/internal/database/database.go:3077.16,3079.3 1 0
feedshit/internal/database/database.go:3080.2,3082.18 3 1
feedshit/internal/database/database.go:3082.18,3085.111 3 1
feedshit/internal/database/database.go:3085.111,3087.4 1 0
feedshit/internal/database/database.go:3092.3,3092.55 1 1
feedshit/internal/database/database.go:3092.55,3093.72 1 1
feedshit/internal/database/database.go:3093.72,3095.5 1 1
feedshit/internal/database/database.go:3097.3,3099.25 3 1
feedshit/internal/database/database.go:3101.2,3101.18 1 1
feedshit/internal/database/database.go:3104.106,3109.15 5 1
feedshit/internal/database/database.go:3109.15,3112.3 2 1
feedshit/internal/database/database.go:3113.2,3113.18 1 1
feedshit/internal/database/database.go:3113.18,3116.17 2 1
feedshit/internal/database/database.go:3116.17,3118.4 1 0
feedshit/internal/database/database.go:3119.3,3120.27 2 1
feedshit/internal/database/database.go:3121.8,3125.85 1 1
feedshit/internal/database/database.go:3125.85,3126.65 1 1
feedshit/internal/database/database.go:3126.65,3129.5 2 1
feedshit/internal/database/database.go:3132.2,3132.18 1 1
feedshit/internal/database/database.go:3132.18,3135.3 2 1
feedshit/internal/database/database.go:3136.2,3136.21 1 1
feedshit/internal/database/database.go:3136.21,3138.16 2 0
feedshit/internal/database/database.go:3138.16,3140.4 1 0
feedshit/internal/database/database.go:3141.3,3142.25 2 0
feedshit/internal/database/database.go:3144.2,3144.26 1 1
feedshit/internal/database/database.go:3144.26,3146.3 1 0
feedshit/internal/database/database.go:3147.2,3149.12 3 1
feedshit/internal/database/database.go:3156.80,3159.16 3 1
feedshit/internal/database/database.go:3159.16,3161.3 1 0
feedshit/internal/database/database.go:3162.2,3162.44 1 1
feedshit/internal/database/database.go:3162.44,3163.66 1 1
feedshit/internal/database/database.go:3163.66,3165.4 1 1
feedshit/internal/database/database.go:3167.2,3167.17 1 0
feedshit/internal/database/database.go:3175.45,3180.39 3 1
feedshit/internal/database/database.go:3180.39,3183.17 3 1
feedshit/internal/database/database.go:3183.17,3184.28 1 0
feedshit/internal/database/database.go:3184.28,3185.13 1 0
feedshit/internal/database/database.go:3187.4,3187.14 1 0
feedshit/internal/database/database.go:3189.3,3189.45 1 1
feedshit/internal/database/database.go:3189.45,3190.12 1 1
feedshit/internal/database/database.go:3192.3,3193.18 2 1
feedshit/internal/database/database.go:3193.18,3195.4 1 0
feedshit/internal/database/database.go:3196.3,3196.95 1 1
feedshit/internal/database/database.go:3196.95,3198.4 1 0
feedshit/internal/database/database.go:3202.2,3203.16 2 1
feedshit/internal/database/database.go:3203.16,3205.3 1 0
feedshit/internal/database/database.go:3206.2,3210.18 2 1
feedshit/internal/database/database.go:3210.18,3215.55 2 1
feedshit/internal/database/database.go:3215.55,3218.4 2 0
feedshit/internal/database/database.go:3219.3,3219.27 1 1
feedshit/internal/database/database.go:3221.2,3222.26 2 1
feedshit/internal/database/database.go:3222.26,3223.55 1 1
feedshit/internal/database/database.go:3223.55,3224.12 1 0
feedshit/internal/database/database.go:3226.3,3227.18 2 1
feedshit/internal/database/database.go:3227.18,3229.4 1 0
feedshit/internal/database/database.go:3230.3,3230.111 1 1
feedshit/internal/database/database.go:3230.111,3232.4 1 0
feedshit/internal/database/database.go:3234.2,3234.12 1 1
feedshit/internal/database/database.go:3237.62,3243.2 5 0
feedshit/internal/database/database.go:3246.46,3247.35 1 1
feedshit/internal/database/database.go:3247.35,3249.3 1 1
feedshit/internal/database/database.go:3250.2,3250.47 1 0
feedshit/internal/database/database.go:3250.47,3251.36 1 0
feedshit/internal/database/database.go:3251.36,3253.4 1 0
feedshit/internal/database/database.go:3255.2,3255.14 1 0
feedshit/internal/database/database.go:3266.77,3269.16 2 1
feedshit/internal/database/database.go:3269.16,3271.3 1 0
feedshit/internal/database/database.go:3273.2,3276.25 4 1
feedshit/internal/database/database.go:3276.25,3277.18 1 1
feedshit/internal/database/database.go:3277.18,3278.12 1 0
feedshit/internal/database/database.go:3280.3,3280.37 1 1
feedshit/internal/database/database.go:3280.37,3281.12 1 0
feedshit/internal/database/database.go:3283.3,3283.58 1 1
feedshit/internal/database/database.go:3283.58,3284.12 1 0
feedshit/internal/database/database.go:3286.3,3288.53 1 1
feedshit/internal/database/database.go:3288.53,3290.4 1 0
feedshit/internal/database/database.go:3292.2,3292.12 1 1
feedshit/internal/database/database.go:3296.80,3300.16 4 0
feedshit/internal/database/database.go:3300.16,3302.3 1 0
feedshit/internal/database/database.go:3303.2,3305.18 3 0
feedshit/internal/database/database.go:3305.18,3308.142 3 0
feedshit/internal/database/database.go:3308.142,3310.4 1 0
feedshit/internal/database/database.go:3311.3,3312.25 2 0
feedshit/internal/database/database.go:3314.2,3314.18 1 0
feedshit/internal/database/database.go:3318.54,3323.2 4 0
feedshit/internal/database/database.go:3327.115,3330.29 3 0
feedshit/internal/database/database.go:3330.29,3333.3 2 0
feedshit/internal/database/database.go:3334.2,3335.12 2 0
feedshit/internal/database/faq.go:32.64,40.16 4 1
feedshit/internal/database/faq.go:40.16,42.3 1 0
feedshit/internal/database/faq.go:43.2,45.18 3 1
feedshit/internal/database/faq.go:45.18,48.131 3 1
feedshit/internal/database/faq.go:48.131,50.4 1 0
feedshit/internal/database/faq.go:51.3,54.25 4 1
feedshit/internal/database/faq.go:56.2,56.18 1 1
feedshit/internal/database/faq.go:61.81,71.16 6 1
feedshit/internal/database/faq.go:71.16,73.3 1 1
feedshit/internal/database/faq.go:74.2,77.16 4 1
feedshit/internal/database/faq.go:82.113,86.14 4 1
feedshit/internal/database/faq.go:86.14,88.3 1 1
feedshit/internal/database/faq.go:89.2,93.16 2 1
feedshit/internal/database/faq.go:93.16,95.3 1 1
feedshit/internal/database/faq.go:96.2,96.27 1 1
feedshit/internal/database/faq.go:102.114,106.14 4 1
feedshit/internal/database/faq.go:106.14,108.3 1 1
feedshit/internal/database/faq.go:109.2,114.16 2 1
feedshit/internal/database/faq.go:114.16,116.3 1 0
feedshit/internal/database/faq.go:117.2,117.40 1 1
feedshit/internal/database/faq.go:117.40,119.3 1 1
feedshit/internal/database/faq.go:120.2,120.12 1 0
feedshit/internal/database/faq.go:125.66,129.16 4 1
feedshit/internal/database/faq.go:129.16,131.3 1 0
feedshit/internal/database/faq.go:132.2,132.40 1 1
feedshit/internal/database/faq.go:132.40,134.3 1 1
feedshit/internal/database/faq.go:135.2,135.12 1 1
feedshit/internal/database/faq.go:141.80,155.16 4 1
feedshit/internal/database/faq.go:155.16,157.3 1 0
feedshit/internal/database/faq.go:158.2,160.18 3 1
feedshit/internal/database/faq.go:160.18,163.107 3 1
feedshit/internal/database/faq.go:163.107,165.4 1 0
feedshit/internal/database/faq.go:166.3,167.25 2 1
feedshit/internal/database/faq.go:169.2,169.18 1 1
feedshit/internal/database/hash.go:12.40,15.22 3 1
feedshit/internal/database/hash.go:15.22,16.25 1 1
feedshit/internal/database/hash.go:16.25,17.12 1 1
feedshit/internal/database/hash.go:19.3,19.17 1 1
feedshit/internal/database/hash.go:21.2,21.54 1 1
feedshit/internal/database/hash.go:26.52,28.44 2 1
feedshit/internal/database/hash.go:28.44,30.3 1 1
feedshit/internal/database/hash.go:31.2,32.35 2 1
feedshit/internal/database/hash.go:37.53,40.2 2 1
feedshit/internal/report/joblock.go:18.90,21.16 2 1
feedshit/internal/report/joblock.go:21.16,23.3 1 0
feedshit/internal/report/joblock.go:24.2,26.48 3 1
feedshit/internal/report/joblock.go:26.48,29.3 2 0
feedshit/internal/report/joblock.go:30.2,40.16 5 1
feedshit/internal/report/joblock.go:40.16,43.3 2 0
feedshit/internal/report/joblock.go:44.2,45.16 2 1
feedshit/internal/report/joblock.go:45.16,48.3 2 0
feedshit/internal/report/joblock.go:49.2,49.14 1 1
feedshit/internal/report/joblock.go:49.14,52.3 2 1
feedshit/internal/report/joblock.go:55.2,59.16 2 1
feedshit/internal/report/joblock.go:59.16,62.3 2 0
feedshit/internal/report/joblock.go:63.2,64.16 2 1
feedshit/internal/report/joblock.go:64.16,67.3 2 0
feedshit/internal/report/joblock.go:68.2,68.14 1 1
feedshit/internal/report/joblock.go:68.14,71.3 2 1
feedshit/internal/report/joblock.go:73.2,74.18 2 1
feedshit/internal/report/joblock.go:79.70,81.16 2 1
feedshit/internal/report/joblock.go:81.16,83.3 1 0
feedshit/internal/report/joblock.go:83.8,85.3 1 1
feedshit/internal/report/report.go:65.31,66.23 1 1
feedshit/internal/report/report.go:67.11,68.11 1 1
feedshit/internal/report/report.go:69.13,70.16 1 0
feedshit/internal/report/report.go:72.2,72.10 1 0
feedshit/internal/report/report.go:76.82,90.2 10 1
feedshit/internal/report/report.go:93.69,98.16 3 1
feedshit/internal/report/report.go:98.16,100.3 1 0
feedshit/internal/report/report.go:103.2,104.16 2 1
feedshit/internal/report/report.go:104.16,106.3 1 0
feedshit/internal/report/report.go:107.2,114.16 6 1
feedshit/internal/report/report.go:114.16,116.3 1 0
feedshit/internal/report/report.go:117.2,119.26 3 1
feedshit/internal/report/report.go:119.26,121.3 1 1
feedshit/internal/report/report.go:122.2,122.42 1 1
feedshit/internal/report/report.go:122.42,123.17 1 1
feedshit/internal/report/report.go:123.17,125.4 1 0
feedshit/internal/report/report.go:126.3,131.5 2 1
feedshit/internal/report/report.go:135.2,136.16 2 1
feedshit/internal/report/report.go:136.16,138.3 1 0
feedshit/internal/report/report.go:140.2,141.30 2 1
feedshit/internal/report/report.go:141.30,142.47 1 1
feedshit/internal/report/report.go:142.47,144.4 1 1
feedshit/internal/report/report.go:146.2,147.30 2 1
feedshit/internal/report/report.go:147.30,154.17 6 1
feedshit/internal/report/report.go:154.17,157.4 2 1
feedshit/internal/report/report.go:159.3,160.19 2 1
feedshit/internal/report/report.go:160.19,162.4 1 1
feedshit/internal/report/report.go:163.3,163.18 1 1
feedshit/internal/report/report.go:163.18,165.4 1 0
feedshit/internal/report/report.go:166.3,173.5 2 1
feedshit/internal/report/report.go:177.2,178.16 2 1
feedshit/internal/report/report.go:178.16,180.3 1 0
feedshit/internal/report/report.go:181.2,182.32 2 1
feedshit/internal/report/report.go:182.32,189.77 6 1
feedshit/internal/report/report.go:189.77,191.4 1 1
feedshit/internal/report/report.go:192.3,197.5 1 1
feedshit/internal/report/report.go:201.2,228.18 7 1
feedshit/internal/report/report.go:233.78,237.16 3 1
feedshit/internal/report/report.go:237.16,239.3 1 0
feedshit/internal/report/report.go:241.2,245.22 4 1
feedshit/internal/report/report.go:245.22,248.3 2 1
feedshit/internal/report/report.go:250.2,253.96 3 1
feedshit/internal/report/report.go:253.96,256.3 1 0
feedshit/internal/report/report.go:258.2,259.12 2 1
feedshit/internal/report/template.go:10.81,15.28 2 1
feedshit/internal/report/template.go:15.28,17.3 1 1
feedshit/internal/report/template.go:18.2,18.28 1 1
feedshit/internal/report/template.go:18.28,20.3 1 1
feedshit/internal/report/template.go:21.2,21.26 1 1
feedshit/internal/report/template.go:21.26,23.3 1 1
feedshit/internal/report/template.go:25.2,27.16 3 1
feedshit/internal/report/template.go:27.16,31.3 2 0
feedshit/internal/report/template.go:32.2,33.8 2 1
feedshit/internal/app/app.go:52.139,66.12 2 1
feedshit/internal/app/app.go:66.12,68.22 2 1
feedshit/internal/app/app.go:68.22,72.4 3 0
feedshit/internal/app/app.go:75.2,75.52 1 1
feedshit/internal/app/app.go:75.52,77.3 1 0
feedshit/internal/app/app.go:78.2,78.53 1 1
feedshit/internal/app/app.go:78.53,80.44 2 0
feedshit/internal/app/app.go:80.44,82.15 2 0
feedshit/internal/app/app.go:82.15,84.5 1 0
feedshit/internal/app/app.go:86.3,86.40 1 0
feedshit/internal/app/app.go:88.2,88.10 1 1
feedshit/internal/app/app.go:93.52,95.16 2 0
feedshit/internal/app/app.go:95.16,97.3 1 0
feedshit/internal/app/app.go:98.2,98.26 1 0
feedshit/internal/app/app.go:101.34,103.2 1 0
feedshit/internal/app/app.go:105.50,106.26 1 0
feedshit/internal/app/app.go:106.26,108.3 1 0
feedshit/internal/app/app.go:110.2,110.51 1 0
feedshit/internal/app/app.go:115.54,116.23 1 0
feedshit/internal/app/app.go:116.23,118.3 1 0
feedshit/internal/app/app.go:119.2,120.29 2 0
feedshit/internal/app/app.go:120.29,121.10 1 0
feedshit/internal/app/app.go:122.29,123.19 1 0
feedshit/internal/app/app.go:124.29,125.19 1 0
feedshit/internal/app/app.go:126.29,127.19 1 0
feedshit/internal/app/app.go:130.2,130.15 1 0
feedshit/internal/app/app.go:130.15,132.3 1 0
feedshit/internal/app/app.go:133.2,133.15 1 0
feedshit/internal/app/app.go:133.15,135.3 1 0
feedshit/internal/app/app.go:136.2,136.15 1 0
feedshit/internal/app/app.go:136.15,138.3 1 0
feedshit/internal/app/app.go:139.2,139.12 1 0
feedshit/internal/app/app.go:144.95,146.24 2 0
feedshit/internal/app/app.go:146.24,148.17 2 0
feedshit/internal/app/app.go:148.17,150.4 1 0
feedshit/internal/app/app.go:151.3,151.16 1 0
feedshit/internal/app/app.go:154.2,155.16 2 0
feedshit/internal/app/app.go:155.16,157.3 1 0
feedshit/internal/app/app.go:159.2,160.46 2 0
feedshit/internal/app/app.go:160.46,162.19 2 0
feedshit/internal/app/app.go:162.19,164.27 2 0
feedshit/internal/app/app.go:164.27,167.5 1 0
feedshit/internal/app/app.go:168.4,169.36 2 0
feedshit/internal/app/app.go:169.36,171.5 1 0
feedshit/internal/app/app.go:174.2,174.15 1 0
feedshit/internal/app/app.go:180.94,182.24 2 0
feedshit/internal/app/app.go:182.24,184.17 2 0
feedshit/internal/app/app.go:184.17,186.4 1 0
feedshit/internal/app/app.go:187.3,187.16 1 0
feedshit/internal/app/app.go:190.2,191.16 2 0
feedshit/internal/app/app.go:191.16,193.3 1 0
feedshit/internal/app/app.go:195.2,196.46 2 0
feedshit/internal/app/app.go:196.46,198.19 2 0
feedshit/internal/app/app.go:198.19,200.27 2 0
feedshit/internal/app/app.go:200.27,202.5 1 0
feedshit/internal/app/app.go:205.2,205.15 1 0
feedshit/internal/app/app.go:210.46,213.74 2 0
feedshit/internal/app/app.go:213.74,217.3 3 0
feedshit/internal/app/app.go:219.2,220.21 2 0
feedshit/internal/app/app.go:220.21,222.3 1 0
feedshit/internal/app/app.go:225.2,225.38 1 0
feedshit/internal/app/app.go:225.38,228.3 2 0
feedshit/internal/app/app.go:230.2,231.17 2 0
feedshit/internal/app/app.go:231.17,234.3 2 0
feedshit/internal/app/app.go:235.2,238.22 3 0
feedshit/internal/app/app.go:238.22,240.3 1 0
feedshit/internal/app/app.go:242.2,242.37 1 0
feedshit/internal/app/app.go:242.37,245.3 2 0
[...]
feedshit/internal/app/app.go:3136.2,3136.48 1 0
feedshit/internal/app/app.go:3136.48,3139.3 2 0
feedshit/internal/app/app.go:3141.2,3145.54 4 0
feedshit/internal/app/app.go:3149.50,3151.16 2 0
feedshit/internal/app/app.go:3151.16,3154.3 2 0
feedshit/internal/app/app.go:3155.2,3156.55 2 0
feedshit/internal/app/app.go:3156.55,3158.3 1 0
feedshit/internal/app/app.go:3158.8,3162.3 3 0
feedshit/internal/app/app.go:3163.2,3164.16 2 0
feedshit/internal/app/app.go:3164.16,3167.3 2 0
feedshit/internal/app/app.go:3168.2,3169.65 2 0
feedshit/internal/app/app.go:3173.45,3177.16 4 0
feedshit/internal/app/app.go:3177.16,3180.3 2 0
feedshit/internal/app/app.go:3181.2,3181.18 1 0
feedshit/internal/app/app.go:3181.18,3183.3 1 0
feedshit/internal/app/app.go:3184.2,3184.46 1 0
feedshit/internal/app/app.go:3188.47,3190.16 2 0
feedshit/internal/app/app.go:3190.16,3193.3 2 0
feedshit/internal/app/app.go:3194.2,3194.60 1 0
feedshit/internal/app/app.go:3194.60,3197.3 2 0
feedshit/internal/app/app.go:3198.2,3202.47 2 0
feedshit/internal/app/app.go:3202.47,3205.3 2 0
feedshit/internal/app/app.go:3206.2,3206.22 1 0
feedshit/internal/app/app.go:3206.22,3208.25 2 0
feedshit/internal/app/app.go:3208.25,3211.4 2 0
feedshit/internal/app/app.go:3213.2,3213.68 1 0
feedshit/internal/app/app.go:3213.68,3216.3 2 0
feedshit/internal/app/app.go:3217.2,3220.54 4 0
feedshit/internal/app/app.go:3227.56,3228.30 1 1
feedshit/internal/app/app.go:3228.30,3230.42 2 1
feedshit/internal/app/app.go:3230.42,3233.4 2 0
feedshit/internal/app/app.go:3234.3,3236.33 3 1
feedshit/internal/app/app.go:3236.33,3239.4 2 0
feedshit/internal/app/app.go:3241.3,3241.26 1 1
feedshit/internal/app/app.go:3241.26,3245.47 4 1
feedshit/internal/app/app.go:3245.47,3249.5 3 1
feedshit/internal/app/app.go:3250.4,3251.22 2 1
feedshit/internal/app/app.go:3254.3,3254.28 1 1
feedshit/internal/app/app.go:3254.28,3256.19 2 0
feedshit/internal/app/app.go:3256.19,3258.5 1 0
feedshit/internal/app/app.go:3258.10,3258.18 1 0
feedshit/internal/app/app.go:3258.18,3261.5 2 0
feedshit/internal/app/app.go:3264.3,3267.11 4 1
feedshit/internal/app/app.go:3272.55,3277.22 3 0
feedshit/internal/app/app.go:3277.22,3280.3 2 0
feedshit/internal/app/app.go:3282.2,3286.31 3 0
feedshit/internal/app/app.go:3286.31,3289.3 2 0
feedshit/internal/app/app.go:3290.2,3290.20 1 0
feedshit/internal/app/app.go:3290.20,3293.3 2 0
feedshit/internal/app/app.go:3295.2,3305.47 2 0
feedshit/internal/app/app.go:3305.47,3306.52 1 0
feedshit/internal/app/app.go:3306.52,3310.4 3 0
feedshit/internal/app/app.go:3311.3,3312.9 2 0
feedshit/internal/app/app.go:3314.2,3314.21 1 0
feedshit/internal/app/app.go:3314.21,3317.3 2 0
feedshit/internal/app/app.go:3319.2,3319.24 1 0
feedshit/internal/app/app.go:3319.24,3321.51 2 0
feedshit/internal/app/app.go:3321.51,3324.4 2 0
feedshit/internal/app/app.go:3326.2,3346.16 6 0
feedshit/internal/app/app.go:3346.16,3349.3 2 0
feedshit/internal/app/app.go:3350.2,3366.4 5 0
feedshit/internal/app/app.go:3372.51,3377.47 2 0
feedshit/internal/app/app.go:3377.47,3380.3 2 0
feedshit/internal/app/app.go:3381.2,3381.23 1 0
feedshit/internal/app/app.go:3381.23,3384.3 2 0
feedshit/internal/app/app.go:3386.2,3387.16 2 0
feedshit/internal/app/app.go:3387.16,3390.3 2 0
feedshit/internal/app/app.go:3392.2,3396.106 4 0
feedshit/internal/app/app.go:3400.55,3405.47 2 0
feedshit/internal/app/app.go:3405.47,3408.3 2 0
feedshit/internal/app/app.go:3409.2,3409.23 1 0
feedshit/internal/app/app.go:3409.23,3412.3 2 0
feedshit/internal/app/app.go:3414.2,3415.16 2 0
feedshit/internal/app/app.go:3415.16,3418.3 2 0
feedshit/internal/app/app.go:3420.2,3424.106 4 0
feedshit/internal/app/app.go:3428.55,3433.47 2 0
feedshit/internal/app/app.go:3433.47,3436.3 2 0
feedshit/internal/app/app.go:3437.2,3437.23 1 0
feedshit/internal/app/app.go:3437.23,3440.3 2 0
feedshit/internal/app/app.go:3442.2,3443.36 2 0
feedshit/internal/app/app.go:3443.36,3446.3 2 0
feedshit/internal/app/app.go:3448.2,3449.16 2 0
feedshit/internal/app/app.go:3449.16,3452.3 2 0
feedshit/internal/app/app.go:3454.2,3458.106 4 0
feedshit/internal/app/app.go:3469.46,3471.16 2 0
feedshit/internal/app/app.go:3471.16,3474.3 2 0
feedshit/internal/app/app.go:3475.2,3479.16 4 0
feedshit/internal/app/app.go:3479.16,3482.3 2 0
feedshit/internal/app/app.go:3484.2,3484.22 1 0
feedshit/internal/app/app.go:3484.22,3487.3 2 0
feedshit/internal/app/app.go:3490.2,3509.27 4 0
feedshit/internal/app/app.go:3509.27,3511.39 2 0
feedshit/internal/app/app.go:3511.39,3513.4 1 0
feedshit/internal/app/app.go:3514.3,3514.27 1 0
feedshit/internal/app/app.go:3517.2,3517.37 1 0
feedshit/internal/app/app.go:3517.37,3520.3 2 0
feedshit/internal/app/app.go:3523.2,3526.27 2 0
feedshit/internal/app/app.go:3526.27,3527.59 1 0
feedshit/internal/app/app.go:3527.59,3530.37 2 0
feedshit/internal/app/app.go:3530.37,3533.5 2 0
feedshit/internal/app/app.go:3534.4,3534.22 1 0
feedshit/internal/app/app.go:3534.22,3537.5 2 0
feedshit/internal/app/app.go:3538.4,3538.31 1 0
feedshit/internal/app/app.go:3541.8,3544.36 2 0
feedshit/internal/app/app.go:3544.36,3547.4 2 0
feedshit/internal/app/app.go:3548.3,3548.21 1 0
feedshit/internal/app/app.go:3548.21,3551.4 2 0
feedshit/internal/app/app.go:3555.2,3555.41 1 0
feedshit/internal/app/app.go:3555.41,3557.14 2 0
feedshit/internal/app/app.go:3557.14,3559.4 1 0
feedshit/internal/app/app.go:3561.3,3561.56 1 0
feedshit/internal/app/app.go:3561.56,3563.4 1 0
feedshit/internal/app/app.go:3565.3,3572.5 1 0
feedshit/internal/app/app.go:3572.5,3573.51 1 0
feedshit/internal/app/app.go:3573.51,3575.5 1 0
feedshit/internal/app/app.go:3577.3,3577.11 1 0
feedshit/internal/app/app.go:3580.2,3582.34 3 0
feedshit/internal/app/app.go:3582.34,3584.38 2 0
feedshit/internal/app/app.go:3584.38,3585.55 1 0
feedshit/internal/app/app.go:3585.55,3587.5 1 0
feedshit/internal/app/app.go:3588.4,3588.13 1 0
feedshit/internal/app/app.go:3591.3,3592.18 2 0
feedshit/internal/app/app.go:3592.18,3594.12 2 0
feedshit/internal/app/app.go:3598.3,3599.78 2 0
feedshit/internal/app/app.go:3599.78,3602.37 2 0
feedshit/internal/app/app.go:3602.37,3604.13 2 0
feedshit/internal/app/app.go:3606.4,3606.22 1 0
feedshit/internal/app/app.go:3606.22,3608.13 2 0
feedshit/internal/app/app.go:3610.4,3610.17 1 0
feedshit/internal/app/app.go:3613.3,3629.67 3 0
feedshit/internal/app/app.go:3629.67,3631.12 2 0
feedshit/internal/app/app.go:3633.3,3633.13 1 0
feedshit/internal/app/app.go:3636.2,3644.21 5 0
feedshit/internal/app/app.go:3644.21,3646.3 1 0
feedshit/internal/app/app.go:3647.2,3647.31 1 0
feedshit/internal/app/app.go:3653.56,3657.67 2 0
feedshit/internal/app/app.go:3657.67,3660.3 2 0
feedshit/internal/app/app.go:3662.2,3663.16 2 0
feedshit/internal/app/app.go:3663.16,3666.3 2 0
feedshit/internal/app/app.go:3668.2,3675.4 4 0
feedshit/internal/app/app.go:3679.52,3683.67 2 0
feedshit/internal/app/app.go:3683.67,3686.3 2 0
feedshit/internal/app/app.go:3688.2,3690.16 3 0
feedshit/internal/app/app.go:3690.16,3693.3 2 0
feedshit/internal/app/app.go:3695.2,3702.4 4 0
feedshit/internal/app/app.go:3708.53,3715.2 3 0
feedshit/internal/app/app.go:3719.56,3724.47 2 0
feedshit/internal/app/app.go:3724.47,3727.3 2 0
feedshit/internal/app/app.go:3729.2,3729.31 1 0
feedshit/internal/app/app.go:3729.31,3731.3 1 0
feedshit/internal/app/app.go:3732.2,3732.28 1 0
feedshit/internal/app/app.go:3732.28,3734.3 1 0
feedshit/internal/app/app.go:3736.2,3740.66 4 0
feedshit/internal/app/app.go:3746.51,3748.16 2 0
feedshit/internal/app/app.go:3748.16,3751.3 2 0
feedshit/internal/app/app.go:3753.2,3756.47 2 0
feedshit/internal/app/app.go:3756.47,3759.3 2 0
feedshit/internal/app/app.go:3761.2,3761.62 1 0
feedshit/internal/app/app.go:3761.62,3764.3 2 0
feedshit/internal/app/app.go:3766.2,3769.19 4 0
feedshit/internal/app/app.go:3769.19,3771.3 1 0
feedshit/internal/app/app.go:3772.2,3774.63 2 0
feedshit/internal/app/app.go:3779.51,3781.16 2 0
feedshit/internal/app/app.go:3781.16,3784.3 2 0
feedshit/internal/app/app.go:3785.2,3786.35 2 0
feedshit/internal/app/app.go:3786.35,3789.3 2 0
feedshit/internal/app/app.go:3790.2,3791.16 2 0
feedshit/internal/app/app.go:3791.16,3794.3 2 0
feedshit/internal/app/app.go:3795.2,3795.23 1 0
feedshit/internal/app/app.go:3795.23,3797.3 1 0
feedshit/internal/app/app.go:3798.2,3798.56 1 0
feedshit/internal/app/app.go:3801.51,3803.16 2 0
feedshit/internal/app/app.go:3803.16,3806.3 2 0
feedshit/internal/app/app.go:3807.2,3808.35 2 0
feedshit/internal/app/app.go:3808.35,3811.3 2 0
feedshit/internal/app/app.go:3812.2,3819.47 3 0
feedshit/internal/app/app.go:3819.47,3822.3 2 0
feedshit/internal/app/app.go:3823.2,3823.37 1 0
feedshit/internal/app/app.go:3823.37,3826.3 2 0
feedshit/internal/app/app.go:3828.2,3829.21 2 0
feedshit/internal/app/app.go:3829.21,3832.3 2 0
feedshit/internal/app/app.go:3833.2,3834.16 2 0
feedshit/internal/app/app.go:3834.16,3837.3 2 0
feedshit/internal/app/app.go:3838.2,3841.82 4 0
feedshit/internal/app/app.go:3844.51,3846.16 2 0
feedshit/internal/app/app.go:3846.16,3849.3 2 0
feedshit/internal/app/app.go:3850.2,3856.47 2 0
feedshit/internal/app/app.go:3856.47,3859.3 2 0
feedshit/internal/app/app.go:3860.2,3861.25 2 0
feedshit/internal/app/app.go:3861.25,3863.3 1 0
feedshit/internal/app/app.go:3864.2,3864.94 1 0
feedshit/internal/app/app.go:3864.94,3867.3 2 0
feedshit/internal/app/app.go:3868.2,3871.54 4 0
feedshit/internal/app/app.go:3874.51,3876.16 2 0
feedshit/internal/app/app.go:3876.16,3879.3 2 0
feedshit/internal/app/app.go:3880.2,3880.48 1 0
feedshit/internal/app/app.go:3880.48,3883.3 2 0
feedshit/internal/app/app.go:3884.2,3887.54 4 0
feedshit/internal/app/app.go:3890.59,3892.16 2 0
feedshit/internal/app/app.go:3892.16,3895.3 2 0
feedshit/internal/app/app.go:3896.2,3899.47 2 0
feedshit/internal/app/app.go:3899.47,3902.3 2 0
feedshit/internal/app/app.go:3904.2,3905.16 2 0
feedshit/internal/app/app.go:3905.16,3908.3 2 0
feedshit/internal/app/app.go:3909.2,3909.15 1 0
feedshit/internal/app/app.go:3909.15,3912.3 2 0
feedshit/internal/app/app.go:3914.2,3914.24 1 0
feedshit/internal/app/app.go:3914.24,3916.34 2 0
feedshit/internal/app/app.go:3916.34,3919.4 2 0
feedshit/internal/app/app.go:3920.3,3920.20 1 0
feedshit/internal/app/app.go:3920.20,3923.4 2 0
feedshit/internal/app/app.go:3925.3,3926.25 2 0
feedshit/internal/app/app.go:3926.25,3928.48 2 0
feedshit/internal/app/app.go:3928.48,3930.21 2 0
feedshit/internal/app/app.go:3930.21,3933.35 3 0
feedshit/internal/app/app.go:3933.35,3936.7 2 0
feedshit/internal/app/app.go:3941.2,3941.70 1 0
feedshit/internal/app/app.go:3941.70,3944.3 2 0
feedshit/internal/app/app.go:3945.2,3948.60 4 0
feedshit/internal/app/app.go:3951.55,3956.47 2 0
feedshit/internal/app/app.go:3956.47,3959.3 2 0
feedshit/internal/app/app.go:3960.2,3960.23 1 0
feedshit/internal/app/app.go:3960.23,3963.3 2 0
feedshit/internal/app/app.go:3964.2,3965.16 2 0
feedshit/internal/app/app.go:3965.16,3968.3 2 0
feedshit/internal/app/app.go:3969.2,3972.52 4 0
feedshit/internal/app/dedup.go:24.25,24.73 1 0
feedshit/internal/app/dedup.go:28.24,28.72 1 0
feedshit/internal/app/dedup.go:31.40,33.25 2 0
feedshit/internal/app/dedup.go:33.25,35.3 1 0
feedshit/internal/app/dedup.go:36.2,36.12 1 0
feedshit/internal/app/dedup.go:36.12,38.3 1 0
feedshit/internal/app/dedup.go:39.2,39.10 1 0
feedshit/internal/app/dedup.go:43.36,48.22 5 0
feedshit/internal/app/dedup.go:48.22,50.3 1 0
feedshit/internal/app/dedup.go:51.2,51.13 1 0
feedshit/internal/app/dedup.go:55.65,57.30 2 0
feedshit/internal/app/dedup.go:57.30,64.3 1 0
feedshit/internal/app/dedup.go:65.2,65.14 1 0
feedshit/internal/app/dedup.go:71.52,74.30 3 0
feedshit/internal/app/dedup.go:74.30,77.3 2 0
feedshit/internal/app/dedup.go:79.2,80.22 2 0
feedshit/internal/app/dedup.go:80.22,82.3 1 0
feedshit/internal/app/dedup.go:85.2,87.16 3 0
feedshit/internal/app/dedup.go:87.16,90.3 2 0
feedshit/internal/app/dedup.go:91.2,91.22 1 0
feedshit/internal/app/dedup.go:91.22,93.3 1 0
feedshit/internal/app/dedup.go:94.2,94.69 1 0
feedshit/internal/app/dedup.go:99.53,101.16 2 0
feedshit/internal/app/dedup.go:101.16,104.3 2 0
feedshit/internal/app/dedup.go:106.2,106.60 1 0
feedshit/internal/app/dedup.go:106.60,109.3 2 0
feedshit/internal/app/dedup.go:110.2,111.16 2 0
feedshit/internal/app/dedup.go:111.16,114.3 2 0
feedshit/internal/app/dedup.go:115.2,115.15 1 0
feedshit/internal/app/dedup.go:115.15,118.3 2 0
feedshit/internal/app/dedup.go:119.2,119.26 1 0
feedshit/internal/app/dedup.go:119.26,122.3 2 0
feedshit/internal/app/dedup.go:123.2,124.16 2 0
feedshit/internal/app/dedup.go:124.16,127.3 2 0
feedshit/internal/app/dedup.go:128.2,128.22 1 0
feedshit/internal/app/dedup.go:128.22,130.3 1 0
feedshit/internal/app/dedup.go:131.2,131.69 1 0
feedshit/internal/app/faq.go:19.26,21.25 2 1
feedshit/internal/app/faq.go:21.25,23.3 1 1
feedshit/internal/app/faq.go:24.2,24.12 1 1
feedshit/internal/app/faq.go:24.12,26.3 1 0
feedshit/internal/app/faq.go:27.2,27.10 1 1
feedshit/internal/app/faq.go:34.47,37.30 3 1
feedshit/internal/app/faq.go:37.30,40.3 2 1
feedshit/internal/app/faq.go:42.2,43.22 2 1
feedshit/internal/app/faq.go:43.22,45.3 1 0
feedshit/internal/app/faq.go:47.2,49.16 3 1
feedshit/internal/app/faq.go:49.16,52.3 2 0
feedshit/internal/app/faq.go:53.2,53.17 1 1
feedshit/internal/app/faq.go:53.17,55.3 1 1
feedshit/internal/app/faq.go:56.2,57.25 2 1
feedshit/internal/app/faq.go:57.25,63.3 1 1
feedshit/internal/app/faq.go:64.2,64.46 1 1
feedshit/internal/app/faq.go:69.45,72.35 3 1
feedshit/internal/app/faq.go:72.35,75.3 2 0
feedshit/internal/app/faq.go:77.2,77.57 1 1
feedshit/internal/app/faq.go:77.57,80.3 2 0
feedshit/internal/app/faq.go:81.2,82.16 2 1
feedshit/internal/app/faq.go:82.16,85.3 2 0
feedshit/internal/app/faq.go:86.2,86.17 1 1
feedshit/internal/app/faq.go:86.17,88.3 1 0
feedshit/internal/app/faq.go:89.2,89.44 1 1
feedshit/internal/app/faq.go:94.46,97.35 3 1
feedshit/internal/app/faq.go:97.35,100.3 2 0
feedshit/internal/app/faq.go:102.2,102.57 1 1
feedshit/internal/app/faq.go:102.57,105.3 2 0
feedshit/internal/app/faq.go:106.2,112.47 2 1
feedshit/internal/app/faq.go:112.47,115.3 2 0
feedshit/internal/app/faq.go:116.2,116.43 1 1
feedshit/internal/app/faq.go:116.43,119.3 2 1
feedshit/internal/app/faq.go:121.2,122.21 2 1
feedshit/internal/app/faq.go:122.21,125.3 2 1
feedshit/internal/app/faq.go:126.2,127.25 2 1
feedshit/internal/app/faq.go:127.25,129.3 1 1
feedshit/internal/app/faq.go:130.2,131.16 2 1
feedshit/internal/app/faq.go:131.16,134.3 2 0
feedshit/internal/app/faq.go:135.2,138.74 4 1
feedshit/internal/app/faq.go:143.46,146.16 3 1
feedshit/internal/app/faq.go:146.16,149.3 2 0
feedshit/internal/app/faq.go:151.2,151.57 1 1
feedshit/internal/app/faq.go:151.57,154.3 2 0
feedshit/internal/app/faq.go:155.2,161.47 2 1
feedshit/internal/app/faq.go:161.47,164.3 2 0
feedshit/internal/app/faq.go:165.2,165.43 1 1
feedshit/internal/app/faq.go:165.43,168.3 2 0
feedshit/internal/app/faq.go:169.2,170.25 2 1
feedshit/internal/app/faq.go:170.25,172.3 1 0
feedshit/internal/app/faq.go:173.2,173.119 1 1
feedshit/internal/app/faq.go:173.119,174.27 1 1
feedshit/internal/app/faq.go:174.27,177.4 2 1
feedshit/internal/app/faq.go:178.3,179.9 2 0
feedshit/internal/app/faq.go:181.2,184.54 4 1
feedshit/internal/app/faq.go:189.46,192.16 3 1
feedshit/internal/app/faq.go:192.16,195.3 2 0
feedshit/internal/app/faq.go:197.2,197.57 1 1
feedshit/internal/app/faq.go:197.57,200.3 2 0
feedshit/internal/app/faq.go:201.2,201.49 1 1
feedshit/internal/app/faq.go:201.49,202.27 1 1
feedshit/internal/app/faq.go:202.27,205.4 2 1
feedshit/internal/app/faq.go:206.3,207.9 2 0
feedshit/internal/app/faq.go:209.2,212.54 4 1
feedshit/internal/app/faq.go:219.72,221.13 2 1
feedshit/internal/app/faq.go:221.13,223.3 1 1
feedshit/internal/app/faq.go:224.2,225.24 2 0
feedshit/internal/app/faq.go:225.24,227.3 1 0
feedshit/internal/app/faq.go:228.2,230.23 3 0
feedshit/internal/app/faq.go:230.23,232.3 1 0
feedshit/internal/app/faq.go:233.2,234.18 2 0
feedshit/internal/app/faq.go:234.18,236.3 1 0
feedshit/internal/app/faq.go:237.2,238.35 2 0
feedshit/internal/app/faq.go:238.35,240.3 1 0
feedshit/internal/app/faq.go:241.2,241.26 1 0
feedshit/internal/app/faq.go:241.26,242.22 1 0
feedshit/internal/app/faq.go:242.22,244.4 1 0
feedshit/internal/app/faq.go:246.2,246.44 1 0
feedshit/internal/routes/routes.go:20.52,23.16 2 0
feedshit/internal/routes/routes.go:23.16,24.59 1 0
feedshit/internal/routes/routes.go:28.2,47.37 9 0
feedshit/internal/routes/routes.go:47.37,48.36 1 0
feedshit/internal/routes/routes.go:48.36,51.4 2 0
feedshit/internal/routes/routes.go:52.3,53.41 2 0
feedshit/internal/routes/routes.go:53.41,54.82 1 0
feedshit/internal/routes/routes.go:54.82,57.5 2 0
feedshit/internal/routes/routes.go:59.3,59.39 1 0
feedshit/internal/routes/routes.go:59.39,62.4 2 0
feedshit/internal/routes/routes.go:62.9,65.4 2 0
feedshit/internal/routes/routes.go:68.2,76.34 3 0
feedshit/internal/routes/routes.go:76.34,78.3 1 0
feedshit/internal/routes/routes.go:81.2,81.39 1 0
feedshit/internal/routes/routes.go:81.39,83.3 1 0
feedshit/internal/routes/routes.go:87.2,87.42 1 0
feedshit/internal/routes/routes.go:87.42,92.17 3 0
feedshit/internal/routes/routes.go:92.17,94.24 2 0
feedshit/internal/routes/routes.go:94.24,97.5 2 0
feedshit/internal/routes/routes.go:98.4,99.10 2 0
feedshit/internal/routes/routes.go:103.3,103.25 1 0
feedshit/internal/routes/routes.go:103.25,106.4 2 0
feedshit/internal/routes/routes.go:108.3,108.24 1 0
feedshit/internal/routes/routes.go:108.24,111.4 2 0
feedshit/internal/routes/routes.go:113.3,115.31 3 0
feedshit/internal/routes/routes.go:115.31,116.20 1 0
feedshit/internal/routes/routes.go:116.20,118.5 1 0
feedshit/internal/routes/routes.go:120.3,128.66 3 0
feedshit/internal/routes/routes.go:132.2,132.42 1 0
feedshit/internal/routes/routes.go:132.42,134.3 1 0
feedshit/internal/routes/routes.go:137.2,137.49 1 0
feedshit/internal/routes/routes.go:137.49,139.3 1 0
feedshit/internal/routes/routes.go:143.2,166.39 17 0
feedshit/internal/routes/routes.go:166.39,168.3 1 0
feedshit/internal/routes/routes.go:169.2,177.39 6 0
feedshit/internal/routes/routes.go:177.39,179.32 2 0
feedshit/internal/routes/routes.go:179.32,182.4 2 0
feedshit/internal/routes/routes.go:183.3,183.54 1 0
feedshit/internal/routes/routes.go:183.54,186.4 2 0
feedshit/internal/routes/routes.go:187.3,187.63 1 0
feedshit/internal/routes/routes.go:190.2,190.45 1 0
feedshit/internal/routes/routes.go:190.45,193.23 2 0
feedshit/internal/routes/routes.go:193.23,196.4 2 0
feedshit/internal/routes/routes.go:198.3,199.32 2 0
feedshit/internal/routes/routes.go:199.32,202.4 2 0
feedshit/internal/routes/routes.go:203.3,203.54 1 0
feedshit/internal/routes/routes.go:203.54,206.4 2 0
feedshit/internal/routes/routes.go:208.3,208.46 1 0
feedshit/internal/routes/routes.go:208.46,211.4 2 0
feedshit/internal/routes/routes.go:213.3,213.63 1 0
feedshit/internal/routes/routes.go:219.2,225.2 5 0
feedshit/internal/routes/routes.go:225.2,337.3 70 0
feedshit/internal/routes/routes.go:340.49,342.16 2 0
feedshit/internal/routes/routes.go:342.16,343.69 1 0
feedshit/internal/routes/routes.go:345.2,345.13 1 0
feedshit/internal/routes/routes.go:349.43,350.28 1 0
feedshit/internal/routes/routes.go:350.28,352.3 1 0
feedshit/internal/routes/routes.go:353.2,353.10 1 0
feedshit/internal/config/config.go:38.27,60.51 2 0
feedshit/internal/config/config.go:60.51,61.44 1 0
feedshit/internal/config/config.go:61.44,63.15 2 0
feedshit/internal/config/config.go:63.15,65.5 1 0
feedshit/internal/config/config.go:68.2,70.12 3 0
feedshit/internal/config/config.go:73.42,74.34 1 0
feedshit/internal/config/config.go:74.34,76.3 1 0
feedshit/internal/config/config.go:77.2,77.17 1 0
feedshit/internal/config/config.go:80.46,81.34 1 0
feedshit/internal/config/config.go:81.34,82.44 1 0
feedshit/internal/config/config.go:82.44,84.4 1 0
feedshit/internal/config/config.go:86.2,86.17 1 0
feedshit/internal/config/config.go:89.49,90.34 1 0
feedshit/internal/config/config.go:90.34,91.49 1 0
feedshit/internal/config/config.go:91.49,93.4 1 0
feedshit/internal/config/config.go:95.2,95.17 1 0
