mode: set
feedshit/internal/middleware/auth.go:13.57,14.30 1 0
feedshit/internal/middleware/auth.go:14.30,16.32 2 0
feedshit/internal/middleware/auth.go:16.32,17.38 1 0
feedshit/internal/middleware/auth.go:17.38,20.5 2 0
feedshit/internal/middleware/auth.go:20.10,22.5 1 0
feedshit/internal/middleware/auth.go:23.4,23.10 1 0
feedshit/internal/middleware/auth.go:25.3,25.51 1 0
feedshit/internal/middleware/auth.go:25.51,30.4 4 0
feedshit/internal/middleware/auth.go:30.9,31.38 1 0
feedshit/internal/middleware/auth.go:31.38,34.5 2 0
feedshit/internal/middleware/auth.go:34.10,36.5 1 0
feedshit/internal/middleware/auth.go:41.35,43.2 1 1
feedshit/internal/middleware/auth.go:51.50,54.30 3 1
feedshit/internal/middleware/auth.go:54.30,57.30 3 1
feedshit/internal/middleware/auth.go:57.30,61.4 3 1
feedshit/internal/middleware/auth.go:62.3,62.11 1 1
feedshit/internal/middleware/auth.go:73.34,77.2 3 0
feedshit/internal/middleware/auth.go:80.54,83.42 3 0
feedshit/internal/middleware/auth.go:83.42,85.3 1 0
feedshit/internal/middleware/auth.go:86.2,87.13 2 0
feedshit/internal/middleware/auth.go:90.37,92.21 2 0
feedshit/internal/middleware/auth.go:92.21,95.32 3 0
feedshit/internal/middleware/auth.go:95.32,96.24 1 0
feedshit/internal/middleware/auth.go:96.24,98.5 1 0
feedshit/internal/middleware/auth.go:100.3,100.17 1 0
feedshit/internal/middleware/auth.go:113.67,121.2 3 0
feedshit/internal/middleware/auth.go:124.56,130.30 6 0
feedshit/internal/middleware/auth.go:130.30,131.23 1 0
feedshit/internal/middleware/auth.go:131.23,133.4 1 0
feedshit/internal/middleware/auth.go:135.2,136.28 2 0
feedshit/internal/middleware/auth.go:140.56,144.2 3 0
feedshit/internal/middleware/auth.go:147.56,151.2 3 0
feedshit/internal/middleware/auth.go:154.59,159.36 5 0
feedshit/internal/middleware/auth.go:159.36,160.23 1 0
feedshit/internal/middleware/auth.go:160.23,162.4 1 0
feedshit/internal/middleware/auth.go:164.2,164.14 1 0
feedshit/internal/middleware/auth.go:167.45,169.21 2 0
feedshit/internal/middleware/auth.go:169.21,172.40 3 0
feedshit/internal/middleware/auth.go:172.40,174.32 2 0
feedshit/internal/middleware/auth.go:174.32,175.25 1 0
feedshit/internal/middleware/auth.go:175.25,177.6 1 0
feedshit/internal/middleware/auth.go:179.4,179.23 1 0
feedshit/internal/middleware/auth.go:179.23,181.5 1 0
feedshit/internal/middleware/auth.go:181.10,183.5 1 0
feedshit/internal/middleware/auth.go:185.3,185.16 1 0
feedshit/internal/middleware/csrf.go:13.57,14.30 1 0
feedshit/internal/middleware/csrf.go:14.30,16.95 1 0
feedshit/internal/middleware/csrf.go:16.95,19.4 2 0
feedshit/internal/middleware/csrf.go:21.3,22.39 2 0
feedshit/internal/middleware/csrf.go:22.39,25.4 2 0
feedshit/internal/middleware/csrf.go:28.3,28.49 1 0
feedshit/internal/middleware/csrf.go:28.49,31.4 2 0
feedshit/internal/middleware/csrf.go:34.3,37.89 3 0
feedshit/internal/middleware/csrf.go:37.89,41.4 3 0
feedshit/internal/middleware/csrf.go:42.3,42.11 1 0
feedshit/internal/middleware/csrf.go:47.67,50.2 2 0
feedshit/internal/middleware/iputils.go:19.73,22.16 2 1
feedshit/internal/middleware/iputils.go:22.16,24.3 1 1
feedshit/internal/middleware/iputils.go:25.2,27.14 3 1
feedshit/internal/middleware/iputils.go:27.14,29.3 1 1
feedshit/internal/middleware/iputils.go:30.2,30.16 1 1
feedshit/internal/middleware/iputils.go:30.16,32.3 1 1
feedshit/internal/middleware/iputils.go:35.2,40.41 5 1
feedshit/internal/middleware/iputils.go:40.41,42.3 1 1
feedshit/internal/middleware/iputils.go:44.2,44.13 1 1
feedshit/internal/middleware/iputils.go:49.38,51.2 1 1
feedshit/internal/middleware/iputils.go:55.41,57.20 2 0
feedshit/internal/middleware/iputils.go:57.20,59.3 1 0
feedshit/internal/middleware/iputils.go:66.2,66.32 1 0
feedshit/internal/middleware/iputils.go:66.32,68.3 1 0
feedshit/internal/middleware/iputils.go:72.2,72.35 1 0
feedshit/internal/middleware/iputils.go:72.35,74.3 1 0
feedshit/internal/middleware/iputils.go:76.2,77.41 2 0
feedshit/internal/middleware/iputils.go:77.41,78.34 1 0
feedshit/internal/middleware/iputils.go:78.34,80.9 2 0
feedshit/internal/middleware/iputils.go:83.2,83.14 1 0
feedshit/internal/middleware/iputils.go:83.14,85.3 1 0
feedshit/internal/middleware/iputils.go:87.2,87.26 1 0
feedshit/internal/middleware/iputils.go:88.20,90.54 1 0
feedshit/internal/middleware/iputils.go:90.54,92.4 1 0
feedshit/internal/middleware/iputils.go:93.17,95.55 1 0
feedshit/internal/middleware/iputils.go:95.55,97.51 2 0
feedshit/internal/middleware/iputils.go:97.51,99.5 1 0
feedshit/internal/middleware/iputils.go:101.3,101.49 1 0
feedshit/internal/middleware/iputils.go:101.49,103.4 1 0
feedshit/internal/middleware/iputils.go:104.10,106.54 1 0
feedshit/internal/middleware/iputils.go:106.54,108.4 1 0
feedshit/internal/middleware/iputils.go:110.3,110.55 1 0
feedshit/internal/middleware/iputils.go:110.55,112.51 2 0
feedshit/internal/middleware/iputils.go:112.51,114.5 1 0
feedshit/internal/middleware/iputils.go:117.3,117.49 1 0
feedshit/internal/middleware/iputils.go:117.49,119.4 1 0
feedshit/internal/middleware/iputils.go:121.3,121.49 1 0
feedshit/internal/middleware/iputils.go:121.49,122.50 1 0
feedshit/internal/middleware/iputils.go:122.50,124.58 2 0
feedshit/internal/middleware/iputils.go:124.58,127.57 3 0
feedshit/internal/middleware/iputils.go:127.57,129.7 1 0
feedshit/internal/middleware/iputils.go:130.6,131.22 2 0
feedshit/internal/middleware/iputils.go:131.22,133.7 1 0
feedshit/internal/middleware/iputils.go:138.2,138.17 1 0
feedshit/internal/middleware/iputils.go:152.42,156.2 3 0
feedshit/internal/middleware/iputils.go:158.35,162.2 3 0
feedshit/internal/middleware/iputils.go:165.38,168.18 3 0
feedshit/internal/middleware/iputils.go:169.47,170.25 1 0
feedshit/internal/middleware/iputils.go:171.10,172.23 1 0
feedshit/internal/middleware/iputils.go:176.30,180.2 3 0
feedshit/internal/middleware/iputils.go:183.30,185.2 1 0
feedshit/internal/middleware/iputils.go:188.37,190.18 2 1
feedshit/internal/middleware/iputils.go:190.18,192.3 1 1
feedshit/internal/middleware/iputils.go:193.2,195.26 3 1
feedshit/internal/middleware/iputils.go:195.26,197.47 2 1
feedshit/internal/middleware/iputils.go:197.47,199.4 1 1
feedshit/internal/middleware/iputils.go:201.2,201.57 1 0
feedshit/internal/middleware/ratelimit.go:20.50,27.2 3 0
feedshit/internal/middleware/ratelimit.go:29.46,38.26 7 0
feedshit/internal/middleware/ratelimit.go:38.26,39.22 1 0
feedshit/internal/middleware/ratelimit.go:39.22,41.4 1 0
feedshit/internal/middleware/ratelimit.go:44.2,44.31 1 0
feedshit/internal/middleware/ratelimit.go:44.31,47.3 2 0
feedshit/internal/middleware/ratelimit.go:49.2,50.13 2 0
feedshit/internal/middleware/ratelimit.go:53.45,59.35 5 0
feedshit/internal/middleware/ratelimit.go:59.35,60.22 1 0
feedshit/internal/middleware/ratelimit.go:60.22,62.4 1 0
feedshit/internal/middleware/ratelimit.go:64.2,64.14 1 0
feedshit/internal/middleware/ratelimit.go:67.38,69.21 2 0
feedshit/internal/middleware/ratelimit.go:69.21,72.37 3 0
feedshit/internal/middleware/ratelimit.go:72.37,74.28 2 0
feedshit/internal/middleware/ratelimit.go:74.28,75.24 1 0
feedshit/internal/middleware/ratelimit.go:75.24,77.6 1 0
feedshit/internal/middleware/ratelimit.go:79.4,79.23 1 0
feedshit/internal/middleware/ratelimit.go:79.23,81.5 1 0
feedshit/internal/middleware/ratelimit.go:81.10,83.5 1 0
feedshit/internal/middleware/ratelimit.go:85.3,85.17 1 0
feedshit/internal/middleware/ratelimit.go:89.59,90.30 1 0
feedshit/internal/middleware/ratelimit.go:90.30,92.20 2 0
feedshit/internal/middleware/ratelimit.go:92.20,100.4 4 0
feedshit/internal/middleware/ratelimit.go:101.3,101.11 1 0
feedshit/internal/middleware/session.go:24.42,28.2 3 1
feedshit/internal/middleware/session.go:30.64,42.2 6 1
feedshit/internal/middleware/session.go:44.83,48.47 4 1
feedshit/internal/middleware/session.go:48.47,49.13 1 1
feedshit/internal/middleware/session.go:49.13,53.4 3 0
feedshit/internal/middleware/session.go:54.3,54.23 1 1
feedshit/internal/middleware/session.go:56.2,56.41 1 1
feedshit/internal/middleware/session.go:59.48,63.2 3 1
feedshit/internal/middleware/session.go:66.61,69.41 3 0
feedshit/internal/middleware/session.go:69.41,71.3 1 0
feedshit/internal/middleware/session.go:72.2,72.11 1 0
feedshit/internal/middleware/session.go:75.41,77.21 2 1
feedshit/internal/middleware/session.go:77.21,80.41 3 0
feedshit/internal/middleware/session.go:80.41,81.31 1 0
feedshit/internal/middleware/session.go:81.31,83.5 1 0
feedshit/internal/middleware/session.go:85.3,85.17 1 0
feedshit/internal/middleware/session.go:89.39,93.2 3 1
feedshit/internal/security/security.go:36.19,38.15 2 1
feedshit/internal/security/security.go:38.15,40.3 1 1
feedshit/internal/security/security.go:43.2,43.20 1 1
feedshit/internal/security/security.go:43.20,44.78 1 0
feedshit/internal/security/security.go:44.78,46.4 1 0
feedshit/internal/security/security.go:50.2,50.20 1 1
feedshit/internal/security/security.go:50.20,52.3 1 1
feedshit/internal/security/security.go:53.2,53.34 1 0
feedshit/internal/security/security.go:59.36,61.2 1 1
feedshit/internal/security/security.go:64.37,65.20 1 1
feedshit/internal/security/security.go:65.20,67.3 1 1
feedshit/internal/security/security.go:68.2,71.12 4 1
feedshit/internal/security/security.go:76.60,77.20 1 1
feedshit/internal/security/security.go:77.20,79.3 1 0
feedshit/internal/security/security.go:80.2,81.16 2 1
feedshit/internal/security/security.go:81.16,83.3 1 0
feedshit/internal/security/security.go:84.2,85.16 2 1
feedshit/internal/security/security.go:85.16,87.3 1 0
feedshit/internal/security/security.go:88.2,89.59 2 1
feedshit/internal/security/security.go:89.59,91.3 1 0
feedshit/internal/security/security.go:93.2,94.64 2 1
feedshit/internal/security/security.go:99.56,100.39 1 1
feedshit/internal/security/security.go:100.39,102.3 1 0
feedshit/internal/security/security.go:103.2,104.16 2 1
feedshit/internal/security/security.go:104.16,106.3 1 1
feedshit/internal/security/security.go:107.2,108.26 2 1
feedshit/internal/security/security.go:108.26,110.3 1 0
feedshit/internal/security/security.go:111.2,113.16 3 1
feedshit/internal/security/security.go:113.16,115.3 1 0
feedshit/internal/security/security.go:116.2,117.16 2 1
feedshit/internal/security/security.go:117.16,119.3 1 0
feedshit/internal/security/security.go:120.2,121.16 2 1
feedshit/internal/security/security.go:121.16,123.3 1 1
feedshit/internal/security/security.go:124.2,124.23 1 1
feedshit/internal/security/security.go:128.58,129.26 1 1
feedshit/internal/security/security.go:129.26,131.3 1 1
feedshit/internal/security/security.go:132.2,132.46 1 1
feedshit/internal/security/security.go:136.54,137.26 1 1
feedshit/internal/security/security.go:137.26,139.3 1 0
feedshit/internal/security/security.go:140.2,141.16 2 1
feedshit/internal/security/security.go:141.16,143.3 1 0
feedshit/internal/security/security.go:144.2,144.23 1 1
feedshit/internal/security/security.go:148.33,150.2 1 1
feedshit/internal/security/security.go:155.41,156.26 1 0
feedshit/internal/security/security.go:156.26,158.3 1 0
feedshit/internal/security/security.go:159.2,160.16 2 0
feedshit/internal/security/security.go:160.16,162.3 1 0
feedshit/internal/security/security.go:163.2,164.16 2 0
feedshit/internal/security/security.go:164.16,166.3 1 0
feedshit/internal/security/security.go:167.2,168.16 2 0
feedshit/internal/security/security.go:168.16,170.3 1 0
feedshit/internal/security/security.go:171.2,172.59 2 0
feedshit/internal/security/security.go:172.59,174.3 1 0
feedshit/internal/security/security.go:176.2,177.53 2 0
feedshit/internal/security/security.go:177.53,179.3 1 0
feedshit/internal/security/security.go:180.2,180.12 1 0
feedshit/internal/security/security.go:187.41,188.26 1 0
feedshit/internal/security/security.go:188.26,190.3 1 0
feedshit/internal/security/security.go:191.2,192.16 2 0
feedshit/internal/security/security.go:192.16,194.3 1 0
feedshit/internal/security/security.go:195.2,196.32 2 0
feedshit/internal/security/security.go:196.32,198.3 1 0
feedshit/internal/security/security.go:199.2,201.16 3 0
feedshit/internal/security/security.go:201.16,203.3 1 0
feedshit/internal/security/security.go:204.2,205.16 2 0
feedshit/internal/security/security.go:205.16,207.3 1 0
feedshit/internal/security/security.go:208.2,209.16 2 0
feedshit/internal/security/security.go:209.16,211.3 1 0
feedshit/internal/security/security.go:212.2,212.59 1 0
feedshit/internal/security/security.go:212.59,214.3 1 0
feedshit/internal/security/security.go:215.2,215.12 1 0
feedshit/cmd/feedshit/main.go:25.13,30.58 3 0
feedshit/cmd/feedshit/main.go:30.58,32.3 1 0
feedshit/cmd/feedshit/main.go:33.2,33.57 1 0
feedshit/cmd/feedshit/main.go:33.57,35.3 1 0
feedshit/cmd/feedshit/main.go:39.2,40.40 2 0
feedshit/cmd/feedshit/main.go:40.40,42.36 2 0
feedshit/cmd/feedshit/main.go:42.36,44.50 2 0
feedshit/cmd/feedshit/main.go:44.50,46.5 1 0
feedshit/cmd/feedshit/main.go:47.4,47.61 1 0
feedshit/cmd/feedshit/main.go:47.61,49.5 1 0
feedshit/cmd/feedshit/main.go:50.4,50.52 1 0
feedshit/cmd/feedshit/main.go:50.52,52.5 1 0
feedshit/cmd/feedshit/main.go:53.4,54.94 2 0
feedshit/cmd/feedshit/main.go:55.9,56.52 1 0
feedshit/cmd/feedshit/main.go:56.52,58.5 1 0
feedshit/cmd/feedshit/main.go:59.4,59.62 1 0
feedshit/cmd/feedshit/main.go:61.8,63.3 1 0
feedshit/cmd/feedshit/main.go:66.2,67.16 2 0
feedshit/cmd/feedshit/main.go:67.16,69.3 1 0
feedshit/cmd/feedshit/main.go:70.2,76.46 3 0
feedshit/cmd/feedshit/main.go:76.46,78.3 1 0
feedshit/cmd/feedshit/main.go:81.2,88.57 6 0
feedshit/cmd/feedshit/main.go:88.57,90.3 1 0
feedshit/cmd/feedshit/main.go:90.8,93.3 2 0
feedshit/cmd/feedshit/main.go:96.2,96.12 1 0
feedshit/cmd/feedshit/main.go:96.12,97.7 1 0
feedshit/cmd/feedshit/main.go:97.7,101.59 4 0
feedshit/cmd/feedshit/main.go:101.59,103.5 1 0
feedshit/cmd/feedshit/main.go:103.10,106.5 2 0
feedshit/cmd/feedshit/main.go:111.2,111.12 1 0
feedshit/cmd/feedshit/main.go:111.12,114.22 3 0
feedshit/cmd/feedshit/main.go:114.22,115.84 1 0
feedshit/cmd/feedshit/main.go:115.84,118.5 2 0
feedshit/cmd/feedshit/main.go:123.2,123.12 1 0
feedshit/cmd/feedshit/main.go:123.12,124.7 1 0
feedshit/cmd/feedshit/main.go:124.7,128.30 4 0
feedshit/cmd/feedshit/main.go:128.30,131.5 2 0
feedshit/cmd/feedshit/main.go:132.4,132.43 1 0
feedshit/cmd/feedshit/main.go:132.43,134.5 1 0
feedshit/cmd/feedshit/main.go:135.4,138.80 4 0
feedshit/cmd/feedshit/main.go:138.80,139.67 1 0
feedshit/cmd/feedshit/main.go:139.67,141.6 1 0
feedshit/cmd/feedshit/main.go:142.5,142.54 1 0
feedshit/cmd/feedshit/main.go:143.10,145.5 1 0
feedshit/cmd/feedshit/main.go:150.2,158.33 7 0
feedshit/cmd/feedshit/main.go:158.33,160.3 1 0
feedshit/cmd/feedshit/main.go:160.8,162.3 1 0
feedshit/cmd/feedshit/main.go:165.2,177.12 8 0
feedshit/cmd/feedshit/main.go:177.12,184.43 7 0
feedshit/cmd/feedshit/main.go:184.43,186.4 1 0
feedshit/cmd/feedshit/main.go:189.2,189.76 1 0
feedshit/cmd/feedshit/main.go:189.76,191.3 1 0
feedshit/cmd/feedshit/main.go:192.2,192.32 1 0
feedshit/cmd/feedshit/main.go:196.73,197.18 1 1
feedshit/cmd/feedshit/main.go:197.18,199.3 1 1
feedshit/cmd/feedshit/main.go:200.2,201.16 2 1
feedshit/cmd/feedshit/main.go:201.16,204.3 2 0
feedshit/cmd/feedshit/main.go:205.2,205.16 1 1
feedshit/cmd/feedshit/main.go:205.16,207.3 1 1
feedshit/internal/config/config.go:38.27,60.51 2 1
feedshit/internal/config/config.go:60.51,61.44 1 1
feedshit/internal/config/config.go:61.44,63.15 2 1
feedshit/internal/config/config.go:63.15,65.5 1 1
feedshit/internal/config/config.go:68.2,70.12 3 1
feedshit/internal/config/config.go:73.42,74.34 1 1
feedshit/internal/config/config.go:74.34,76.3 1 1
feedshit/internal/config/config.go:77.2,77.17 1 1
feedshit/internal/config/config.go:80.46,81.34 1 1
feedshit/internal/config/config.go:81.34,82.44 1 1
feedshit/internal/config/config.go:82.44,84.4 1 1
feedshit/internal/config/config.go:86.2,86.17 1 1
feedshit/internal/config/config.go:89.49,90.34 1 1
feedshit/internal/config/config.go:90.34,91.49 1 1
feedshit/internal/config/config.go:91.49,93.4 1 1
feedshit/internal/config/config.go:95.2,95.17 1 1
feedshit/internal/app/app.go:35.139,49.12 2 1
feedshit/internal/app/app.go:49.12,51.22 2 1
feedshit/internal/app/app.go:51.22,55.4 3 0
feedshit/internal/app/app.go:58.2,58.52 1 1
feedshit/internal/app/app.go:58.52,60.3 1 0
feedshit/internal/app/app.go:61.2,61.53 1 1
feedshit/internal/app/app.go:61.53,63.44 2 0
feedshit/internal/app/app.go:63.44,65.15 2 0
feedshit/internal/app/app.go:65.15,67.5 1 0
feedshit/internal/app/app.go:69.3,69.40 1 0
feedshit/internal/app/app.go:71.2,71.10 1 1
feedshit/internal/app/app.go:76.52,78.16 2 0
feedshit/internal/app/app.go:78.16,81.3 2 0
feedshit/internal/app/app.go:84.2,85.16 2 0
feedshit/internal/app/app.go:85.16,88.3 2 0
feedshit/internal/app/app.go:91.2,91.60 1 0
feedshit/internal/app/app.go:91.60,94.3 2 0
feedshit/internal/app/app.go:96.2,100.47 2 0
feedshit/internal/app/app.go:100.47,103.3 2 0
feedshit/internal/app/app.go:104.2,104.42 1 0
feedshit/internal/app/app.go:104.42,107.3 2 0
feedshit/internal/app/app.go:109.2,113.16 4 0
feedshit/internal/app/app.go:113.16,116.3 2 0
feedshit/internal/app/app.go:118.2,122.43 3 0
feedshit/internal/app/app.go:122.43,132.3 4 0
feedshit/internal/app/app.go:135.2,144.79 2 0
feedshit/internal/app/app.go:147.54,149.16 2 0
feedshit/internal/app/app.go:149.16,152.3 2 0
feedshit/internal/app/app.go:155.2,156.15 2 0
feedshit/internal/app/app.go:156.15,159.3 2 0
feedshit/internal/app/app.go:160.2,160.16 1 0
feedshit/internal/app/app.go:160.16,163.3 2 0
feedshit/internal/app/app.go:165.2,166.16 2 0
feedshit/internal/app/app.go:166.16,169.3 2 0
feedshit/internal/app/app.go:170.2,170.18 1 0
feedshit/internal/app/app.go:170.18,172.3 1 0
feedshit/internal/app/app.go:173.2,173.46 1 0
feedshit/internal/app/app.go:176.55,178.16 2 0
feedshit/internal/app/app.go:178.16,181.3 2 0
feedshit/internal/app/app.go:184.2,185.16 2 0
feedshit/internal/app/app.go:185.16,188.3 2 0
feedshit/internal/app/app.go:189.2,189.17 1 0
feedshit/internal/app/app.go:189.17,192.3 2 0
feedshit/internal/app/app.go:194.2,195.15 2 0
feedshit/internal/app/app.go:195.15,198.3 2 0
feedshit/internal/app/app.go:199.2,199.16 1 0
feedshit/internal/app/app.go:199.16,202.3 2 0
feedshit/internal/app/app.go:204.2,204.56 1 0
feedshit/internal/app/app.go:204.56,207.3 2 0
feedshit/internal/app/app.go:209.2,213.60 4 0
feedshit/internal/app/dedup.go:25.25,25.73 1 0
feedshit/internal/app/dedup.go:29.24,29.72 1 0
feedshit/internal/app/dedup.go:32.40,34.25 2 0
feedshit/internal/app/dedup.go:34.25,36.3 1 0
feedshit/internal/app/dedup.go:37.2,37.12 1 0
feedshit/internal/app/dedup.go:37.12,39.3 1 0
feedshit/internal/app/dedup.go:40.2,40.10 1 0
feedshit/internal/app/dedup.go:44.36,49.22 5 0
feedshit/internal/app/dedup.go:49.22,51.3 1 0
feedshit/internal/app/dedup.go:52.2,52.13 1 0
feedshit/internal/app/dedup.go:56.65,58.30 2 0
feedshit/internal/app/dedup.go:58.30,65.3 1 0
feedshit/internal/app/dedup.go:66.2,66.14 1 0
feedshit/internal/app/dedup.go:72.52,75.30 3 0
feedshit/internal/app/dedup.go:75.30,78.3 2 0
feedshit/internal/app/dedup.go:80.2,81.22 2 0
feedshit/internal/app/dedup.go:81.22,83.3 1 0
feedshit/internal/app/dedup.go:86.2,88.16 3 0
feedshit/internal/app/dedup.go:88.16,91.3 2 0
feedshit/internal/app/dedup.go:92.2,92.22 1 0
feedshit/internal/app/dedup.go:92.22,94.3 1 0
feedshit/internal/app/dedup.go:95.2,95.69 1 0
feedshit/internal/app/dedup.go:100.53,102.16 2 0
feedshit/internal/app/dedup.go:102.16,105.3 2 0
feedshit/internal/app/dedup.go:107.2,107.60 1 0
feedshit/internal/app/dedup.go:107.60,110.3 2 0
feedshit/internal/app/dedup.go:111.2,112.16 2 0
feedshit/internal/app/dedup.go:112.16,115.3 2 0
feedshit/internal/app/dedup.go:116.2,116.15 1 0
feedshit/internal/app/dedup.go:116.15,119.3 2 0
feedshit/internal/app/dedup.go:120.2,120.26 1 0
feedshit/internal/app/dedup.go:120.26,123.3 2 0
feedshit/internal/app/dedup.go:124.2,125.16 2 0
feedshit/internal/app/dedup.go:125.16,128.3 2 0
feedshit/internal/app/dedup.go:129.2,129.22 1 0
feedshit/internal/app/dedup.go:129.22,131.3 1 0
feedshit/internal/app/dedup.go:132.2,132.69 1 0
feedshit/internal/app/faq.go:20.26,22.25 2 1
feedshit/internal/app/faq.go:22.25,24.3 1 1
feedshit/internal/app/faq.go:25.2,25.12 1 1
feedshit/internal/app/faq.go:25.12,27.3 1 0
feedshit/internal/app/faq.go:28.2,28.10 1 1
feedshit/internal/app/faq.go:35.47,38.30 3 1
feedshit/internal/app/faq.go:38.30,41.3 2 1
feedshit/internal/app/faq.go:43.2,44.22 2 1
feedshit/internal/app/faq.go:44.22,46.3 1 0
feedshit/internal/app/faq.go:48.2,50.16 3 1
feedshit/internal/app/faq.go:50.16,53.3 2 0
feedshit/internal/app/faq.go:54.2,54.17 1 1
feedshit/internal/app/faq.go:54.17,56.3 1 1
feedshit/internal/app/faq.go:57.2,58.25 2 1
feedshit/internal/app/faq.go:58.25,64.3 1 1
feedshit/internal/app/faq.go:65.2,65.46 1 1
feedshit/internal/app/faq.go:70.45,73.35 3 1
feedshit/internal/app/faq.go:73.35,76.3 2 0
feedshit/internal/app/faq.go:78.2,78.57 1 1
feedshit/internal/app/faq.go:78.57,81.3 2 0
feedshit/internal/app/faq.go:82.2,83.16 2 1
feedshit/internal/app/faq.go:83.16,86.3 2 0
feedshit/internal/app/faq.go:87.2,87.17 1 1
feedshit/internal/app/faq.go:87.17,89.3 1 0
feedshit/internal/app/faq.go:90.2,90.44 1 1
feedshit/internal/app/faq.go:95.46,98.35 3 1
feedshit/internal/app/faq.go:98.35,101.3 2 0
feedshit/internal/app/faq.go:103.2,103.57 1 1
feedshit/internal/app/faq.go:103.57,106.3 2 0
feedshit/internal/app/faq.go:107.2,113.47 2 1
feedshit/internal/app/faq.go:113.47,116.3 2 0
feedshit/internal/app/faq.go:117.2,117.43 1 1
feedshit/internal/app/faq.go:117.43,120.3 2 1
feedshit/internal/app/faq.go:122.2,123.21 2 1
feedshit/internal/app/faq.go:123.21,126.3 2 1
feedshit/internal/app/faq.go:127.2,128.25 2 1
feedshit/internal/app/faq.go:128.25,130.3 1 1
feedshit/internal/app/faq.go:131.2,132.16 2 1
feedshit/internal/app/faq.go:132.16,135.3 2 0
feedshit/internal/app/faq.go:136.2,139.74 4 1
feedshit/internal/app/faq.go:144.46,147.16 3 1
feedshit/internal/app/faq.go:147.16,150.3 2 0
feedshit/internal/app/faq.go:152.2,152.57 1 1
feedshit/internal/app/faq.go:152.57,155.3 2 0
feedshit/internal/app/faq.go:156.2,162.47 2 1
feedshit/internal/app/faq.go:162.47,165.3 2 0
feedshit/internal/app/faq.go:166.2,166.43 1 1
feedshit/internal/app/faq.go:166.43,169.3 2 0
feedshit/internal/app/faq.go:170.2,171.25 2 1
feedshit/internal/app/faq.go:171.25,173.3 1 0
feedshit/internal/app/faq.go:174.2,174.119 1 1
feedshit/internal/app/faq.go:174.119,175.27 1 1
feedshit/internal/app/faq.go:175.27,178.4 2 1
feedshit/internal/app/faq.go:179.3,180.9 2 0
feedshit/internal/app/faq.go:182.2,185.54 4 1
feedshit/internal/app/faq.go:190.46,193.16 3 1
feedshit/internal/app/faq.go:193.16,196.3 2 0
feedshit/internal/app/faq.go:198.2,198.57 1 1
feedshit/internal/app/faq.go:198.57,201.3 2 0
feedshit/internal/app/faq.go:202.2,202.49 1 1
feedshit/internal/app/faq.go:202.49,203.27 1 1
feedshit/internal/app/faq.go:203.27,206.4 2 1
feedshit/internal/app/faq.go:207.3,208.9 2 0
feedshit/internal/app/faq.go:210.2,213.54 4 1
feedshit/internal/app/faq.go:220.72,222.13 2 1
feedshit/internal/app/faq.go:222.13,224.3 1 1
feedshit/internal/app/faq.go:225.2,226.24 2 0
feedshit/internal/app/faq.go:226.24,228.3 1 0
feedshit/internal/app/faq.go:229.2,231.23 3 0
feedshit/internal/app/faq.go:231.23,233.3 1 0
feedshit/internal/app/faq.go:234.2,235.18 2 0
feedshit/internal/app/faq.go:235.18,237.3 1 0
feedshit/internal/app/faq.go:238.2,239.35 2 0
feedshit/internal/app/faq.go:239.35,241.3 1 0
feedshit/internal/app/faq.go:242.2,242.26 1 0
feedshit/internal/app/faq.go:242.26,243.22 1 0
feedshit/internal/app/faq.go:243.22,245.4 1 0
feedshit/internal/app/faq.go:247.2,247.44 1 0
feedshit/internal/app/handler_admin.go:18.42,20.48 1 0
feedshit/internal/app/handler_admin.go:20.48,23.3 2 0
feedshit/internal/app/handler_admin.go:25.2,28.39 2 0
feedshit/internal/app/handler_admin.go:28.39,33.3 2 0
feedshit/internal/app/handler_admin.go:35.2,39.47 2 0
feedshit/internal/app/handler_admin.go:39.47,42.3 2 0
feedshit/internal/app/handler_admin.go:45.2,48.50 4 0
feedshit/internal/app/handler_admin.go:48.50,49.54 1 0
feedshit/internal/app/handler_admin.go:49.54,52.4 2 0
feedshit/internal/app/handler_admin.go:56.2,56.20 1 0
feedshit/internal/app/handler_admin.go:56.20,61.19 5 0
feedshit/internal/app/handler_admin.go:61.19,63.4 1 0
feedshit/internal/app/handler_admin.go:64.3,64.18 1 0
feedshit/internal/app/handler_admin.go:64.18,66.4 1 0
feedshit/internal/app/handler_admin.go:67.3,67.105 1 0
feedshit/internal/app/handler_admin.go:67.105,70.4 2 0
feedshit/internal/app/handler_admin.go:73.2,73.20 1 0
feedshit/internal/app/handler_admin.go:73.20,76.20 3 0
feedshit/internal/app/handler_admin.go:76.20,78.4 1 0
feedshit/internal/app/handler_admin.go:79.3,83.9 2 0
feedshit/internal/app/handler_admin.go:87.2,97.71 8 0
feedshit/internal/app/handler_admin.go:100.43,102.33 2 0
feedshit/internal/app/handler_admin.go:102.33,104.3 1 0
feedshit/internal/app/handler_admin.go:105.2,107.54 3 0
feedshit/internal/app/handler_admin.go:111.49,114.9 3 0
feedshit/internal/app/handler_admin.go:114.9,117.3 2 0
feedshit/internal/app/handler_admin.go:118.2,119.55 2 0
feedshit/internal/app/handler_admin.go:125.51,132.2 3 0
feedshit/internal/app/handler_admin.go:137.47,139.16 2 0
feedshit/internal/app/handler_admin.go:139.16,142.3 2 0
feedshit/internal/app/handler_admin.go:143.2,143.19 1 0
feedshit/internal/app/handler_admin.go:143.19,145.3 1 0
feedshit/internal/app/handler_admin.go:146.2,146.48 1 0
feedshit/internal/app/handler_admin.go:150.48,161.47 2 0
feedshit/internal/app/handler_admin.go:161.47,164.3 2 0
feedshit/internal/app/handler_admin.go:166.2,167.24 2 0
feedshit/internal/app/handler_admin.go:167.24,170.3 2 0
feedshit/internal/app/handler_admin.go:171.2,171.53 1 0
feedshit/internal/app/handler_admin.go:171.53,174.3 2 0
feedshit/internal/app/handler_admin.go:175.2,175.24 1 0
feedshit/internal/app/handler_admin.go:175.24,178.3 2 0
feedshit/internal/app/handler_admin.go:179.2,179.63 1 0
feedshit/internal/app/handler_admin.go:179.63,182.3 2 0
feedshit/internal/app/handler_admin.go:184.2,185.27 2 0
feedshit/internal/app/handler_admin.go:185.27,187.3 1 0
feedshit/internal/app/handler_admin.go:190.2,191.25 2 0
feedshit/internal/app/handler_admin.go:191.25,194.32 3 0
feedshit/internal/app/handler_admin.go:194.32,195.27 1 0
feedshit/internal/app/handler_admin.go:195.27,198.5 2 0
feedshit/internal/app/handler_admin.go:199.4,199.27 1 0
feedshit/internal/app/handler_admin.go:199.27,201.5 1 0
feedshit/internal/app/handler_admin.go:202.4,202.27 1 0
feedshit/internal/app/handler_admin.go:202.27,205.5 2 0
feedshit/internal/app/handler_admin.go:206.4,207.34 2 0
feedshit/internal/app/handler_admin.go:207.34,210.5 2 0
feedshit/internal/app/handler_admin.go:211.4,211.28 1 0
feedshit/internal/app/handler_admin.go:211.28,213.34 2 0
feedshit/internal/app/handler_admin.go:213.34,216.6 2 0
feedshit/internal/app/handler_admin.go:218.4,218.119 1 0
feedshit/internal/app/handler_admin.go:223.2,224.21 2 0
feedshit/internal/app/handler_admin.go:224.21,227.3 2 0
feedshit/internal/app/handler_admin.go:229.2,230.16 2 0
feedshit/internal/app/handler_admin.go:230.16,233.3 2 0
feedshit/internal/app/handler_admin.go:235.2,236.16 2 0
feedshit/internal/app/handler_admin.go:236.16,239.3 2 0
feedshit/internal/app/handler_admin.go:242.2,242.21 1 0
feedshit/internal/app/handler_admin.go:242.21,243.60 1 0
feedshit/internal/app/handler_admin.go:243.60,245.4 1 0
feedshit/internal/app/handler_admin.go:248.2,252.78 4 0
feedshit/internal/app/handler_admin.go:256.48,258.16 2 0
feedshit/internal/app/handler_admin.go:258.16,261.3 2 0
feedshit/internal/app/handler_admin.go:263.2,268.47 2 0
feedshit/internal/app/handler_admin.go:268.47,271.3 2 0
feedshit/internal/app/handler_admin.go:273.2,274.32 2 0
feedshit/internal/app/handler_admin.go:274.32,277.3 2 0
feedshit/internal/app/handler_admin.go:280.2,281.76 2 0
feedshit/internal/app/handler_admin.go:281.76,284.3 2 0
feedshit/internal/app/handler_admin.go:286.2,287.27 2 0
feedshit/internal/app/handler_admin.go:287.27,289.3 1 0
feedshit/internal/app/handler_admin.go:291.2,292.25 2 0
feedshit/internal/app/handler_admin.go:292.25,294.3 1 0
feedshit/internal/app/handler_admin.go:296.2,297.24 2 0
feedshit/internal/app/handler_admin.go:297.24,298.64 1 0
feedshit/internal/app/handler_admin.go:298.64,301.4 2 0
feedshit/internal/app/handler_admin.go:302.3,303.17 2 0
feedshit/internal/app/handler_admin.go:303.17,306.4 2 0
feedshit/internal/app/handler_admin.go:309.2,309.74 1 0
feedshit/internal/app/handler_admin.go:309.74,312.3 2 0
feedshit/internal/app/handler_admin.go:314.2,317.63 3 0
feedshit/internal/app/handler_admin.go:321.48,323.16 2 0
feedshit/internal/app/handler_admin.go:323.16,326.3 2 0
feedshit/internal/app/handler_admin.go:328.2,329.32 2 0
feedshit/internal/app/handler_admin.go:329.32,332.3 2 0
feedshit/internal/app/handler_admin.go:335.2,336.35 2 0
feedshit/internal/app/handler_admin.go:336.35,339.3 2 0
feedshit/internal/app/handler_admin.go:341.2,341.45 1 0
feedshit/internal/app/handler_admin.go:341.45,344.3 2 0
feedshit/internal/app/handler_admin.go:346.2,349.63 3 0
feedshit/internal/app/handler_admin.go:355.52,357.16 2 0
feedshit/internal/app/handler_admin.go:357.16,360.3 2 0
feedshit/internal/app/handler_admin.go:362.2,363.32 2 0
feedshit/internal/app/handler_admin.go:363.32,366.3 2 0
feedshit/internal/app/handler_admin.go:368.2,369.16 2 0
feedshit/internal/app/handler_admin.go:369.16,372.3 2 0
feedshit/internal/app/handler_admin.go:373.2,373.19 1 0
feedshit/internal/app/handler_admin.go:373.19,375.3 1 0
feedshit/internal/app/handler_admin.go:376.2,376.48 1 0
feedshit/internal/app/handler_admin.go:380.52,382.16 2 0
feedshit/internal/app/handler_admin.go:382.16,385.3 2 0
feedshit/internal/app/handler_admin.go:387.2,388.32 2 0
feedshit/internal/app/handler_admin.go:388.32,391.3 2 0
feedshit/internal/app/handler_admin.go:393.2,400.47 2 0
feedshit/internal/app/handler_admin.go:400.47,403.3 2 0
feedshit/internal/app/handler_admin.go:405.2,407.31 3 0
feedshit/internal/app/handler_admin.go:407.31,408.26 1 0
feedshit/internal/app/handler_admin.go:408.26,411.4 2 0
feedshit/internal/app/handler_admin.go:412.3,412.26 1 0
feedshit/internal/app/handler_admin.go:412.26,414.4 1 0
feedshit/internal/app/handler_admin.go:415.3,415.26 1 0
feedshit/internal/app/handler_admin.go:415.26,418.4 2 0
feedshit/internal/app/handler_admin.go:420.3,421.32 2 0
feedshit/internal/app/handler_admin.go:421.32,424.4 2 0
feedshit/internal/app/handler_admin.go:426.3,426.27 1 0
feedshit/internal/app/handler_admin.go:426.27,428.35 2 0
feedshit/internal/app/handler_admin.go:428.35,431.5 2 0
feedshit/internal/app/handler_admin.go:433.3,437.5 1 0
feedshit/internal/app/handler_admin.go:440.2,440.57 1 0
feedshit/internal/app/handler_admin.go:440.57,443.3 2 0
feedshit/internal/app/handler_admin.go:445.2,449.82 4 0
feedshit/internal/app/handler_admin.go:453.54,455.16 2 0
feedshit/internal/app/handler_admin.go:455.16,458.3 2 0
feedshit/internal/app/handler_admin.go:460.2,460.56 1 0
feedshit/internal/app/handler_admin.go:460.56,463.3 2 0
feedshit/internal/app/handler_admin.go:465.2,469.60 4 0
feedshit/internal/app/handler_config.go:17.46,19.16 2 0
feedshit/internal/app/handler_config.go:19.16,22.3 2 0
feedshit/internal/app/handler_config.go:23.2,23.25 1 0
feedshit/internal/app/handler_config.go:23.25,24.102 1 0
feedshit/internal/app/handler_config.go:24.102,26.4 1 0
feedshit/internal/app/handler_config.go:28.2,28.49 1 0
feedshit/internal/app/handler_config.go:31.49,36.47 2 0
feedshit/internal/app/handler_config.go:36.47,39.3 2 0
feedshit/internal/app/handler_config.go:41.2,41.27 1 0
feedshit/internal/app/handler_config.go:41.27,43.101 1 0
feedshit/internal/app/handler_config.go:43.101,44.12 1 0
feedshit/internal/app/handler_config.go:46.3,46.66 1 0
feedshit/internal/app/handler_config.go:46.66,49.4 2 0
feedshit/internal/app/handler_config.go:52.2,52.60 1 0
feedshit/internal/app/handler_config.go:56.51,58.16 2 0
feedshit/internal/app/handler_config.go:58.16,61.3 2 0
feedshit/internal/app/handler_config.go:63.2,66.25 3 0
feedshit/internal/app/handler_config.go:66.25,67.62 1 0
feedshit/internal/app/handler_config.go:67.62,69.4 1 0
feedshit/internal/app/handler_config.go:71.2,71.49 1 0
feedshit/internal/app/handler_config.go:75.54,80.47 2 0
feedshit/internal/app/handler_config.go:80.47,83.3 2 0
feedshit/internal/app/handler_config.go:84.2,84.27 1 0
feedshit/internal/app/handler_config.go:84.27,85.67 1 0
feedshit/internal/app/handler_config.go:85.67,86.12 1 0
feedshit/internal/app/handler_config.go:88.3,88.43 1 0
feedshit/internal/app/handler_config.go:90.2,90.66 1 0
feedshit/internal/app/handler_config.go:94.53,96.16 2 0
feedshit/internal/app/handler_config.go:96.16,98.3 1 0
feedshit/internal/app/handler_config.go:99.2,101.4 1 0
feedshit/internal/app/handler_config.go:105.50,111.47 2 0
feedshit/internal/app/handler_config.go:111.47,114.3 2 0
feedshit/internal/app/handler_config.go:117.2,119.17 3 0
feedshit/internal/app/handler_config.go:119.17,121.3 1 0
feedshit/internal/app/handler_config.go:122.2,122.51 1 0
feedshit/internal/app/handler_config.go:122.51,125.3 2 0
feedshit/internal/app/handler_config.go:127.2,127.50 1 0
feedshit/internal/app/handler_config.go:127.50,130.3 2 0
feedshit/internal/app/handler_config.go:131.2,131.27 1 0
feedshit/internal/app/handler_config.go:131.27,132.67 1 0
feedshit/internal/app/handler_config.go:132.67,135.4 2 0
feedshit/internal/app/handler_config.go:136.3,137.17 2 0
feedshit/internal/app/handler_config.go:137.17,140.4 2 0
feedshit/internal/app/handler_config.go:141.3,142.84 2 0
feedshit/internal/app/handler_config.go:145.2,149.66 4 0
feedshit/internal/app/handler_config.go:153.52,155.22 2 0
feedshit/internal/app/handler_config.go:155.22,157.3 1 0
feedshit/internal/app/handler_config.go:158.2,159.23 2 0
feedshit/internal/app/handler_config.go:159.23,161.3 1 0
feedshit/internal/app/handler_config.go:162.2,163.23 2 0
feedshit/internal/app/handler_config.go:163.23,165.3 1 0
feedshit/internal/app/handler_config.go:166.2,167.27 2 0
feedshit/internal/app/handler_config.go:167.27,169.3 1 0
feedshit/internal/app/handler_config.go:170.2,171.23 2 0
feedshit/internal/app/handler_config.go:171.23,173.3 1 0
feedshit/internal/app/handler_config.go:174.2,187.4 2 0
feedshit/internal/app/handler_config.go:191.55,203.47 2 0
feedshit/internal/app/handler_config.go:203.47,206.3 2 0
feedshit/internal/app/handler_config.go:207.2,207.23 1 0
feedshit/internal/app/handler_config.go:207.23,210.3 2 0
feedshit/internal/app/handler_config.go:211.2,211.54 1 0
feedshit/internal/app/handler_config.go:211.54,214.3 2 0
feedshit/internal/app/handler_config.go:215.2,215.23 1 0
feedshit/internal/app/handler_config.go:215.23,218.3 2 0
feedshit/internal/app/handler_config.go:219.2,219.26 1 0
feedshit/internal/app/handler_config.go:219.26,223.3 3 0
feedshit/internal/app/handler_config.go:224.2,224.27 1 0
feedshit/internal/app/handler_config.go:224.27,226.3 1 0
feedshit/internal/app/handler_config.go:227.2,227.27 1 0
feedshit/internal/app/handler_config.go:227.27,229.3 1 0
feedshit/internal/app/handler_config.go:230.2,230.31 1 0
feedshit/internal/app/handler_config.go:230.31,232.3 1 0
feedshit/internal/app/handler_config.go:233.2,233.27 1 0
feedshit/internal/app/handler_config.go:233.27,236.3 2 0
feedshit/internal/app/handler_config.go:237.2,237.30 1 0
feedshit/internal/app/handler_config.go:237.30,241.60 3 0
feedshit/internal/app/handler_config.go:241.60,243.15 2 0
feedshit/internal/app/handler_config.go:243.15,245.5 1 0
feedshit/internal/app/handler_config.go:247.3,247.40 1 0
feedshit/internal/app/handler_config.go:250.2,250.66 1 0
feedshit/internal/app/handler_config.go:256.53,263.2 3 0
feedshit/internal/app/handler_config.go:267.56,272.47 2 0
feedshit/internal/app/handler_config.go:272.47,275.3 2 0
feedshit/internal/app/handler_config.go:277.2,277.31 1 0
feedshit/internal/app/handler_config.go:277.31,279.3 1 0
feedshit/internal/app/handler_config.go:280.2,280.28 1 0
feedshit/internal/app/handler_config.go:280.28,282.3 1 0
feedshit/internal/app/handler_config.go:284.2,288.66 4 0
feedshit/internal/app/handler_feedback.go:23.46,26.74 2 0
feedshit/internal/app/handler_feedback.go:26.74,30.3 3 0
feedshit/internal/app/handler_feedback.go:32.2,33.21 2 0
feedshit/internal/app/handler_feedback.go:33.21,35.3 1 0
feedshit/internal/app/handler_feedback.go:38.2,38.38 1 0
feedshit/internal/app/handler_feedback.go:38.38,41.3 2 0
feedshit/internal/app/handler_feedback.go:43.2,44.17 2 0
feedshit/internal/app/handler_feedback.go:44.17,47.3 2 0
feedshit/internal/app/handler_feedback.go:48.2,51.22 3 0
feedshit/internal/app/handler_feedback.go:51.22,53.3 1 0
feedshit/internal/app/handler_feedback.go:55.2,55.37 1 0
feedshit/internal/app/handler_feedback.go:55.37,58.3 2 0
feedshit/internal/app/handler_feedback.go:61.2,63.77 3 0
feedshit/internal/app/handler_feedback.go:63.77,66.3 2 0
feedshit/internal/app/handler_feedback.go:68.2,69.43 2 0
feedshit/internal/app/handler_feedback.go:69.43,72.3 2 0
feedshit/internal/app/handler_feedback.go:74.2,76.16 3 0
feedshit/internal/app/handler_feedback.go:76.16,79.3 2 0
feedshit/internal/app/handler_feedback.go:81.2,81.41 1 0
feedshit/internal/app/handler_feedback.go:81.41,83.17 2 0
feedshit/internal/app/handler_feedback.go:83.17,86.4 2 0
feedshit/internal/app/handler_feedback.go:87.3,87.37 1 0
feedshit/internal/app/handler_feedback.go:89.2,89.40 1 0
feedshit/internal/app/handler_feedback.go:89.40,91.17 2 0
feedshit/internal/app/handler_feedback.go:91.17,94.4 2 0
feedshit/internal/app/handler_feedback.go:95.3,95.37 1 0
feedshit/internal/app/handler_feedback.go:98.2,106.20 6 0
feedshit/internal/app/handler_feedback.go:106.20,108.51 2 0
feedshit/internal/app/handler_feedback.go:108.51,111.4 2 0
feedshit/internal/app/handler_feedback.go:115.2,134.16 6 0
feedshit/internal/app/handler_feedback.go:134.16,137.3 2 0
feedshit/internal/app/handler_feedback.go:138.2,147.4 4 0
feedshit/internal/app/handler_feedback.go:152.50,162.31 9 0
feedshit/internal/app/handler_feedback.go:162.31,164.3 1 0
feedshit/internal/app/handler_feedback.go:165.2,165.16 1 0
feedshit/internal/app/handler_feedback.go:165.16,167.3 1 0
feedshit/internal/app/handler_feedback.go:169.2,177.24 6 0
feedshit/internal/app/handler_feedback.go:177.24,178.47 1 0
feedshit/internal/app/handler_feedback.go:178.47,180.20 2 0
feedshit/internal/app/handler_feedback.go:180.20,182.20 2 0
feedshit/internal/app/handler_feedback.go:182.20,184.24 1 0
feedshit/internal/app/handler_feedback.go:184.24,187.7 2 0
feedshit/internal/app/handler_feedback.go:189.6,190.30 2 0
feedshit/internal/app/handler_feedback.go:190.30,191.38 1 0
feedshit/internal/app/handler_feedback.go:191.38,193.13 2 0
feedshit/internal/app/handler_feedback.go:197.6,197.32 1 0
feedshit/internal/app/handler_feedback.go:197.32,199.24 1 0
feedshit/internal/app/handler_feedback.go:199.24,202.32 2 0
feedshit/internal/app/handler_feedback.go:202.32,203.31 1 0
feedshit/internal/app/handler_feedback.go:203.31,207.15 3 0
feedshit/internal/app/handler_feedback.go:210.8,210.18 1 0
feedshit/internal/app/handler_feedback.go:210.18,213.9 2 0
feedshit/internal/app/handler_feedback.go:214.13,216.8 1 0
feedshit/internal/app/handler_feedback.go:217.12,219.24 1 0
feedshit/internal/app/handler_feedback.go:219.24,221.32 2 0
feedshit/internal/app/handler_feedback.go:221.32,222.31 1 0
feedshit/internal/app/handler_feedback.go:222.31,224.15 2 0
feedshit/internal/app/handler_feedback.go:227.8,227.18 1 0
feedshit/internal/app/handler_feedback.go:227.18,230.9 2 0
feedshit/internal/app/handler_feedback.go:231.8,231.38 1 0
feedshit/internal/app/handler_feedback.go:232.13,233.32 1 0
feedshit/internal/app/handler_feedback.go:233.32,235.9 1 0
feedshit/internal/app/handler_feedback.go:241.8,243.20 1 0
feedshit/internal/app/handler_feedback.go:243.20,245.4 1 0
feedshit/internal/app/handler_feedback.go:248.2,252.89 4 0
feedshit/internal/app/handler_feedback.go:252.89,254.3 1 0
feedshit/internal/app/handler_feedback.go:254.8,256.3 1 0
feedshit/internal/app/handler_feedback.go:257.2,257.16 1 0
feedshit/internal/app/handler_feedback.go:257.16,260.3 2 0
feedshit/internal/app/handler_feedback.go:262.2,270.4 3 0
feedshit/internal/app/handler_feedback.go:273.48,275.16 2 0
feedshit/internal/app/handler_feedback.go:275.16,278.3 2 0
feedshit/internal/app/handler_feedback.go:280.2,281.16 2 0
feedshit/internal/app/handler_feedback.go:281.16,284.3 2 0
feedshit/internal/app/handler_feedback.go:285.2,285.15 1 0
feedshit/internal/app/handler_feedback.go:285.15,288.3 2 0
feedshit/internal/app/handler_feedback.go:290.2,290.27 1 0
feedshit/internal/app/handler_feedback.go:294.57,296.16 2 0
feedshit/internal/app/handler_feedback.go:296.16,299.3 2 0
feedshit/internal/app/handler_feedback.go:301.2,305.47 2 0
feedshit/internal/app/handler_feedback.go:305.47,308.3 2 0
feedshit/internal/app/handler_feedback.go:310.2,311.52 2 0
feedshit/internal/app/handler_feedback.go:311.52,314.3 2 0
feedshit/internal/app/handler_feedback.go:317.2,318.16 2 0
feedshit/internal/app/handler_feedback.go:318.16,321.3 2 0
feedshit/internal/app/handler_feedback.go:322.2,322.18 1 0
feedshit/internal/app/handler_feedback.go:322.18,325.3 2 0
feedshit/internal/app/handler_feedback.go:326.2,329.76 3 0
feedshit/internal/app/handler_feedback.go:329.76,332.3 2 0
feedshit/internal/app/handler_feedback.go:334.2,339.47 4 0
feedshit/internal/app/handler_feedback.go:339.47,342.18 3 0
feedshit/internal/app/handler_feedback.go:342.18,344.4 1 0
feedshit/internal/app/handler_feedback.go:345.3,355.72 5 0
feedshit/internal/app/handler_feedback.go:355.72,358.4 2 0
feedshit/internal/app/handler_feedback.go:362.2,370.60 2 0
feedshit/internal/app/handler_feedback.go:373.51,375.16 2 0
feedshit/internal/app/handler_feedback.go:375.16,378.3 2 0
feedshit/internal/app/handler_feedback.go:380.2,381.16 2 0
feedshit/internal/app/handler_feedback.go:381.16,384.3 2 0
feedshit/internal/app/handler_feedback.go:387.2,387.60 1 0
feedshit/internal/app/handler_feedback.go:387.60,390.3 2 0
feedshit/internal/app/handler_feedback.go:392.2,395.26 4 0
feedshit/internal/app/handler_feedback.go:395.26,397.67 2 0
feedshit/internal/app/handler_feedback.go:397.67,399.4 1 0
feedshit/internal/app/handler_feedback.go:402.2,402.48 1 0
feedshit/internal/app/handler_feedback.go:402.48,405.3 2 0
feedshit/internal/app/handler_feedback.go:407.2,412.25 5 0
feedshit/internal/app/handler_feedback.go:412.25,414.3 1 0
feedshit/internal/app/handler_feedback.go:415.2,415.46 1 0
feedshit/internal/app/handler_feedback.go:420.59,422.16 2 0
feedshit/internal/app/handler_feedback.go:422.16,425.3 2 0
feedshit/internal/app/handler_feedback.go:428.2,428.60 1 0
feedshit/internal/app/handler_feedback.go:428.60,431.3 2 0
feedshit/internal/app/handler_feedback.go:433.2,436.47 2 0
feedshit/internal/app/handler_feedback.go:436.47,439.3 2 0
feedshit/internal/app/handler_feedback.go:441.2,441.70 1 0
feedshit/internal/app/handler_feedback.go:441.70,444.3 2 0
feedshit/internal/app/handler_feedback.go:446.2,452.15 5 0
feedshit/internal/app/handler_feedback.go:452.15,460.3 1 0
feedshit/internal/app/handler_feedback.go:462.2,462.60 1 0
feedshit/internal/app/handler_feedback.go:467.56,471.47 2 0
feedshit/internal/app/handler_feedback.go:471.47,474.3 2 0
feedshit/internal/app/handler_feedback.go:475.2,475.23 1 0
feedshit/internal/app/handler_feedback.go:475.23,478.3 2 0
feedshit/internal/app/handler_feedback.go:479.2,479.24 1 0
feedshit/internal/app/handler_feedback.go:479.24,482.3 2 0
feedshit/internal/app/handler_feedback.go:485.2,485.29 1 0
feedshit/internal/app/handler_feedback.go:485.29,487.17 2 0
feedshit/internal/app/handler_feedback.go:487.17,488.12 1 0
feedshit/internal/app/handler_feedback.go:490.3,492.27 3 0
feedshit/internal/app/handler_feedback.go:492.27,495.4 2 0
feedshit/internal/app/handler_feedback.go:498.2,499.16 2 0
feedshit/internal/app/handler_feedback.go:499.16,502.3 2 0
feedshit/internal/app/handler_feedback.go:504.2,508.112 4 0
feedshit/internal/app/handler_feedback.go:511.53,516.47 2 0
feedshit/internal/app/handler_feedback.go:516.47,519.3 2 0
feedshit/internal/app/handler_feedback.go:520.2,520.23 1 0
feedshit/internal/app/handler_feedback.go:520.23,523.3 2 0
feedshit/internal/app/handler_feedback.go:524.2,524.24 1 0
feedshit/internal/app/handler_feedback.go:524.24,527.3 2 0
feedshit/internal/app/handler_feedback.go:529.2,530.32 2 0
feedshit/internal/app/handler_feedback.go:530.32,533.3 2 0
feedshit/internal/app/handler_feedback.go:535.2,536.16 2 0
feedshit/internal/app/handler_feedback.go:536.16,539.3 2 0
feedshit/internal/app/handler_feedback.go:541.2,545.118 4 0
feedshit/internal/app/handler_feedback.go:551.51,556.47 2 0
feedshit/internal/app/handler_feedback.go:556.47,559.3 2 0
feedshit/internal/app/handler_feedback.go:560.2,560.23 1 0
feedshit/internal/app/handler_feedback.go:560.23,563.3 2 0
feedshit/internal/app/handler_feedback.go:565.2,566.16 2 0
feedshit/internal/app/handler_feedback.go:566.16,569.3 2 0
feedshit/internal/app/handler_feedback.go:571.2,575.106 4 0
feedshit/internal/app/handler_feedback.go:579.55,584.47 2 0
feedshit/internal/app/handler_feedback.go:584.47,587.3 2 0
feedshit/internal/app/handler_feedback.go:588.2,588.23 1 0
feedshit/internal/app/handler_feedback.go:588.23,591.3 2 0
feedshit/internal/app/handler_feedback.go:593.2,594.16 2 0
feedshit/internal/app/handler_feedback.go:594.16,597.3 2 0
feedshit/internal/app/handler_feedback.go:599.2,603.106 4 0
feedshit/internal/app/handler_feedback.go:607.55,612.47 2 0
feedshit/internal/app/handler_feedback.go:612.47,615.3 2 0
feedshit/internal/app/handler_feedback.go:616.2,616.23 1 0
feedshit/internal/app/handler_feedback.go:616.23,619.3 2 0
feedshit/internal/app/handler_feedback.go:621.2,622.36 2 0
feedshit/internal/app/handler_feedback.go:622.36,625.3 2 0
feedshit/internal/app/handler_feedback.go:627.2,628.16 2 0
feedshit/internal/app/handler_feedback.go:628.16,631.3 2 0
feedshit/internal/app/handler_feedback.go:633.2,637.106 4 0
feedshit/internal/app/handler_feedback.go:643.59,645.16 2 0
feedshit/internal/app/handler_feedback.go:645.16,648.3 2 0
feedshit/internal/app/handler_feedback.go:651.2,651.60 1 0
feedshit/internal/app/handler_feedback.go:651.60,654.3 2 0
feedshit/internal/app/handler_feedback.go:656.2,659.47 2 0
feedshit/internal/app/handler_feedback.go:659.47,662.3 2 0
feedshit/internal/app/handler_feedback.go:664.2,665.36 2 0
feedshit/internal/app/handler_feedback.go:665.36,668.3 2 0
feedshit/internal/app/handler_feedback.go:670.2,670.70 1 0
feedshit/internal/app/handler_feedback.go:670.70,673.3 2 0
feedshit/internal/app/handler_feedback.go:675.2,681.15 5 0
feedshit/internal/app/handler_feedback.go:681.15,689.3 1 0
feedshit/internal/app/handler_feedback.go:691.2,691.63 1 0
feedshit/internal/app/handler_feedback.go:695.52,697.16 2 0
feedshit/internal/app/handler_feedback.go:697.16,700.3 2 0
feedshit/internal/app/handler_feedback.go:702.2,705.47 2 0
feedshit/internal/app/handler_feedback.go:705.47,708.3 2 0
feedshit/internal/app/handler_feedback.go:710.2,710.51 1 0
feedshit/internal/app/handler_feedback.go:710.51,713.3 2 0
feedshit/internal/app/handler_feedback.go:716.2,717.16 2 0
feedshit/internal/app/handler_feedback.go:717.16,720.3 2 0
feedshit/internal/app/handler_feedback.go:721.2,721.15 1 0
feedshit/internal/app/handler_feedback.go:721.15,724.3 2 0
feedshit/internal/app/handler_feedback.go:726.2,727.17 2 0
feedshit/internal/app/handler_feedback.go:727.17,730.3 2 0
feedshit/internal/app/handler_feedback.go:731.2,731.19 1 0
feedshit/internal/app/handler_feedback.go:731.19,734.3 2 0
feedshit/internal/app/handler_feedback.go:735.2,735.38 1 0
feedshit/internal/app/handler_feedback.go:735.38,738.3 2 0
feedshit/internal/app/handler_feedback.go:740.2,740.66 1 0
feedshit/internal/app/handler_feedback.go:740.66,743.3 2 0
feedshit/internal/app/handler_feedback.go:745.2,749.63 4 0
feedshit/internal/app/handler_feedback.go:753.52,755.16 2 0
feedshit/internal/app/handler_feedback.go:755.16,758.3 2 0
feedshit/internal/app/handler_feedback.go:760.2,760.49 1 0
feedshit/internal/app/handler_feedback.go:760.49,763.3 2 0
feedshit/internal/app/handler_feedback.go:765.2,769.66 4 0
feedshit/internal/app/handler_feedback.go:774.59,776.16 2 0
feedshit/internal/app/handler_feedback.go:776.16,779.3 2 0
feedshit/internal/app/handler_feedback.go:780.2,783.47 2 0
feedshit/internal/app/handler_feedback.go:783.47,786.3 2 0
feedshit/internal/app/handler_feedback.go:788.2,789.16 2 0
feedshit/internal/app/handler_feedback.go:789.16,792.3 2 0
feedshit/internal/app/handler_feedback.go:793.2,793.15 1 0
feedshit/internal/app/handler_feedback.go:793.15,796.3 2 0
feedshit/internal/app/handler_feedback.go:798.2,798.24 1 0
feedshit/internal/app/handler_feedback.go:798.24,800.34 2 0
feedshit/internal/app/handler_feedback.go:800.34,803.4 2 0
feedshit/internal/app/handler_feedback.go:804.3,804.20 1 0
feedshit/internal/app/handler_feedback.go:804.20,807.4 2 0
feedshit/internal/app/handler_feedback.go:809.3,810.25 2 0
feedshit/internal/app/handler_feedback.go:810.25,812.48 2 0
feedshit/internal/app/handler_feedback.go:812.48,814.21 2 0
feedshit/internal/app/handler_feedback.go:814.21,817.35 3 0
feedshit/internal/app/handler_feedback.go:817.35,820.7 2 0
feedshit/internal/app/handler_feedback.go:825.2,825.70 1 0
feedshit/internal/app/handler_feedback.go:825.70,828.3 2 0
feedshit/internal/app/handler_feedback.go:829.2,832.60 4 0
feedshit/internal/app/handler_feedback.go:835.55,840.47 2 0
feedshit/internal/app/handler_feedback.go:840.47,843.3 2 0
feedshit/internal/app/handler_feedback.go:844.2,844.23 1 0
feedshit/internal/app/handler_feedback.go:844.23,847.3 2 0
feedshit/internal/app/handler_feedback.go:848.2,849.16 2 0
feedshit/internal/app/handler_feedback.go:849.16,852.3 2 0
feedshit/internal/app/handler_feedback.go:853.2,856.52 4 0
feedshit/internal/app/handler_misc.go:24.52,26.16 2 0
feedshit/internal/app/handler_misc.go:26.16,28.3 1 0
feedshit/internal/app/handler_misc.go:29.2,29.26 1 0
feedshit/internal/app/handler_misc.go:32.34,34.2 1 0
feedshit/internal/app/handler_misc.go:36.50,37.26 1 0
feedshit/internal/app/handler_misc.go:37.26,39.3 1 0
feedshit/internal/app/handler_misc.go:41.2,41.51 1 0
feedshit/internal/app/handler_misc.go:46.54,47.23 1 0
feedshit/internal/app/handler_misc.go:47.23,49.3 1 0
feedshit/internal/app/handler_misc.go:50.2,51.29 2 0
feedshit/internal/app/handler_misc.go:51.29,52.10 1 0
feedshit/internal/app/handler_misc.go:53.29,54.19 1 0
feedshit/internal/app/handler_misc.go:55.29,56.19 1 0
feedshit/internal/app/handler_misc.go:57.29,58.19 1 0
feedshit/internal/app/handler_misc.go:61.2,61.15 1 0
feedshit/internal/app/handler_misc.go:61.15,63.3 1 0
feedshit/internal/app/handler_misc.go:64.2,64.15 1 0
feedshit/internal/app/handler_misc.go:64.15,66.3 1 0
feedshit/internal/app/handler_misc.go:67.2,67.15 1 0
feedshit/internal/app/handler_misc.go:67.15,69.3 1 0
feedshit/internal/app/handler_misc.go:70.2,70.12 1 0
feedshit/internal/app/handler_misc.go:75.95,77.24 2 0
feedshit/internal/app/handler_misc.go:77.24,79.17 2 0
feedshit/internal/app/handler_misc.go:79.17,81.4 1 0
feedshit/internal/app/handler_misc.go:82.3,82.16 1 0
feedshit/internal/app/handler_misc.go:85.2,86.16 2 0
feedshit/internal/app/handler_misc.go:86.16,88.3 1 0
feedshit/internal/app/handler_misc.go:90.2,91.46 2 0
feedshit/internal/app/handler_misc.go:91.46,93.19 2 0
feedshit/internal/app/handler_misc.go:93.19,95.27 2 0
feedshit/internal/app/handler_misc.go:95.27,98.5 1 0
feedshit/internal/app/handler_misc.go:99.4,100.36 2 0
feedshit/internal/app/handler_misc.go:100.36,102.5 1 0
feedshit/internal/app/handler_misc.go:105.2,105.15 1 0
feedshit/internal/app/handler_misc.go:111.94,113.24 2 0
feedshit/internal/app/handler_misc.go:113.24,115.17 2 0
feedshit/internal/app/handler_misc.go:115.17,117.4 1 0
feedshit/internal/app/handler_misc.go:118.3,118.16 1 0
feedshit/internal/app/handler_misc.go:121.2,122.16 2 0
feedshit/internal/app/handler_misc.go:122.16,124.3 1 0
feedshit/internal/app/handler_misc.go:126.2,127.46 2 0
feedshit/internal/app/handler_misc.go:127.46,129.19 2 0
feedshit/internal/app/handler_misc.go:129.19,131.27 2 0
feedshit/internal/app/handler_misc.go:131.27,133.5 1 0
feedshit/internal/app/handler_misc.go:136.2,136.15 1 0
feedshit/internal/app/handler_misc.go:145.86,147.29 2 0
feedshit/internal/app/handler_misc.go:147.29,149.3 1 0
feedshit/internal/app/handler_misc.go:152.2,153.16 2 0
feedshit/internal/app/handler_misc.go:153.16,155.3 1 0
feedshit/internal/app/handler_misc.go:156.2,162.39 5 0
feedshit/internal/app/handler_misc.go:162.39,164.3 1 0
feedshit/internal/app/handler_misc.go:167.2,167.53 1 0
feedshit/internal/app/handler_misc.go:167.53,169.3 1 0
feedshit/internal/app/handler_misc.go:171.2,178.50 7 0
feedshit/internal/app/handler_misc.go:178.50,180.3 1 0
feedshit/internal/app/handler_misc.go:182.2,186.16 4 0
feedshit/internal/app/handler_misc.go:186.16,188.3 1 0
feedshit/internal/app/handler_misc.go:189.2,192.19 2 0
feedshit/internal/app/handler_misc.go:192.19,194.17 2 0
feedshit/internal/app/handler_misc.go:194.17,196.4 1 0
feedshit/internal/app/handler_misc.go:197.3,198.55 2 0
feedshit/internal/app/handler_misc.go:198.55,200.4 1 0
feedshit/internal/app/handler_misc.go:201.8,202.46 1 0
feedshit/internal/app/handler_misc.go:202.46,204.4 1 0
feedshit/internal/app/handler_misc.go:207.2,207.39 1 0
feedshit/internal/app/handler_misc.go:212.49,213.26 1 0
feedshit/internal/app/handler_misc.go:213.26,215.3 1 0
feedshit/internal/app/handler_misc.go:216.2,216.65 1 0
feedshit/internal/app/handler_misc.go:216.65,218.3 1 0
feedshit/internal/app/handler_misc.go:220.2,220.46 1 0
feedshit/internal/app/handler_misc.go:220.46,222.3 1 0
feedshit/internal/app/handler_misc.go:224.2,224.77 1 0
feedshit/internal/app/handler_misc.go:224.77,226.3 1 0
feedshit/internal/app/handler_misc.go:227.2,227.50 1 0
feedshit/internal/app/handler_misc.go:231.86,234.24 3 0
feedshit/internal/app/handler_misc.go:234.24,236.3 1 0
feedshit/internal/app/handler_misc.go:238.2,239.26 2 0
feedshit/internal/app/handler_misc.go:239.26,241.3 1 0
feedshit/internal/app/handler_misc.go:242.2,242.45 1 0
feedshit/internal/app/handler_misc.go:247.59,250.24 3 0
feedshit/internal/app/handler_misc.go:250.24,252.3 1 0
feedshit/internal/app/handler_misc.go:253.2,255.23 3 0
feedshit/internal/app/handler_misc.go:255.23,257.3 1 0
feedshit/internal/app/handler_misc.go:258.2,259.18 2 0
feedshit/internal/app/handler_misc.go:259.18,261.3 1 0
feedshit/internal/app/handler_misc.go:262.2,263.35 2 0
feedshit/internal/app/handler_misc.go:263.35,265.3 1 0
feedshit/internal/app/handler_misc.go:266.2,267.26 2 0
feedshit/internal/app/handler_misc.go:267.26,269.3 1 0
feedshit/internal/app/handler_misc.go:270.2,270.12 1 0
feedshit/internal/app/handler_misc.go:275.43,281.36 4 0
feedshit/internal/app/handler_misc.go:281.36,285.3 3 0
feedshit/internal/app/handler_misc.go:285.8,287.3 1 0
feedshit/internal/app/handler_misc.go:289.2,292.4 1 0
feedshit/internal/app/handler_misc.go:298.43,304.2 2 0
feedshit/internal/app/handler_misc.go:307.39,309.48 1 0
feedshit/internal/app/handler_misc.go:309.48,312.3 2 0
feedshit/internal/app/handler_misc.go:314.2,318.47 2 0
feedshit/internal/app/handler_misc.go:318.47,321.3 2 0
feedshit/internal/app/handler_misc.go:323.2,323.32 1 0
feedshit/internal/app/handler_misc.go:323.32,326.3 2 0
feedshit/internal/app/handler_misc.go:327.2,327.68 1 0
feedshit/internal/app/handler_misc.go:327.68,330.3 2 0
feedshit/internal/app/handler_misc.go:333.2,334.16 2 0
feedshit/internal/app/handler_misc.go:334.16,337.3 2 0
feedshit/internal/app/handler_misc.go:340.2,346.83 5 0
feedshit/internal/app/handler_misc.go:346.83,348.3 1 0
feedshit/internal/app/handler_misc.go:351.2,353.57 2 0
feedshit/internal/app/handler_misc.go:359.38,361.2 1 0
feedshit/internal/app/handler_misc.go:365.46,367.51 2 0
feedshit/internal/app/handler_misc.go:367.51,369.3 1 0
feedshit/internal/app/handler_misc.go:370.2,370.19 1 0
feedshit/internal/app/handler_misc.go:370.19,373.3 2 0
feedshit/internal/app/handler_misc.go:375.2,376.37 2 0
feedshit/internal/app/handler_misc.go:376.37,379.3 2 0
feedshit/internal/app/handler_misc.go:383.2,387.16 4 0
feedshit/internal/app/handler_misc.go:387.16,390.3 2 0
feedshit/internal/app/handler_misc.go:391.2,392.16 2 0
feedshit/internal/app/handler_misc.go:392.16,395.3 2 0
feedshit/internal/app/handler_misc.go:396.2,397.79 2 0
feedshit/internal/app/handler_misc.go:397.79,400.3 2 0
feedshit/internal/app/handler_misc.go:402.2,403.32 2 0
feedshit/internal/app/handler_misc.go:403.32,406.3 2 0
feedshit/internal/app/handler_misc.go:408.2,408.21 1 0
feedshit/internal/app/handler_project.go:22.50,24.16 2 0
feedshit/internal/app/handler_project.go:24.16,27.3 2 0
feedshit/internal/app/handler_project.go:29.2,30.29 2 0
feedshit/internal/app/handler_project.go:30.29,31.34 1 0
feedshit/internal/app/handler_project.go:31.34,33.4 1 0
feedshit/internal/app/handler_project.go:35.2,35.50 1 0
feedshit/internal/app/handler_project.go:40.49,46.29 4 0
feedshit/internal/app/handler_project.go:46.29,48.3 1 0
feedshit/internal/app/handler_project.go:48.8,48.37 1 0
feedshit/internal/app/handler_project.go:48.37,50.3 1 0
feedshit/internal/app/handler_project.go:50.8,52.3 1 0
feedshit/internal/app/handler_project.go:53.2,53.16 1 0
feedshit/internal/app/handler_project.go:53.16,56.3 2 0
feedshit/internal/app/handler_project.go:59.2,61.74 3 0
feedshit/internal/app/handler_project.go:61.74,63.19 2 0
feedshit/internal/app/handler_project.go:63.19,65.27 2 0
feedshit/internal/app/handler_project.go:65.27,67.36 2 0
feedshit/internal/app/handler_project.go:67.36,69.6 1 0
feedshit/internal/app/handler_project.go:70.5,71.32 2 0
feedshit/internal/app/handler_project.go:71.32,72.28 1 0
feedshit/internal/app/handler_project.go:72.28,74.7 1 0
feedshit/internal/app/handler_project.go:76.5,76.24 1 0
feedshit/internal/app/handler_project.go:81.2,81.21 1 0
feedshit/internal/app/handler_project.go:81.21,83.3 1 0
feedshit/internal/app/handler_project.go:85.2,85.52 1 0
feedshit/internal/app/handler_project.go:88.50,95.47 2 0
feedshit/internal/app/handler_project.go:95.47,98.3 2 0
feedshit/internal/app/handler_project.go:99.2,99.38 1 0
feedshit/internal/app/handler_project.go:99.38,102.3 2 0
feedshit/internal/app/handler_project.go:104.2,104.30 1 0
feedshit/internal/app/handler_project.go:104.30,105.88 1 0
feedshit/internal/app/handler_project.go:105.88,108.4 2 0
feedshit/internal/app/handler_project.go:111.2,112.22 2 0
feedshit/internal/app/handler_project.go:112.22,114.3 1 0
feedshit/internal/app/handler_project.go:115.2,123.16 3 0
feedshit/internal/app/handler_project.go:123.16,124.46 1 0
feedshit/internal/app/handler_project.go:124.46,127.4 2 0
feedshit/internal/app/handler_project.go:128.3,129.9 2 0
feedshit/internal/app/handler_project.go:132.2,136.75 4 0
feedshit/internal/app/handler_project.go:139.50,141.16 2 0
feedshit/internal/app/handler_project.go:141.16,144.3 2 0
feedshit/internal/app/handler_project.go:145.2,153.47 2 0
feedshit/internal/app/handler_project.go:153.47,156.3 2 0
feedshit/internal/app/handler_project.go:159.2,160.16 2 0
feedshit/internal/app/handler_project.go:160.16,163.3 2 0
feedshit/internal/app/handler_project.go:166.2,166.49 1 0
feedshit/internal/app/handler_project.go:166.49,168.3 1 0
feedshit/internal/app/handler_project.go:171.2,172.22 2 0
feedshit/internal/app/handler_project.go:172.22,174.23 2 0
feedshit/internal/app/handler_project.go:174.23,176.4 1 0
feedshit/internal/app/handler_project.go:179.2,188.46 2 0
feedshit/internal/app/handler_project.go:188.46,191.3 2 0
feedshit/internal/app/handler_project.go:192.2,192.60 1 0
feedshit/internal/app/handler_project.go:195.50,197.16 2 0
feedshit/internal/app/handler_project.go:197.16,200.3 2 0
feedshit/internal/app/handler_project.go:203.2,204.16 2 0
feedshit/internal/app/handler_project.go:204.16,207.3 2 0
feedshit/internal/app/handler_project.go:210.2,211.16 2 0
feedshit/internal/app/handler_project.go:211.16,212.32 1 0
feedshit/internal/app/handler_project.go:212.32,215.28 3 0
feedshit/internal/app/handler_project.go:215.28,217.87 2 0
feedshit/internal/app/handler_project.go:217.87,219.6 1 0
feedshit/internal/app/handler_project.go:225.2,225.47 1 0
feedshit/internal/app/handler_project.go:225.47,228.3 2 0
feedshit/internal/app/handler_project.go:230.2,234.75 4 0
feedshit/internal/app/handler_project.go:240.51,242.16 2 0
feedshit/internal/app/handler_project.go:242.16,245.3 2 0
feedshit/internal/app/handler_project.go:247.2,250.47 2 0
feedshit/internal/app/handler_project.go:250.47,253.3 2 0
feedshit/internal/app/handler_project.go:255.2,255.62 1 0
feedshit/internal/app/handler_project.go:255.62,258.3 2 0
feedshit/internal/app/handler_project.go:260.2,263.19 4 0
feedshit/internal/app/handler_project.go:263.19,265.3 1 0
feedshit/internal/app/handler_project.go:266.2,268.63 2 0
feedshit/internal/app/handler_project.go:273.51,275.16 2 0
feedshit/internal/app/handler_project.go:275.16,278.3 2 0
feedshit/internal/app/handler_project.go:279.2,280.35 2 0
feedshit/internal/app/handler_project.go:280.35,283.3 2 0
feedshit/internal/app/handler_project.go:284.2,285.16 2 0
feedshit/internal/app/handler_project.go:285.16,288.3 2 0
feedshit/internal/app/handler_project.go:289.2,289.23 1 0
feedshit/internal/app/handler_project.go:289.23,291.3 1 0
feedshit/internal/app/handler_project.go:292.2,292.56 1 0
feedshit/internal/app/handler_project.go:295.51,297.16 2 0
feedshit/internal/app/handler_project.go:297.16,300.3 2 0
feedshit/internal/app/handler_project.go:301.2,302.35 2 0
feedshit/internal/app/handler_project.go:302.35,305.3 2 0
feedshit/internal/app/handler_project.go:306.2,313.47 3 0
feedshit/internal/app/handler_project.go:313.47,316.3 2 0
feedshit/internal/app/handler_project.go:317.2,317.37 1 0
feedshit/internal/app/handler_project.go:317.37,320.3 2 0
feedshit/internal/app/handler_project.go:322.2,323.21 2 0
feedshit/internal/app/handler_project.go:323.21,326.3 2 0
feedshit/internal/app/handler_project.go:327.2,328.16 2 0
feedshit/internal/app/handler_project.go:328.16,331.3 2 0
feedshit/internal/app/handler_project.go:332.2,335.82 4 0
feedshit/internal/app/handler_project.go:338.51,340.16 2 0
feedshit/internal/app/handler_project.go:340.16,343.3 2 0
feedshit/internal/app/handler_project.go:344.2,350.47 2 0
feedshit/internal/app/handler_project.go:350.47,353.3 2 0
feedshit/internal/app/handler_project.go:354.2,355.25 2 0
feedshit/internal/app/handler_project.go:355.25,357.3 1 0
feedshit/internal/app/handler_project.go:358.2,358.94 1 0
feedshit/internal/app/handler_project.go:358.94,361.3 2 0
feedshit/internal/app/handler_project.go:362.2,365.54 4 0
feedshit/internal/app/handler_project.go:368.51,370.16 2 0
feedshit/internal/app/handler_project.go:370.16,373.3 2 0
feedshit/internal/app/handler_project.go:374.2,374.48 1 0
feedshit/internal/app/handler_project.go:374.48,377.3 2 0
feedshit/internal/app/handler_project.go:378.2,381.54 4 0
feedshit/internal/app/handler_report.go:21.42,24.16 2 0
feedshit/internal/app/handler_report.go:24.16,27.3 2 0
feedshit/internal/app/handler_report.go:28.2,29.17 2 0
feedshit/internal/app/handler_report.go:29.17,31.3 1 0
feedshit/internal/app/handler_report.go:32.2,38.4 1 0
feedshit/internal/app/handler_report.go:43.49,46.16 3 0
feedshit/internal/app/handler_report.go:46.16,49.3 2 0
feedshit/internal/app/handler_report.go:50.2,50.46 1 0
feedshit/internal/app/handler_report.go:55.46,58.16 3 0
feedshit/internal/app/handler_report.go:58.16,61.3 2 0
feedshit/internal/app/handler_report.go:63.2,68.24 4 0
feedshit/internal/app/handler_report.go:69.14,71.9 2 0
feedshit/internal/app/handler_report.go:72.14,74.9 2 0
feedshit/internal/app/handler_report.go:75.10,76.39 1 0
feedshit/internal/app/handler_report.go:80.90,82.21 2 0
feedshit/internal/app/handler_report.go:82.21,84.3 1 0
feedshit/internal/app/handler_report.go:85.2,94.31 7 0
feedshit/internal/app/handler_report.go:94.31,110.3 1 0
feedshit/internal/app/handler_report.go:111.2,111.11 1 0
feedshit/internal/app/handler_report.go:114.91,116.21 2 0
feedshit/internal/app/handler_report.go:116.21,118.3 1 0
feedshit/internal/app/handler_report.go:119.2,123.68 4 0
feedshit/internal/app/handler_report.go:123.68,125.3 1 0
feedshit/internal/app/handler_report.go:128.91,130.21 2 0
feedshit/internal/app/handler_report.go:130.21,132.3 1 0
feedshit/internal/app/handler_report.go:133.2,140.31 7 0
feedshit/internal/app/handler_report.go:140.31,148.3 3 0
feedshit/internal/app/handler_report.go:150.2,152.42 3 0
feedshit/internal/app/handler_report.go:152.42,154.3 1 0
feedshit/internal/app/handler_report.go:159.46,162.29 3 0
feedshit/internal/app/handler_report.go:162.29,164.3 1 0
feedshit/internal/app/handler_report.go:166.2,167.16 2 0
feedshit/internal/app/handler_report.go:167.16,170.3 2 0
feedshit/internal/app/handler_report.go:171.2,171.18 1 0
feedshit/internal/app/handler_report.go:171.18,173.3 1 0
feedshit/internal/app/handler_report.go:175.2,176.16 2 0
feedshit/internal/app/handler_report.go:176.16,179.3 2 0
feedshit/internal/app/handler_report.go:180.2,180.23 1 0
feedshit/internal/app/handler_report.go:180.23,182.3 1 0
feedshit/internal/app/handler_report.go:184.2,185.16 2 0
feedshit/internal/app/handler_report.go:185.16,188.3 2 0
feedshit/internal/app/handler_report.go:189.2,189.20 1 0
feedshit/internal/app/handler_report.go:189.20,191.3 1 0
feedshit/internal/app/handler_report.go:193.2,197.4 1 0
feedshit/internal/app/handler_report.go:202.50,205.31 3 0
feedshit/internal/app/handler_report.go:205.31,207.3 1 0
feedshit/internal/app/handler_report.go:209.2,210.16 2 0
feedshit/internal/app/handler_report.go:210.16,213.3 2 0
feedshit/internal/app/handler_report.go:215.2,218.4 1 0
feedshit/internal/app/handler_report.go:223.43,226.16 3 0
feedshit/internal/app/handler_report.go:226.16,229.3 2 0
feedshit/internal/app/handler_report.go:231.2,238.4 4 0
feedshit/internal/app/handler_report.go:244.46,246.16 2 0
feedshit/internal/app/handler_report.go:246.16,249.3 2 0
feedshit/internal/app/handler_report.go:250.2,254.16 4 0
feedshit/internal/app/handler_report.go:254.16,257.3 2 0
feedshit/internal/app/handler_report.go:259.2,259.22 1 0
feedshit/internal/app/handler_report.go:259.22,262.3 2 0
feedshit/internal/app/handler_report.go:265.2,284.27 4 0
feedshit/internal/app/handler_report.go:284.27,286.39 2 0
feedshit/internal/app/handler_report.go:286.39,288.4 1 0
feedshit/internal/app/handler_report.go:289.3,289.27 1 0
feedshit/internal/app/handler_report.go:292.2,292.37 1 0
feedshit/internal/app/handler_report.go:292.37,295.3 2 0
feedshit/internal/app/handler_report.go:298.2,301.27 2 0
feedshit/internal/app/handler_report.go:301.27,302.59 1 0
feedshit/internal/app/handler_report.go:302.59,305.37 2 0
feedshit/internal/app/handler_report.go:305.37,308.5 2 0
feedshit/internal/app/handler_report.go:309.4,309.22 1 0
feedshit/internal/app/handler_report.go:309.22,312.5 2 0
feedshit/internal/app/handler_report.go:313.4,313.31 1 0
feedshit/internal/app/handler_report.go:316.8,319.36 2 0
feedshit/internal/app/handler_report.go:319.36,322.4 2 0
feedshit/internal/app/handler_report.go:323.3,323.21 1 0
feedshit/internal/app/handler_report.go:323.21,326.4 2 0
feedshit/internal/app/handler_report.go:330.2,330.41 1 0
feedshit/internal/app/handler_report.go:330.41,332.14 2 0
feedshit/internal/app/handler_report.go:332.14,334.4 1 0
feedshit/internal/app/handler_report.go:336.3,336.56 1 0
feedshit/internal/app/handler_report.go:336.56,338.4 1 0
feedshit/internal/app/handler_report.go:340.3,347.5 1 0
feedshit/internal/app/handler_report.go:347.5,348.51 1 0
feedshit/internal/app/handler_report.go:348.51,350.5 1 0
feedshit/internal/app/handler_report.go:352.3,352.11 1 0
feedshit/internal/app/handler_report.go:355.2,357.34 3 0
feedshit/internal/app/handler_report.go:357.34,359.38 2 0
feedshit/internal/app/handler_report.go:359.38,360.55 1 0
feedshit/internal/app/handler_report.go:360.55,362.5 1 0
feedshit/internal/app/handler_report.go:363.4,363.13 1 0
feedshit/internal/app/handler_report.go:366.3,367.18 2 0
feedshit/internal/app/handler_report.go:367.18,369.12 2 0
feedshit/internal/app/handler_report.go:373.3,374.78 2 0
feedshit/internal/app/handler_report.go:374.78,377.37 2 0
feedshit/internal/app/handler_report.go:377.37,379.13 2 0
feedshit/internal/app/handler_report.go:381.4,381.22 1 0
feedshit/internal/app/handler_report.go:381.22,383.13 2 0
feedshit/internal/app/handler_report.go:385.4,385.17 1 0
feedshit/internal/app/handler_report.go:388.3,404.67 3 0
feedshit/internal/app/handler_report.go:404.67,406.12 2 0
feedshit/internal/app/handler_report.go:408.3,408.13 1 0
feedshit/internal/app/handler_report.go:411.2,419.21 5 0
feedshit/internal/app/handler_report.go:419.21,421.3 1 0
feedshit/internal/app/handler_report.go:422.2,422.31 1 0
feedshit/internal/app/handler_report.go:428.56,432.67 2 0
feedshit/internal/app/handler_report.go:432.67,435.3 2 0
feedshit/internal/app/handler_report.go:437.2,438.16 2 0
feedshit/internal/app/handler_report.go:438.16,441.3 2 0
feedshit/internal/app/handler_report.go:443.2,450.4 4 0
feedshit/internal/app/handler_report.go:454.52,458.67 2 0
feedshit/internal/app/handler_report.go:458.67,461.3 2 0
feedshit/internal/app/handler_report.go:463.2,465.16 3 0
feedshit/internal/app/handler_report.go:465.16,468.3 2 0
feedshit/internal/app/handler_report.go:470.2,477.4 4 0
feedshit/internal/app/handler_token.go:22.50,24.16 2 0
feedshit/internal/app/handler_token.go:24.16,27.3 2 0
feedshit/internal/app/handler_token.go:28.2,28.19 1 0
feedshit/internal/app/handler_token.go:28.19,30.3 1 0
feedshit/internal/app/handler_token.go:31.2,31.48 1 0
feedshit/internal/app/handler_token.go:35.51,42.47 2 1
feedshit/internal/app/handler_token.go:42.47,45.3 2 0
feedshit/internal/app/handler_token.go:46.2,46.20 1 1
feedshit/internal/app/handler_token.go:46.20,49.3 2 0
feedshit/internal/app/handler_token.go:52.2,53.49 2 1
feedshit/internal/app/handler_token.go:53.49,56.3 2 0
feedshit/internal/app/handler_token.go:57.2,63.20 3 1
feedshit/internal/app/handler_token.go:63.20,65.3 1 1
feedshit/internal/app/handler_token.go:67.2,68.16 2 1
feedshit/internal/app/handler_token.go:68.16,71.3 2 0
feedshit/internal/app/handler_token.go:73.2,85.4 4 1
feedshit/internal/app/handler_token.go:89.51,91.16 2 0
feedshit/internal/app/handler_token.go:91.16,94.3 2 0
feedshit/internal/app/handler_token.go:96.2,103.47 2 0
feedshit/internal/app/handler_token.go:103.47,106.3 2 0
feedshit/internal/app/handler_token.go:108.2,108.119 1 0
feedshit/internal/app/handler_token.go:108.119,111.3 2 0
feedshit/internal/app/handler_token.go:113.2,117.54 4 0
feedshit/internal/app/handler_token.go:121.51,123.16 2 0
feedshit/internal/app/handler_token.go:123.16,126.3 2 0
feedshit/internal/app/handler_token.go:128.2,128.48 1 0
feedshit/internal/app/handler_token.go:128.48,131.3 2 0
feedshit/internal/app/handler_token.go:133.2,137.54 4 0
feedshit/internal/app/handler_token.go:144.56,145.30 1 1
feedshit/internal/app/handler_token.go:145.30,147.42 2 1
feedshit/internal/app/handler_token.go:147.42,150.4 2 0
feedshit/internal/app/handler_token.go:151.3,153.33 3 1
feedshit/internal/app/handler_token.go:153.33,156.4 2 0
feedshit/internal/app/handler_token.go:158.3,158.26 1 1
feedshit/internal/app/handler_token.go:158.26,162.47 4 1
feedshit/internal/app/handler_token.go:162.47,166.5 3 1
feedshit/internal/app/handler_token.go:167.4,168.22 2 1
feedshit/internal/app/handler_token.go:171.3,171.28 1 1
feedshit/internal/app/handler_token.go:171.28,173.19 2 0
feedshit/internal/app/handler_token.go:173.19,175.5 1 0
feedshit/internal/app/handler_token.go:175.10,175.18 1 0
feedshit/internal/app/handler_token.go:175.18,178.5 2 0
feedshit/internal/app/handler_token.go:181.3,184.11 4 1
feedshit/internal/app/handler_token.go:189.55,194.22 3 0
feedshit/internal/app/handler_token.go:194.22,197.3 2 0
feedshit/internal/app/handler_token.go:199.2,203.31 3 0
feedshit/internal/app/handler_token.go:203.31,206.3 2 0
feedshit/internal/app/handler_token.go:207.2,207.20 1 0
feedshit/internal/app/handler_token.go:207.20,210.3 2 0
feedshit/internal/app/handler_token.go:212.2,222.47 2 0
feedshit/internal/app/handler_token.go:222.47,223.52 1 0
feedshit/internal/app/handler_token.go:223.52,227.4 3 0
feedshit/internal/app/handler_token.go:228.3,229.9 2 0
feedshit/internal/app/handler_token.go:231.2,231.21 1 0
feedshit/internal/app/handler_token.go:231.21,234.3 2 0
feedshit/internal/app/handler_token.go:236.2,236.24 1 0
feedshit/internal/app/handler_token.go:236.24,238.51 2 0
feedshit/internal/app/handler_token.go:238.51,241.4 2 0
feedshit/internal/app/handler_token.go:243.2,263.16 6 0
feedshit/internal/app/handler_token.go:263.16,266.3 2 0
feedshit/internal/app/handler_token.go:267.2,283.4 5 0
feedshit/internal/app/handler_track.go:21.51,23.17 2 0
feedshit/internal/app/handler_track.go:23.17,26.3 2 0
feedshit/internal/app/handler_track.go:28.2,29.16 2 0
feedshit/internal/app/handler_track.go:29.16,32.3 2 0
feedshit/internal/app/handler_track.go:33.2,33.15 1 0
feedshit/internal/app/handler_track.go:33.15,36.3 2 0
feedshit/internal/app/handler_track.go:39.2,40.16 2 0
feedshit/internal/app/handler_track.go:40.16,43.3 2 0
feedshit/internal/app/handler_track.go:44.2,45.26 2 0
feedshit/internal/app/handler_track.go:45.26,46.17 1 0
feedshit/internal/app/handler_track.go:46.17,48.4 1 0
feedshit/internal/app/handler_track.go:50.2,50.24 1 0
feedshit/internal/app/handler_track.go:50.24,52.3 1 0
feedshit/internal/app/handler_track.go:54.2,68.19 3 0
feedshit/internal/app/handler_track.go:68.19,71.3 2 0
feedshit/internal/app/handler_track.go:73.2,73.29 1 0
feedshit/internal/app/handler_track.go:77.49,79.17 2 0
feedshit/internal/app/handler_track.go:79.17,82.3 2 0
feedshit/internal/app/handler_track.go:84.2,85.16 2 0
feedshit/internal/app/handler_track.go:85.16,88.3 2 0
feedshit/internal/app/handler_track.go:89.2,89.15 1 0
feedshit/internal/app/handler_track.go:89.15,92.3 2 0
feedshit/internal/app/handler_track.go:94.2,95.19 2 0
feedshit/internal/app/handler_track.go:95.19,98.3 2 0
feedshit/internal/app/handler_track.go:99.2,99.25 1 0
feedshit/internal/app/handler_track.go:99.25,102.3 2 0
feedshit/internal/app/handler_track.go:104.2,105.16 2 0
feedshit/internal/app/handler_track.go:105.16,108.3 2 0
feedshit/internal/app/handler_track.go:110.2,113.4 1 0
feedshit/internal/app/handler_track.go:117.50,119.17 2 0
feedshit/internal/app/handler_track.go:119.17,122.3 2 0
feedshit/internal/app/handler_track.go:123.2,124.29 2 0
feedshit/internal/app/handler_track.go:124.29,127.3 2 0
feedshit/internal/app/handler_track.go:128.2,128.42 1 0
feedshit/internal/app/handler_track.go:128.42,131.3 2 0
feedshit/internal/app/handler_track.go:133.2,137.47 2 0
feedshit/internal/app/handler_track.go:137.47,140.3 2 0
feedshit/internal/app/handler_track.go:141.2,141.36 1 0
feedshit/internal/app/handler_track.go:141.36,144.3 2 0
feedshit/internal/app/handler_track.go:146.2,146.92 1 0
feedshit/internal/app/handler_track.go:146.92,149.3 2 0
feedshit/internal/app/handler_track.go:151.2,155.80 4 0
feedshit/internal/app/handler_track.go:159.50,161.16 2 0
feedshit/internal/app/handler_track.go:161.16,164.3 2 0
feedshit/internal/app/handler_track.go:165.2,166.55 2 0
feedshit/internal/app/handler_track.go:166.55,168.3 1 0
feedshit/internal/app/handler_track.go:168.8,172.3 3 0
feedshit/internal/app/handler_track.go:173.2,174.16 2 0
feedshit/internal/app/handler_track.go:174.16,177.3 2 0
feedshit/internal/app/handler_track.go:178.2,179.65 2 0
feedshit/internal/app/handler_track.go:183.45,187.16 4 0
feedshit/internal/app/handler_track.go:187.16,190.3 2 0
feedshit/internal/app/handler_track.go:191.2,191.18 1 0
feedshit/internal/app/handler_track.go:191.18,193.3 1 0
feedshit/internal/app/handler_track.go:194.2,194.46 1 0
feedshit/internal/app/handler_track.go:198.47,200.16 2 0
feedshit/internal/app/handler_track.go:200.16,203.3 2 0
feedshit/internal/app/handler_track.go:204.2,204.60 1 0
feedshit/internal/app/handler_track.go:204.60,207.3 2 0
feedshit/internal/app/handler_track.go:208.2,212.47 2 0
feedshit/internal/app/handler_track.go:212.47,215.3 2 0
feedshit/internal/app/handler_track.go:216.2,216.22 1 0
feedshit/internal/app/handler_track.go:216.22,218.25 2 0
feedshit/internal/app/handler_track.go:218.25,221.4 2 0
feedshit/internal/app/handler_track.go:223.2,223.68 1 0
feedshit/internal/app/handler_track.go:223.68,226.3 2 0
feedshit/internal/app/handler_track.go:227.2,230.54 4 0
feedshit/internal/app/handler_webhook.go:25.62,35.2 1 0
feedshit/internal/app/handler_webhook.go:38.98,41.22 2 0
feedshit/internal/app/handler_webhook.go:41.22,43.3 1 0
feedshit/internal/app/handler_webhook.go:45.2,49.15 4 0
feedshit/internal/app/handler_webhook.go:49.15,51.41 2 0
feedshit/internal/app/handler_webhook.go:51.41,53.4 1 0
feedshit/internal/app/handler_webhook.go:54.3,54.19 1 0
feedshit/internal/app/handler_webhook.go:55.17,56.51 1 0
feedshit/internal/app/handler_webhook.go:57.19,58.53 1 0
feedshit/internal/app/handler_webhook.go:59.16,60.50 1 0
feedshit/internal/app/handler_webhook.go:61.16,62.50 1 0
feedshit/internal/app/handler_webhook.go:63.11,69.40 2 0
feedshit/internal/app/handler_webhook.go:71.8,78.3 2 0
feedshit/internal/app/handler_webhook.go:79.2,79.16 1 0
feedshit/internal/app/handler_webhook.go:79.16,82.3 2 0
feedshit/internal/app/handler_webhook.go:84.2,85.15 2 0
feedshit/internal/app/handler_webhook.go:85.15,87.3 1 0
feedshit/internal/app/handler_webhook.go:92.2,92.76 1 0
feedshit/internal/app/handler_webhook.go:92.76,94.3 1 0
feedshit/internal/app/handler_webhook.go:98.38,100.16 2 0
feedshit/internal/app/handler_webhook.go:100.16,103.3 2 0
feedshit/internal/app/handler_webhook.go:104.2,104.26 1 0
feedshit/internal/app/handler_webhook.go:104.26,106.3 1 0
feedshit/internal/app/handler_webhook.go:109.56,111.16 2 0
feedshit/internal/app/handler_webhook.go:111.16,114.3 2 0
feedshit/internal/app/handler_webhook.go:115.2,116.20 2 0
feedshit/internal/app/handler_webhook.go:116.20,120.3 3 0
feedshit/internal/app/handler_webhook.go:121.2,123.16 3 0
feedshit/internal/app/handler_webhook.go:123.16,126.3 2 0
feedshit/internal/app/handler_webhook.go:127.2,129.53 3 0
feedshit/internal/app/handler_webhook.go:129.53,132.3 2 0
feedshit/internal/app/handler_webhook.go:132.8,134.3 1 0
feedshit/internal/app/handler_webhook.go:138.41,140.14 2 1
feedshit/internal/app/handler_webhook.go:140.14,142.3 1 1
feedshit/internal/app/handler_webhook.go:143.2,143.17 1 1
feedshit/internal/app/handler_webhook.go:148.34,149.17 1 1
feedshit/internal/app/handler_webhook.go:149.17,151.3 1 1
feedshit/internal/app/handler_webhook.go:152.2,152.38 1 1
feedshit/internal/app/handler_webhook.go:155.61,157.16 2 0
feedshit/internal/app/handler_webhook.go:157.16,160.3 2 0
feedshit/internal/app/handler_webhook.go:161.2,161.17 1 0
feedshit/internal/app/handler_webhook.go:161.17,163.3 1 0
feedshit/internal/app/handler_webhook.go:164.2,164.22 1 0
feedshit/internal/app/handler_webhook.go:164.22,166.3 1 0
feedshit/internal/app/handler_webhook.go:167.2,167.53 1 0
feedshit/internal/app/handler_webhook.go:170.62,178.47 2 0
feedshit/internal/app/handler_webhook.go:178.47,181.3 2 0
feedshit/internal/app/handler_webhook.go:182.2,182.19 1 0
feedshit/internal/app/handler_webhook.go:182.19,185.3 2 0
feedshit/internal/app/handler_webhook.go:186.2,186.22 1 0
feedshit/internal/app/handler_webhook.go:186.22,188.3 1 0
feedshit/internal/app/handler_webhook.go:189.2,190.16 2 0
feedshit/internal/app/handler_webhook.go:190.16,193.3 2 0
feedshit/internal/app/handler_webhook.go:194.2,197.69 4 0
feedshit/internal/app/handler_webhook.go:200.62,202.16 2 0
feedshit/internal/app/handler_webhook.go:202.16,205.3 2 0
feedshit/internal/app/handler_webhook.go:206.2,212.47 2 0
feedshit/internal/app/handler_webhook.go:212.47,215.3 2 0
feedshit/internal/app/handler_webhook.go:217.2,217.22 1 0
feedshit/internal/app/handler_webhook.go:217.22,219.26 2 0
feedshit/internal/app/handler_webhook.go:219.26,220.18 1 0
feedshit/internal/app/handler_webhook.go:220.18,222.10 2 0
[...]
feedshit/internal/database/migrate.go:347.3,347.59 1 1
feedshit/internal/database/migrate.go:349.2,349.12 1 1
feedshit/internal/database/migrate.go:356.46,357.16 1 1
feedshit/internal/database/migrate.go:357.16,359.3 1 1
feedshit/internal/database/migrate.go:360.2,362.42 2 1
feedshit/internal/database/note.go:9.111,14.14 4 0
feedshit/internal/database/note.go:14.14,16.3 1 0
feedshit/internal/database/note.go:17.2,21.16 2 0
feedshit/internal/database/note.go:21.16,23.3 1 0
feedshit/internal/database/note.go:24.2,24.27 1 0
feedshit/internal/database/note.go:28.80,36.16 4 0
feedshit/internal/database/note.go:36.16,38.3 1 0
feedshit/internal/database/note.go:39.2,42.18 3 0
feedshit/internal/database/note.go:42.18,46.103 4 0
feedshit/internal/database/note.go:46.103,48.4 1 0
feedshit/internal/database/note.go:49.3,51.27 3 0
feedshit/internal/database/note.go:53.2,53.19 1 0
feedshit/internal/database/note.go:57.69,68.101 7 0
feedshit/internal/database/note.go:68.101,69.27 1 0
feedshit/internal/database/note.go:69.27,71.4 1 0
feedshit/internal/database/note.go:72.3,72.18 1 0
feedshit/internal/database/note.go:74.2,76.16 3 0
feedshit/internal/database/note.go:80.55,86.2 4 0
feedshit/internal/database/project.go:10.61,15.16 4 1
feedshit/internal/database/project.go:15.16,17.3 1 1
feedshit/internal/database/project.go:18.2,19.18 2 1
feedshit/internal/database/project.go:19.18,21.3 1 0
feedshit/internal/database/project.go:22.2,26.16 2 1
feedshit/internal/database/project.go:26.16,28.3 1 0
feedshit/internal/database/project.go:29.2,30.16 2 1
feedshit/internal/database/project.go:30.16,32.3 1 0
feedshit/internal/database/project.go:33.2,35.16 3 1
feedshit/internal/database/project.go:39.52,44.16 4 0
feedshit/internal/database/project.go:44.16,46.3 1 0
feedshit/internal/database/project.go:47.2,48.18 2 0
feedshit/internal/database/project.go:48.18,50.3 1 0
feedshit/internal/database/project.go:51.2,55.12 2 0
feedshit/internal/database/project.go:59.50,66.16 5 0
feedshit/internal/database/project.go:66.16,68.3 1 0
feedshit/internal/database/project.go:71.2,71.89 1 0
feedshit/internal/database/project.go:71.89,73.3 1 0
feedshit/internal/database/project.go:76.2,77.12 2 0
feedshit/internal/database/project.go:81.59,91.16 7 0
feedshit/internal/database/project.go:91.16,93.3 1 0
feedshit/internal/database/project.go:94.2,97.16 4 0
feedshit/internal/database/project.go:101.68,111.16 7 0
feedshit/internal/database/project.go:111.16,113.3 1 0
feedshit/internal/database/project.go:114.2,117.16 4 0
feedshit/internal/database/project.go:121.54,126.16 4 0
feedshit/internal/database/project.go:126.16,128.3 1 0
feedshit/internal/database/project.go:129.2,132.18 3 0
feedshit/internal/database/project.go:132.18,136.127 4 0
feedshit/internal/database/project.go:136.127,138.4 1 0
feedshit/internal/database/project.go:139.3,142.33 4 0
feedshit/internal/database/project.go:146.2,146.23 1 0
feedshit/internal/database/project.go:146.23,148.17 2 0
feedshit/internal/database/project.go:148.17,151.25 3 0
feedshit/internal/database/project.go:151.25,154.54 3 0
feedshit/internal/database/project.go:154.54,156.6 1 0
feedshit/internal/database/project.go:158.4,158.28 1 0
feedshit/internal/database/project.go:158.28,160.5 1 0
feedshit/internal/database/project.go:164.2,164.22 1 0
feedshit/internal/database/project.go:168.52,173.16 4 0
feedshit/internal/database/project.go:173.16,175.3 1 0
feedshit/internal/database/project.go:176.2,179.18 3 0
feedshit/internal/database/project.go:179.18,181.39 2 0
feedshit/internal/database/project.go:181.39,183.4 1 0
feedshit/internal/database/project.go:184.3,184.33 1 0
feedshit/internal/database/project.go:186.2,186.22 1 0
feedshit/internal/database/project.go:191.54,197.16 5 0
feedshit/internal/database/project.go:197.16,200.3 1 0
feedshit/internal/database/project.go:201.2,201.22 1 0
feedshit/internal/database/project.go:205.72,218.16 4 0
feedshit/internal/database/project.go:218.16,220.3 1 0
feedshit/internal/database/project.go:221.2,224.18 3 0
feedshit/internal/database/project.go:224.18,229.80 5 0
feedshit/internal/database/project.go:229.80,231.4 1 0
feedshit/internal/database/project.go:232.3,233.24 2 0
feedshit/internal/database/project.go:233.24,235.4 1 0
feedshit/internal/database/project.go:236.3,237.19 2 0
feedshit/internal/database/project.go:237.19,239.4 1 0
feedshit/internal/database/project.go:240.3,245.5 1 0
feedshit/internal/database/project.go:247.2,247.20 1 0
feedshit/internal/database/project.go:251.102,255.26 3 0
feedshit/internal/database/project.go:255.26,257.3 1 0
feedshit/internal/database/project.go:259.2,261.33 3 0
feedshit/internal/database/project.go:261.33,264.3 2 0
feedshit/internal/database/project.go:265.2,277.16 3 0
feedshit/internal/database/project.go:277.16,279.3 1 0
feedshit/internal/database/project.go:280.2,283.18 3 0
feedshit/internal/database/project.go:283.18,288.80 5 0
feedshit/internal/database/project.go:288.80,290.4 1 0
feedshit/internal/database/project.go:291.3,292.24 2 0
feedshit/internal/database/project.go:292.24,294.4 1 0
feedshit/internal/database/project.go:295.3,296.19 2 0
feedshit/internal/database/project.go:296.19,298.4 1 0
feedshit/internal/database/project.go:299.3,304.5 1 0
feedshit/internal/database/project.go:306.2,306.19 1 0
feedshit/internal/database/project.go:306.19,308.3 1 0
feedshit/internal/database/project.go:309.2,309.20 1 0
feedshit/internal/database/project.go:313.66,318.14 4 0
feedshit/internal/database/project.go:318.14,320.3 1 0
feedshit/internal/database/project.go:321.2,322.12 2 0
feedshit/internal/database/project.go:326.76,331.14 4 0
feedshit/internal/database/project.go:331.14,333.3 1 0
feedshit/internal/database/project.go:334.2,335.16 2 0
feedshit/internal/database/project.go:335.16,337.3 1 0
feedshit/internal/database/project.go:338.2,341.18 3 0
feedshit/internal/database/project.go:341.18,345.127 4 0
feedshit/internal/database/project.go:345.127,347.4 1 0
feedshit/internal/database/project.go:348.3,351.33 4 0
feedshit/internal/database/project.go:353.2,353.22 1 0
feedshit/internal/database/project.go:360.69,370.2 4 0
feedshit/internal/database/project.go:374.52,380.16 5 0
feedshit/internal/database/project.go:380.16,382.3 1 0
feedshit/internal/database/project.go:383.2,383.20 1 0
feedshit/internal/database/rating.go:9.84,17.2 4 0
feedshit/internal/database/rating.go:20.73,27.26 6 0
feedshit/internal/database/rating.go:27.26,29.3 1 0
feedshit/internal/database/rating.go:30.2,30.16 1 0
feedshit/internal/database/rating.go:30.16,32.3 1 0
feedshit/internal/database/rating.go:33.2,34.16 2 0
feedshit/internal/database/rating.go:38.102,44.43 5 0
feedshit/internal/database/rating.go:44.43,46.3 1 0
feedshit/internal/database/rating.go:48.2,53.14 2 0
feedshit/internal/database/rating.go:53.14,55.3 1 0
feedshit/internal/database/rating.go:56.2,57.18 2 0
feedshit/internal/database/rating.go:57.18,61.49 4 0
feedshit/internal/database/rating.go:61.49,62.12 1 0
feedshit/internal/database/rating.go:64.3,64.22 1 0
feedshit/internal/database/rating.go:66.2,66.36 1 0
feedshit/internal/database/roadmap.go:9.97,14.23 5 0
feedshit/internal/database/roadmap.go:14.23,17.3 2 0
feedshit/internal/database/roadmap.go:18.2,18.20 1 0
feedshit/internal/database/roadmap.go:18.20,21.3 2 0
feedshit/internal/database/roadmap.go:22.2,28.16 2 0
feedshit/internal/database/roadmap.go:28.16,30.3 1 0
feedshit/internal/database/roadmap.go:31.2,33.18 3 0
feedshit/internal/database/roadmap.go:33.18,36.127 3 0
feedshit/internal/database/roadmap.go:36.127,38.4 1 0
feedshit/internal/database/roadmap.go:39.3,40.28 2 0
feedshit/internal/database/roadmap.go:42.2,42.19 1 0
feedshit/internal/database/roadmap.go:46.83,50.12 4 0
feedshit/internal/database/roadmap.go:50.12,52.3 1 0
feedshit/internal/database/roadmap.go:53.2,53.18 1 0
feedshit/internal/database/roadmap.go:53.18,56.3 2 0
feedshit/internal/database/roadmap.go:57.2,58.12 2 0
feedshit/internal/database/stats.go:10.79,15.16 4 0
feedshit/internal/database/stats.go:15.16,17.3 1 0
feedshit/internal/database/stats.go:18.2,19.16 2 0
feedshit/internal/database/stats.go:19.16,21.3 1 0
feedshit/internal/database/stats.go:22.2,23.8 2 0
feedshit/internal/database/stats.go:28.109,32.26 3 0
feedshit/internal/database/stats.go:32.26,34.3 1 0
feedshit/internal/database/stats.go:36.2,38.33 3 0
feedshit/internal/database/stats.go:38.33,41.3 2 0
feedshit/internal/database/stats.go:42.2,45.16 3 0
feedshit/internal/database/stats.go:45.16,47.3 1 0
feedshit/internal/database/stats.go:48.2,49.16 2 0
feedshit/internal/database/stats.go:49.16,51.3 1 0
feedshit/internal/database/stats.go:52.2,53.8 2 0
feedshit/internal/database/stats.go:57.78,67.16 4 0
feedshit/internal/database/stats.go:67.16,69.3 1 0
feedshit/internal/database/stats.go:70.2,73.18 3 0
feedshit/internal/database/stats.go:73.18,76.49 3 0
feedshit/internal/database/stats.go:76.49,78.4 1 0
feedshit/internal/database/stats.go:79.3,82.5 1 0
feedshit/internal/database/stats.go:84.2,84.20 1 0
feedshit/internal/database/stats.go:88.101,98.16 4 1
feedshit/internal/database/stats.go:98.16,100.3 1 0
feedshit/internal/database/stats.go:101.2,104.18 3 1
feedshit/internal/database/stats.go:104.18,107.49 3 1
feedshit/internal/database/stats.go:107.49,109.4 1 0
feedshit/internal/database/stats.go:110.3,113.5 1 1
feedshit/internal/database/stats.go:115.2,115.20 1 1
feedshit/internal/database/stats.go:119.78,126.16 4 0
feedshit/internal/database/stats.go:126.16,128.3 1 0
feedshit/internal/database/stats.go:129.2,132.18 3 0
feedshit/internal/database/stats.go:132.18,135.52 3 0
feedshit/internal/database/stats.go:135.52,137.4 1 0
feedshit/internal/database/stats.go:138.3,141.5 1 0
feedshit/internal/database/stats.go:143.2,143.20 1 0
feedshit/internal/database/stats.go:147.98,157.16 4 1
feedshit/internal/database/stats.go:157.16,159.3 1 0
feedshit/internal/database/stats.go:160.2,163.18 3 1
feedshit/internal/database/stats.go:163.18,166.52 3 1
feedshit/internal/database/stats.go:166.52,168.4 1 0
feedshit/internal/database/stats.go:169.3,169.25 1 1
feedshit/internal/database/stats.go:171.2,171.20 1 1
feedshit/internal/database/stats.go:175.98,180.16 4 1
feedshit/internal/database/stats.go:180.16,182.3 1 0
feedshit/internal/database/stats.go:183.2,184.8 2 1
feedshit/internal/database/stats.go:188.94,198.16 4 1
feedshit/internal/database/stats.go:198.16,200.3 1 0
feedshit/internal/database/stats.go:201.2,204.18 3 1
feedshit/internal/database/stats.go:204.18,207.49 3 1
feedshit/internal/database/stats.go:207.49,209.4 1 0
feedshit/internal/database/stats.go:210.3,210.22 1 1
feedshit/internal/database/stats.go:212.2,212.20 1 1
feedshit/internal/database/stats.go:216.102,230.16 4 1
feedshit/internal/database/stats.go:230.16,232.3 1 0
feedshit/internal/database/stats.go:233.2,236.18 3 1
feedshit/internal/database/stats.go:236.18,241.80 5 1
feedshit/internal/database/stats.go:241.80,243.4 1 0
feedshit/internal/database/stats.go:244.3,245.24 2 1
feedshit/internal/database/stats.go:245.24,247.4 1 1
feedshit/internal/database/stats.go:248.3,249.19 2 1
feedshit/internal/database/stats.go:249.19,251.4 1 1
feedshit/internal/database/stats.go:252.3,257.5 1 1
feedshit/internal/database/stats.go:259.2,259.20 1 1
feedshit/internal/database/vote.go:9.80,13.16 4 0
feedshit/internal/database/vote.go:13.16,15.3 1 0
feedshit/internal/database/vote.go:16.2,17.27 2 0
feedshit/internal/database/vote.go:21.62,27.2 5 0
feedshit/internal/database/vote.go:30.69,34.19 4 0
feedshit/internal/database/vote.go:34.19,36.3 1 0
feedshit/internal/database/vote.go:37.2,39.25 3 0
feedshit/internal/database/vote.go:39.25,42.3 2 0
feedshit/internal/database/vote.go:43.2,44.16 2 0
feedshit/internal/database/vote.go:44.16,46.3 1 0
feedshit/internal/database/vote.go:47.2,48.18 2 0
feedshit/internal/database/vote.go:48.18,51.44 3 0
feedshit/internal/database/vote.go:51.44,52.12 1 0
feedshit/internal/database/vote.go:54.3,54.14 1 0
feedshit/internal/database/vote.go:56.2,56.17 1 0
feedshit/internal/database/webhook.go:11.117,15.14 4 1
feedshit/internal/database/webhook.go:15.14,17.3 1 1
feedshit/internal/database/webhook.go:20.2,21.18 2 1
feedshit/internal/database/webhook.go:21.18,23.17 2 1
feedshit/internal/database/webhook.go:23.17,25.4 1 0
feedshit/internal/database/webhook.go:26.3,26.21 1 1
feedshit/internal/database/webhook.go:28.2,30.16 2 1
feedshit/internal/database/webhook.go:30.16,32.3 1 0
feedshit/internal/database/webhook.go:33.2,33.27 1 1
feedshit/internal/database/webhook.go:36.78,40.16 4 1
feedshit/internal/database/webhook.go:40.16,42.3 1 0
feedshit/internal/database/webhook.go:43.2,45.18 3 1
feedshit/internal/database/webhook.go:45.18,48.111 3 1
feedshit/internal/database/webhook.go:48.111,50.4 1 0
feedshit/internal/database/webhook.go:55.3,55.55 1 1
feedshit/internal/database/webhook.go:55.55,56.72 1 1
feedshit/internal/database/webhook.go:56.72,58.5 1 1
feedshit/internal/database/webhook.go:60.3,62.25 3 1
feedshit/internal/database/webhook.go:64.2,64.18 1 1
feedshit/internal/database/webhook.go:67.106,72.15 5 1
feedshit/internal/database/webhook.go:72.15,75.3 2 1
feedshit/internal/database/webhook.go:76.2,76.18 1 1
feedshit/internal/database/webhook.go:76.18,79.17 2 1
feedshit/internal/database/webhook.go:79.17,81.4 1 0
feedshit/internal/database/webhook.go:82.3,83.27 2 1
feedshit/internal/database/webhook.go:84.8,88.85 1 1
feedshit/internal/database/webhook.go:88.85,89.65 1 1
feedshit/internal/database/webhook.go:89.65,92.5 2 1
feedshit/internal/database/webhook.go:95.2,95.18 1 1
feedshit/internal/database/webhook.go:95.18,98.3 2 1
feedshit/internal/database/webhook.go:99.2,99.21 1 1
feedshit/internal/database/webhook.go:99.21,101.16 2 0
feedshit/internal/database/webhook.go:101.16,103.4 1 0
feedshit/internal/database/webhook.go:104.3,105.25 2 0
feedshit/internal/database/webhook.go:107.2,107.26 1 1
feedshit/internal/database/webhook.go:107.26,109.3 1 0
feedshit/internal/database/webhook.go:110.2,112.12 3 1
feedshit/internal/database/webhook.go:119.80,122.16 3 1
feedshit/internal/database/webhook.go:122.16,124.3 1 0
feedshit/internal/database/webhook.go:125.2,125.44 1 1
feedshit/internal/database/webhook.go:125.44,126.66 1 1
feedshit/internal/database/webhook.go:126.66,128.4 1 1
feedshit/internal/database/webhook.go:130.2,130.17 1 0
feedshit/internal/database/webhook.go:138.45,143.39 3 1
feedshit/internal/database/webhook.go:143.39,146.17 3 1
feedshit/internal/database/webhook.go:146.17,147.28 1 0
feedshit/internal/database/webhook.go:147.28,148.13 1 0
feedshit/internal/database/webhook.go:150.4,150.14 1 0
feedshit/internal/database/webhook.go:152.3,152.45 1 1
feedshit/internal/database/webhook.go:152.45,153.12 1 1
feedshit/internal/database/webhook.go:155.3,156.18 2 1
feedshit/internal/database/webhook.go:156.18,158.4 1 0
feedshit/internal/database/webhook.go:159.3,159.95 1 1
feedshit/internal/database/webhook.go:159.95,161.4 1 0
feedshit/internal/database/webhook.go:165.2,166.16 2 1
feedshit/internal/database/webhook.go:166.16,168.3 1 0
feedshit/internal/database/webhook.go:169.2,173.18 2 1
feedshit/internal/database/webhook.go:173.18,178.55 2 1
feedshit/internal/database/webhook.go:178.55,181.4 2 0
feedshit/internal/database/webhook.go:182.3,182.27 1 1
feedshit/internal/database/webhook.go:184.2,185.26 2 1
feedshit/internal/database/webhook.go:185.26,186.55 1 1
feedshit/internal/database/webhook.go:186.55,187.12 1 0
feedshit/internal/database/webhook.go:189.3,190.18 2 1
feedshit/internal/database/webhook.go:190.18,192.4 1 0
feedshit/internal/database/webhook.go:193.3,193.111 1 1
feedshit/internal/database/webhook.go:193.111,195.4 1 0
feedshit/internal/database/webhook.go:197.2,197.12 1 1
feedshit/internal/database/webhook.go:200.62,206.2 5 0
feedshit/internal/database/webhook.go:216.77,219.16 2 1
feedshit/internal/database/webhook.go:219.16,221.3 1 0
feedshit/internal/database/webhook.go:223.2,226.25 4 1
feedshit/internal/database/webhook.go:226.25,227.18 1 1
feedshit/internal/database/webhook.go:227.18,228.12 1 0
feedshit/internal/database/webhook.go:230.3,230.37 1 1
feedshit/internal/database/webhook.go:230.37,231.12 1 0
feedshit/internal/database/webhook.go:233.3,233.58 1 1
feedshit/internal/database/webhook.go:233.58,234.12 1 0
feedshit/internal/database/webhook.go:236.3,238.53 1 1
feedshit/internal/database/webhook.go:238.53,240.4 1 0
feedshit/internal/database/webhook.go:242.2,242.12 1 1
feedshit/internal/database/webhook.go:246.80,250.16 4 0
feedshit/internal/database/webhook.go:250.16,252.3 1 0
feedshit/internal/database/webhook.go:253.2,255.18 3 0
feedshit/internal/database/webhook.go:255.18,258.142 3 0
feedshit/internal/database/webhook.go:258.142,260.4 1 0
feedshit/internal/database/webhook.go:261.3,262.25 2 0
feedshit/internal/database/webhook.go:264.2,264.18 1 0
feedshit/internal/database/webhook.go:268.54,273.2 4 0
feedshit/internal/database/webhook.go:277.115,280.29 3 0
feedshit/internal/database/webhook.go:280.29,283.3 2 0
feedshit/internal/database/webhook.go:284.2,285.12 2 0
feedshit/internal/routes/routes.go:20.52,23.16 2 0
feedshit/internal/routes/routes.go:23.16,24.59 1 0
feedshit/internal/routes/routes.go:28.2,47.37 9 0
feedshit/internal/routes/routes.go:47.37,48.36 1 0
feedshit/internal/routes/routes.go:48.36,51.4 2 0
feedshit/internal/routes/routes.go:52.3,53.41 2 0
feedshit/internal/routes/routes.go:53.41,54.82 1 0
feedshit/internal/routes/routes.go:54.82,57.5 2 0
feedshit/internal/routes/routes.go:59.3,59.39 1 0
feedshit/internal/routes/routes.go:59.39,62.4 2 0
feedshit/internal/routes/routes.go:62.9,65.4 2 0
feedshit/internal/routes/routes.go:68.2,76.34 3 0
feedshit/internal/routes/routes.go:76.34,78.3 1 0
feedshit/internal/routes/routes.go:81.2,81.39 1 0
feedshit/internal/routes/routes.go:81.39,83.3 1 0
feedshit/internal/routes/routes.go:87.2,87.42 1 0
feedshit/internal/routes/routes.go:87.42,92.17 3 0
feedshit/internal/routes/routes.go:92.17,94.24 2 0
feedshit/internal/routes/routes.go:94.24,97.5 2 0
feedshit/internal/routes/routes.go:98.4,99.10 2 0
feedshit/internal/routes/routes.go:103.3,103.25 1 0
feedshit/internal/routes/routes.go:103.25,106.4 2 0
feedshit/internal/routes/routes.go:108.3,108.24 1 0
feedshit/internal/routes/routes.go:108.24,111.4 2 0
feedshit/internal/routes/routes.go:113.3,115.31 3 0
feedshit/internal/routes/routes.go:115.31,116.20 1 0
feedshit/internal/routes/routes.go:116.20,118.5 1 0
feedshit/internal/routes/routes.go:120.3,128.66 3 0
feedshit/internal/routes/routes.go:132.2,132.42 1 0
feedshit/internal/routes/routes.go:132.42,134.3 1 0
feedshit/internal/routes/routes.go:137.2,137.49 1 0
feedshit/internal/routes/routes.go:137.49,139.3 1 0
feedshit/internal/routes/routes.go:143.2,166.39 17 0
feedshit/internal/routes/routes.go:166.39,168.3 1 0
feedshit/internal/routes/routes.go:169.2,177.39 6 0
feedshit/internal/routes/routes.go:177.39,179.32 2 0
feedshit/internal/routes/routes.go:179.32,182.4 2 0
feedshit/internal/routes/routes.go:183.3,183.54 1 0
feedshit/internal/routes/routes.go:183.54,186.4 2 0
feedshit/internal/routes/routes.go:187.3,187.63 1 0
feedshit/internal/routes/routes.go:190.2,190.45 1 0
feedshit/internal/routes/routes.go:190.45,193.23 2 0
feedshit/internal/routes/routes.go:193.23,196.4 2 0
feedshit/internal/routes/routes.go:198.3,199.32 2 0
feedshit/internal/routes/routes.go:199.32,202.4 2 0
feedshit/internal/routes/routes.go:203.3,203.54 1 0
feedshit/internal/routes/routes.go:203.54,206.4 2 0
feedshit/internal/routes/routes.go:208.3,208.46 1 0
feedshit/internal/routes/routes.go:208.46,211.4 2 0
feedshit/internal/routes/routes.go:213.3,213.63 1 0
feedshit/internal/routes/routes.go:219.2,225.2 5 0
feedshit/internal/routes/routes.go:225.2,337.3 70 0
feedshit/internal/routes/routes.go:340.49,342.16 2 0
feedshit/internal/routes/routes.go:342.16,343.69 1 0
feedshit/internal/routes/routes.go:345.2,345.13 1 0
feedshit/internal/routes/routes.go:349.43,350.28 1 0
feedshit/internal/routes/routes.go:350.28,352.3 1 0
feedshit/internal/routes/routes.go:353.2,353.10 1 0
